[0.006s] Invoking command in '/home/andrewt/ROS2_WS/build/turtlebot3_simulations': CMAKE_PREFIX_PATH=/home/andrewt/ROS2_WS/install/turtlebot3_gazebo:/home/andrewt/ROS2_WS/install/turtlebot3_fake_node:/home/andrewt/ROS2_WS/install/turtlebot3_simulations:/home/andrewt/ROS2_WS/install/maze_solver:/opt/ros/humble /usr/bin/cmake --build /home/andrewt/ROS2_WS/build/turtlebot3_simulations -- -j20 -l20
[0.030s] Invoked command in '/home/andrewt/ROS2_WS/build/turtlebot3_simulations' returned '0': CMAKE_PREFIX_PATH=/home/andrewt/ROS2_WS/install/turtlebot3_gazebo:/home/andrewt/ROS2_WS/install/turtlebot3_fake_node:/home/andrewt/ROS2_WS/install/turtlebot3_simulations:/home/andrewt/ROS2_WS/install/maze_solver:/opt/ros/humble /usr/bin/cmake --build /home/andrewt/ROS2_WS/build/turtlebot3_simulations -- -j20 -l20
[0.031s] Invoking command in '/home/andrewt/ROS2_WS/build/turtlebot3_simulations': CMAKE_PREFIX_PATH=/home/andrewt/ROS2_WS/install/turtlebot3_gazebo:/home/andrewt/ROS2_WS/install/turtlebot3_fake_node:/home/andrewt/ROS2_WS/install/turtlebot3_simulations:/home/andrewt/ROS2_WS/install/maze_solver:/opt/ros/humble /usr/bin/cmake --install /home/andrewt/ROS2_WS/build/turtlebot3_simulations
[0.037s] -- Install configuration: ""
[0.037s] -- Up-to-date: /home/andrewt/ROS2_WS/install/turtlebot3_simulations/share/ament_index/resource_index/package_run_dependencies/turtlebot3_simulations
[0.037s] -- Up-to-date: /home/andrewt/ROS2_WS/install/turtlebot3_simulations/share/ament_index/resource_index/parent_prefix_path/turtlebot3_simulations
[0.037s] -- Up-to-date: /home/andrewt/ROS2_WS/install/turtlebot3_simulations/share/turtlebot3_simulations/environment/ament_prefix_path.sh
[0.037s] -- Up-to-date: /home/andrewt/ROS2_WS/install/turtlebot3_simulations/share/turtlebot3_simulations/environment/ament_prefix_path.dsv
[0.037s] -- Up-to-date: /home/andrewt/ROS2_WS/install/turtlebot3_simulations/share/turtlebot3_simulations/environment/path.sh
[0.037s] -- Up-to-date: /home/andrewt/ROS2_WS/install/turtlebot3_simulations/share/turtlebot3_simulations/environment/path.dsv
[0.037s] -- Up-to-date: /home/andrewt/ROS2_WS/install/turtlebot3_simulations/share/turtlebot3_simulations/local_setup.bash
[0.037s] -- Up-to-date: /home/andrewt/ROS2_WS/install/turtlebot3_simulations/share/turtlebot3_simulations/local_setup.sh
[0.037s] -- Up-to-date: /home/andrewt/ROS2_WS/install/turtlebot3_simulations/share/turtlebot3_simulations/local_setup.zsh
[0.037s] -- Up-to-date: /home/andrewt/ROS2_WS/install/turtlebot3_simulations/share/turtlebot3_simulations/local_setup.dsv
[0.037s] -- Installing: /home/andrewt/ROS2_WS/install/turtlebot3_simulations/share/turtlebot3_simulations/package.dsv
[0.037s] -- Up-to-date: /home/andrewt/ROS2_WS/install/turtlebot3_simulations/share/ament_index/resource_index/packages/turtlebot3_simulations
[0.037s] -- Up-to-date: /home/andrewt/ROS2_WS/install/turtlebot3_simulations/share/turtlebot3_simulations/cmake/turtlebot3_simulationsConfig.cmake
[0.037s] -- Up-to-date: /home/andrewt/ROS2_WS/install/turtlebot3_simulations/share/turtlebot3_simulations/cmake/turtlebot3_simulationsConfig-version.cmake
[0.038s] -- Up-to-date: /home/andrewt/ROS2_WS/install/turtlebot3_simulations/share/turtlebot3_simulations/package.xml
[0.038s] Invoked command in '/home/andrewt/ROS2_WS/build/turtlebot3_simulations' returned '0': CMAKE_PREFIX_PATH=/home/andrewt/ROS2_WS/install/turtlebot3_gazebo:/home/andrewt/ROS2_WS/install/turtlebot3_fake_node:/home/andrewt/ROS2_WS/install/turtlebot3_simulations:/home/andrewt/ROS2_WS/install/maze_solver:/opt/ros/humble /usr/bin/cmake --install /home/andrewt/ROS2_WS/build/turtlebot3_simulations
