[0.053s] DEBUG:colcon:Command line arguments: ['/usr/bin/colcon', 'build']
[0.053s] DEBUG:colcon:Parsed command line arguments: Namespace(log_base=None, log_level=None, verb_name='build', build_base='build', install_base='install', merge_install=False, symlink_install=False, test_result_base=None, continue_on_error=False, executor='parallel', parallel_workers=20, event_handlers=None, ignore_user_meta=False, metas=['./colcon.meta'], base_paths=['.'], packages_ignore=None, packages_ignore_regex=None, paths=None, packages_up_to=None, packages_up_to_regex=None, packages_above=None, packages_above_and_dependencies=None, packages_above_depth=None, packages_select_by_dep=None, packages_skip_by_dep=None, packages_skip_up_to=None, packages_select_build_failed=False, packages_skip_build_finished=False, packages_select_test_failures=False, packages_skip_test_passed=False, packages_select=None, packages_skip=None, packages_select_regex=None, packages_skip_regex=None, packages_start=None, packages_end=None, allow_overriding=[], cmake_args=None, cmake_target=None, cmake_target_skip_unavailable=False, cmake_clean_cache=False, cmake_clean_first=False, cmake_force_configure=False, ament_cmake_args=None, catkin_cmake_args=None, catkin_skip_building_tests=False, verb_parser=<colcon_defaults.argument_parser.defaults.DefaultArgumentsDecorator object at 0x7efdcd1b47f0>, verb_extension=<colcon_core.verb.build.BuildVerb object at 0x7efdcd33dd50>, main=<bound method BuildVerb.main of <colcon_core.verb.build.BuildVerb object at 0x7efdcd33dd50>>)
[0.139s] Level 1:colcon.colcon_core.package_discovery:discover_packages(colcon_meta) check parameters
[0.139s] Level 1:colcon.colcon_core.package_discovery:discover_packages(recursive) check parameters
[0.139s] Level 1:colcon.colcon_core.package_discovery:discover_packages(ignore) check parameters
[0.139s] Level 1:colcon.colcon_core.package_discovery:discover_packages(path) check parameters
[0.139s] Level 1:colcon.colcon_core.package_discovery:discover_packages(colcon_meta) discover
[0.139s] Level 1:colcon.colcon_core.package_discovery:discover_packages(recursive) discover
[0.139s] INFO:colcon.colcon_core.package_discovery:Crawling recursively for packages in '/home/andrewt/ROS2_WS'
[0.139s] Level 1:colcon.colcon_core.package_identification:_identify(.) by extensions ['ignore', 'ignore_ament_install']
[0.139s] Level 1:colcon.colcon_core.package_identification:_identify(.) by extension 'ignore'
[0.139s] Level 1:colcon.colcon_core.package_identification:_identify(.) by extension 'ignore_ament_install'
[0.139s] Level 1:colcon.colcon_core.package_identification:_identify(.) by extensions ['colcon_pkg']
[0.139s] Level 1:colcon.colcon_core.package_identification:_identify(.) by extension 'colcon_pkg'
[0.139s] Level 1:colcon.colcon_core.package_identification:_identify(.) by extensions ['colcon_meta']
[0.139s] Level 1:colcon.colcon_core.package_identification:_identify(.) by extension 'colcon_meta'
[0.139s] Level 1:colcon.colcon_core.package_identification:_identify(.) by extensions ['ros']
[0.139s] Level 1:colcon.colcon_core.package_identification:_identify(.) by extension 'ros'
[0.146s] Level 1:colcon.colcon_core.package_identification:_identify(.) by extensions ['cmake', 'python']
[0.146s] Level 1:colcon.colcon_core.package_identification:_identify(.) by extension 'cmake'
[0.146s] Level 1:colcon.colcon_core.package_identification:_identify(.) by extension 'python'
[0.146s] Level 1:colcon.colcon_core.package_identification:_identify(.) by extensions ['python_setup_py']
[0.146s] Level 1:colcon.colcon_core.package_identification:_identify(.) by extension 'python_setup_py'
[0.146s] Level 1:colcon.colcon_core.package_identification:_identify(build) by extensions ['ignore', 'ignore_ament_install']
[0.146s] Level 1:colcon.colcon_core.package_identification:_identify(build) by extension 'ignore'
[0.146s] Level 1:colcon.colcon_core.package_identification:_identify(build) ignored
[0.146s] Level 1:colcon.colcon_core.package_identification:_identify(install) by extensions ['ignore', 'ignore_ament_install']
[0.146s] Level 1:colcon.colcon_core.package_identification:_identify(install) by extension 'ignore'
[0.146s] Level 1:colcon.colcon_core.package_identification:_identify(install) ignored
[0.146s] Level 1:colcon.colcon_core.package_identification:_identify(log) by extensions ['ignore', 'ignore_ament_install']
[0.146s] Level 1:colcon.colcon_core.package_identification:_identify(log) by extension 'ignore'
[0.146s] Level 1:colcon.colcon_core.package_identification:_identify(log) ignored
[0.146s] Level 1:colcon.colcon_core.package_identification:_identify(src) by extensions ['ignore', 'ignore_ament_install']
[0.146s] Level 1:colcon.colcon_core.package_identification:_identify(src) by extension 'ignore'
[0.146s] Level 1:colcon.colcon_core.package_identification:_identify(src) by extension 'ignore_ament_install'
[0.146s] Level 1:colcon.colcon_core.package_identification:_identify(src) by extensions ['colcon_pkg']
[0.146s] Level 1:colcon.colcon_core.package_identification:_identify(src) by extension 'colcon_pkg'
[0.146s] Level 1:colcon.colcon_core.package_identification:_identify(src) by extensions ['colcon_meta']
[0.146s] Level 1:colcon.colcon_core.package_identification:_identify(src) by extension 'colcon_meta'
[0.146s] Level 1:colcon.colcon_core.package_identification:_identify(src) by extensions ['ros']
[0.146s] Level 1:colcon.colcon_core.package_identification:_identify(src) by extension 'ros'
[0.147s] Level 1:colcon.colcon_core.package_identification:_identify(src) by extensions ['cmake', 'python']
[0.147s] Level 1:colcon.colcon_core.package_identification:_identify(src) by extension 'cmake'
[0.147s] Level 1:colcon.colcon_core.package_identification:_identify(src) by extension 'python'
[0.147s] Level 1:colcon.colcon_core.package_identification:_identify(src) by extensions ['python_setup_py']
[0.147s] Level 1:colcon.colcon_core.package_identification:_identify(src) by extension 'python_setup_py'
[0.147s] Level 1:colcon.colcon_core.package_identification:_identify(src/TurtleBot3) by extensions ['ignore', 'ignore_ament_install']
[0.147s] Level 1:colcon.colcon_core.package_identification:_identify(src/TurtleBot3) by extension 'ignore'
[0.147s] Level 1:colcon.colcon_core.package_identification:_identify(src/TurtleBot3) by extension 'ignore_ament_install'
[0.147s] Level 1:colcon.colcon_core.package_identification:_identify(src/TurtleBot3) by extensions ['colcon_pkg']
[0.147s] Level 1:colcon.colcon_core.package_identification:_identify(src/TurtleBot3) by extension 'colcon_pkg'
[0.147s] Level 1:colcon.colcon_core.package_identification:_identify(src/TurtleBot3) by extensions ['colcon_meta']
[0.147s] Level 1:colcon.colcon_core.package_identification:_identify(src/TurtleBot3) by extension 'colcon_meta'
[0.147s] Level 1:colcon.colcon_core.package_identification:_identify(src/TurtleBot3) by extensions ['ros']
[0.147s] Level 1:colcon.colcon_core.package_identification:_identify(src/TurtleBot3) by extension 'ros'
[0.147s] Level 1:colcon.colcon_core.package_identification:_identify(src/TurtleBot3) by extensions ['cmake', 'python']
[0.147s] Level 1:colcon.colcon_core.package_identification:_identify(src/TurtleBot3) by extension 'cmake'
[0.147s] Level 1:colcon.colcon_core.package_identification:_identify(src/TurtleBot3) by extension 'python'
[0.147s] Level 1:colcon.colcon_core.package_identification:_identify(src/TurtleBot3) by extensions ['python_setup_py']
[0.147s] Level 1:colcon.colcon_core.package_identification:_identify(src/TurtleBot3) by extension 'python_setup_py'
[0.147s] Level 1:colcon.colcon_core.package_identification:_identify(src/TurtleBot3/build) by extensions ['ignore', 'ignore_ament_install']
[0.147s] Level 1:colcon.colcon_core.package_identification:_identify(src/TurtleBot3/build) by extension 'ignore'
[0.147s] Level 1:colcon.colcon_core.package_identification:_identify(src/TurtleBot3/build) ignored
[0.147s] Level 1:colcon.colcon_core.package_identification:_identify(src/TurtleBot3/install) by extensions ['ignore', 'ignore_ament_install']
[0.147s] Level 1:colcon.colcon_core.package_identification:_identify(src/TurtleBot3/install) by extension 'ignore'
[0.147s] Level 1:colcon.colcon_core.package_identification:_identify(src/TurtleBot3/install) ignored
[0.147s] Level 1:colcon.colcon_core.package_identification:_identify(src/TurtleBot3/log) by extensions ['ignore', 'ignore_ament_install']
[0.147s] Level 1:colcon.colcon_core.package_identification:_identify(src/TurtleBot3/log) by extension 'ignore'
[0.147s] Level 1:colcon.colcon_core.package_identification:_identify(src/TurtleBot3/log) ignored
[0.147s] Level 1:colcon.colcon_core.package_identification:_identify(src/TurtleBot3/src) by extensions ['ignore', 'ignore_ament_install']
[0.147s] Level 1:colcon.colcon_core.package_identification:_identify(src/TurtleBot3/src) by extension 'ignore'
[0.147s] Level 1:colcon.colcon_core.package_identification:_identify(src/TurtleBot3/src) by extension 'ignore_ament_install'
[0.147s] Level 1:colcon.colcon_core.package_identification:_identify(src/TurtleBot3/src) by extensions ['colcon_pkg']
[0.147s] Level 1:colcon.colcon_core.package_identification:_identify(src/TurtleBot3/src) by extension 'colcon_pkg'
[0.147s] Level 1:colcon.colcon_core.package_identification:_identify(src/TurtleBot3/src) by extensions ['colcon_meta']
[0.147s] Level 1:colcon.colcon_core.package_identification:_identify(src/TurtleBot3/src) by extension 'colcon_meta'
[0.147s] Level 1:colcon.colcon_core.package_identification:_identify(src/TurtleBot3/src) by extensions ['ros']
[0.147s] Level 1:colcon.colcon_core.package_identification:_identify(src/TurtleBot3/src) by extension 'ros'
[0.147s] Level 1:colcon.colcon_core.package_identification:_identify(src/TurtleBot3/src) by extensions ['cmake', 'python']
[0.147s] Level 1:colcon.colcon_core.package_identification:_identify(src/TurtleBot3/src) by extension 'cmake'
[0.147s] Level 1:colcon.colcon_core.package_identification:_identify(src/TurtleBot3/src) by extension 'python'
[0.147s] Level 1:colcon.colcon_core.package_identification:_identify(src/TurtleBot3/src) by extensions ['python_setup_py']
[0.147s] Level 1:colcon.colcon_core.package_identification:_identify(src/TurtleBot3/src) by extension 'python_setup_py'
[0.148s] Level 1:colcon.colcon_core.package_identification:_identify(src/build) by extensions ['ignore', 'ignore_ament_install']
[0.148s] Level 1:colcon.colcon_core.package_identification:_identify(src/build) by extension 'ignore'
[0.148s] Level 1:colcon.colcon_core.package_identification:_identify(src/build) ignored
[0.148s] Level 1:colcon.colcon_core.package_identification:_identify(src/install) by extensions ['ignore', 'ignore_ament_install']
[0.148s] Level 1:colcon.colcon_core.package_identification:_identify(src/install) by extension 'ignore'
[0.148s] Level 1:colcon.colcon_core.package_identification:_identify(src/install) ignored
[0.148s] Level 1:colcon.colcon_core.package_identification:_identify(src/log) by extensions ['ignore', 'ignore_ament_install']
[0.148s] Level 1:colcon.colcon_core.package_identification:_identify(src/log) by extension 'ignore'
[0.148s] Level 1:colcon.colcon_core.package_identification:_identify(src/log) ignored
[0.148s] Level 1:colcon.colcon_core.package_identification:_identify(src/maze_solver) by extensions ['ignore', 'ignore_ament_install']
[0.148s] Level 1:colcon.colcon_core.package_identification:_identify(src/maze_solver) by extension 'ignore'
[0.148s] Level 1:colcon.colcon_core.package_identification:_identify(src/maze_solver) by extension 'ignore_ament_install'
[0.148s] Level 1:colcon.colcon_core.package_identification:_identify(src/maze_solver) by extensions ['colcon_pkg']
[0.148s] Level 1:colcon.colcon_core.package_identification:_identify(src/maze_solver) by extension 'colcon_pkg'
[0.148s] Level 1:colcon.colcon_core.package_identification:_identify(src/maze_solver) by extensions ['colcon_meta']
[0.148s] Level 1:colcon.colcon_core.package_identification:_identify(src/maze_solver) by extension 'colcon_meta'
[0.148s] Level 1:colcon.colcon_core.package_identification:_identify(src/maze_solver) by extensions ['ros']
[0.148s] Level 1:colcon.colcon_core.package_identification:_identify(src/maze_solver) by extension 'ros'
[0.149s] DEBUG:colcon.colcon_core.package_identification:Package 'src/maze_solver' with type 'ros.ament_cmake' and name 'maze_solver'
[0.149s] Level 1:colcon.colcon_core.package_identification:_identify(src/turtlebot3_simulations) by extensions ['ignore', 'ignore_ament_install']
[0.150s] Level 1:colcon.colcon_core.package_identification:_identify(src/turtlebot3_simulations) by extension 'ignore'
[0.150s] Level 1:colcon.colcon_core.package_identification:_identify(src/turtlebot3_simulations) by extension 'ignore_ament_install'
[0.150s] Level 1:colcon.colcon_core.package_identification:_identify(src/turtlebot3_simulations) by extensions ['colcon_pkg']
[0.150s] Level 1:colcon.colcon_core.package_identification:_identify(src/turtlebot3_simulations) by extension 'colcon_pkg'
[0.150s] Level 1:colcon.colcon_core.package_identification:_identify(src/turtlebot3_simulations) by extensions ['colcon_meta']
[0.150s] Level 1:colcon.colcon_core.package_identification:_identify(src/turtlebot3_simulations) by extension 'colcon_meta'
[0.150s] Level 1:colcon.colcon_core.package_identification:_identify(src/turtlebot3_simulations) by extensions ['ros']
[0.150s] Level 1:colcon.colcon_core.package_identification:_identify(src/turtlebot3_simulations) by extension 'ros'
[0.150s] Level 1:colcon.colcon_core.package_identification:_identify(src/turtlebot3_simulations) by extensions ['cmake', 'python']
[0.150s] Level 1:colcon.colcon_core.package_identification:_identify(src/turtlebot3_simulations) by extension 'cmake'
[0.150s] Level 1:colcon.colcon_core.package_identification:_identify(src/turtlebot3_simulations) by extension 'python'
[0.150s] Level 1:colcon.colcon_core.package_identification:_identify(src/turtlebot3_simulations) by extensions ['python_setup_py']
[0.150s] Level 1:colcon.colcon_core.package_identification:_identify(src/turtlebot3_simulations) by extension 'python_setup_py'
[0.150s] Level 1:colcon.colcon_core.package_identification:_identify(src/turtlebot3_simulations/turtlebot3_fake_node) by extensions ['ignore', 'ignore_ament_install']
[0.150s] Level 1:colcon.colcon_core.package_identification:_identify(src/turtlebot3_simulations/turtlebot3_fake_node) by extension 'ignore'
[0.150s] Level 1:colcon.colcon_core.package_identification:_identify(src/turtlebot3_simulations/turtlebot3_fake_node) by extension 'ignore_ament_install'
[0.150s] Level 1:colcon.colcon_core.package_identification:_identify(src/turtlebot3_simulations/turtlebot3_fake_node) by extensions ['colcon_pkg']
[0.150s] Level 1:colcon.colcon_core.package_identification:_identify(src/turtlebot3_simulations/turtlebot3_fake_node) by extension 'colcon_pkg'
[0.150s] Level 1:colcon.colcon_core.package_identification:_identify(src/turtlebot3_simulations/turtlebot3_fake_node) by extensions ['colcon_meta']
[0.150s] Level 1:colcon.colcon_core.package_identification:_identify(src/turtlebot3_simulations/turtlebot3_fake_node) by extension 'colcon_meta'
[0.150s] Level 1:colcon.colcon_core.package_identification:_identify(src/turtlebot3_simulations/turtlebot3_fake_node) by extensions ['ros']
[0.150s] Level 1:colcon.colcon_core.package_identification:_identify(src/turtlebot3_simulations/turtlebot3_fake_node) by extension 'ros'
[0.151s] DEBUG:colcon.colcon_core.package_identification:Package 'src/turtlebot3_simulations/turtlebot3_fake_node' with type 'ros.ament_cmake' and name 'turtlebot3_fake_node'
[0.151s] Level 1:colcon.colcon_core.package_identification:_identify(src/turtlebot3_simulations/turtlebot3_gazebo) by extensions ['ignore', 'ignore_ament_install']
[0.151s] Level 1:colcon.colcon_core.package_identification:_identify(src/turtlebot3_simulations/turtlebot3_gazebo) by extension 'ignore'
[0.151s] Level 1:colcon.colcon_core.package_identification:_identify(src/turtlebot3_simulations/turtlebot3_gazebo) by extension 'ignore_ament_install'
[0.151s] Level 1:colcon.colcon_core.package_identification:_identify(src/turtlebot3_simulations/turtlebot3_gazebo) by extensions ['colcon_pkg']
[0.151s] Level 1:colcon.colcon_core.package_identification:_identify(src/turtlebot3_simulations/turtlebot3_gazebo) by extension 'colcon_pkg'
[0.151s] Level 1:colcon.colcon_core.package_identification:_identify(src/turtlebot3_simulations/turtlebot3_gazebo) by extensions ['colcon_meta']
[0.151s] Level 1:colcon.colcon_core.package_identification:_identify(src/turtlebot3_simulations/turtlebot3_gazebo) by extension 'colcon_meta'
[0.151s] Level 1:colcon.colcon_core.package_identification:_identify(src/turtlebot3_simulations/turtlebot3_gazebo) by extensions ['ros']
[0.151s] Level 1:colcon.colcon_core.package_identification:_identify(src/turtlebot3_simulations/turtlebot3_gazebo) by extension 'ros'
[0.151s] DEBUG:colcon.colcon_core.package_identification:Package 'src/turtlebot3_simulations/turtlebot3_gazebo' with type 'ros.ament_cmake' and name 'turtlebot3_gazebo'
[0.152s] Level 1:colcon.colcon_core.package_identification:_identify(src/turtlebot3_simulations/turtlebot3_simulations) by extensions ['ignore', 'ignore_ament_install']
[0.152s] Level 1:colcon.colcon_core.package_identification:_identify(src/turtlebot3_simulations/turtlebot3_simulations) by extension 'ignore'
[0.152s] Level 1:colcon.colcon_core.package_identification:_identify(src/turtlebot3_simulations/turtlebot3_simulations) by extension 'ignore_ament_install'
[0.152s] Level 1:colcon.colcon_core.package_identification:_identify(src/turtlebot3_simulations/turtlebot3_simulations) by extensions ['colcon_pkg']
[0.152s] Level 1:colcon.colcon_core.package_identification:_identify(src/turtlebot3_simulations/turtlebot3_simulations) by extension 'colcon_pkg'
[0.152s] Level 1:colcon.colcon_core.package_identification:_identify(src/turtlebot3_simulations/turtlebot3_simulations) by extensions ['colcon_meta']
[0.152s] Level 1:colcon.colcon_core.package_identification:_identify(src/turtlebot3_simulations/turtlebot3_simulations) by extension 'colcon_meta'
[0.152s] Level 1:colcon.colcon_core.package_identification:_identify(src/turtlebot3_simulations/turtlebot3_simulations) by extensions ['ros']
[0.152s] Level 1:colcon.colcon_core.package_identification:_identify(src/turtlebot3_simulations/turtlebot3_simulations) by extension 'ros'
[0.152s] DEBUG:colcon.colcon_core.package_identification:Package 'src/turtlebot3_simulations/turtlebot3_simulations' with type 'ros.ament_cmake' and name 'turtlebot3_simulations'
[0.152s] Level 1:colcon.colcon_core.package_discovery:discover_packages(recursive) using defaults
[0.152s] Level 1:colcon.colcon_core.package_discovery:discover_packages(ignore) discover
[0.152s] Level 1:colcon.colcon_core.package_discovery:discover_packages(ignore) using defaults
[0.152s] Level 1:colcon.colcon_core.package_discovery:discover_packages(path) discover
[0.152s] Level 1:colcon.colcon_core.package_discovery:discover_packages(path) using defaults
[0.169s] Level 1:colcon.colcon_core.package_discovery:discover_packages(prefix_path) check parameters
[0.169s] Level 1:colcon.colcon_core.package_discovery:discover_packages(prefix_path) discover
[0.170s] DEBUG:colcon.colcon_installed_package_information.package_discovery:Found 4 installed packages in /home/andrewt/ROS2_WS/install
[0.171s] DEBUG:colcon.colcon_installed_package_information.package_discovery:Found 395 installed packages in /opt/ros/humble
[0.172s] Level 1:colcon.colcon_core.package_discovery:discover_packages(prefix_path) using defaults
[0.197s] Level 5:colcon.colcon_core.verb:set package 'maze_solver' build argument 'cmake_args' from command line to 'None'
[0.197s] Level 5:colcon.colcon_core.verb:set package 'maze_solver' build argument 'cmake_target' from command line to 'None'
[0.197s] Level 5:colcon.colcon_core.verb:set package 'maze_solver' build argument 'cmake_target_skip_unavailable' from command line to 'False'
[0.197s] Level 5:colcon.colcon_core.verb:set package 'maze_solver' build argument 'cmake_clean_cache' from command line to 'False'
[0.197s] Level 5:colcon.colcon_core.verb:set package 'maze_solver' build argument 'cmake_clean_first' from command line to 'False'
[0.197s] Level 5:colcon.colcon_core.verb:set package 'maze_solver' build argument 'cmake_force_configure' from command line to 'False'
[0.198s] Level 5:colcon.colcon_core.verb:set package 'maze_solver' build argument 'ament_cmake_args' from command line to 'None'
[0.198s] Level 5:colcon.colcon_core.verb:set package 'maze_solver' build argument 'catkin_cmake_args' from command line to 'None'
[0.198s] Level 5:colcon.colcon_core.verb:set package 'maze_solver' build argument 'catkin_skip_building_tests' from command line to 'False'
[0.198s] DEBUG:colcon.colcon_core.verb:Building package 'maze_solver' with the following arguments: {'ament_cmake_args': None, 'build_base': '/home/andrewt/ROS2_WS/build/maze_solver', 'catkin_cmake_args': None, 'catkin_skip_building_tests': False, 'cmake_args': None, 'cmake_clean_cache': False, 'cmake_clean_first': False, 'cmake_force_configure': False, 'cmake_target': None, 'cmake_target_skip_unavailable': False, 'install_base': '/home/andrewt/ROS2_WS/install/maze_solver', 'merge_install': False, 'path': '/home/andrewt/ROS2_WS/src/maze_solver', 'symlink_install': False, 'test_result_base': None}
[0.198s] Level 5:colcon.colcon_core.verb:set package 'turtlebot3_fake_node' build argument 'cmake_args' from command line to 'None'
[0.198s] Level 5:colcon.colcon_core.verb:set package 'turtlebot3_fake_node' build argument 'cmake_target' from command line to 'None'
[0.198s] Level 5:colcon.colcon_core.verb:set package 'turtlebot3_fake_node' build argument 'cmake_target_skip_unavailable' from command line to 'False'
[0.198s] Level 5:colcon.colcon_core.verb:set package 'turtlebot3_fake_node' build argument 'cmake_clean_cache' from command line to 'False'
[0.198s] Level 5:colcon.colcon_core.verb:set package 'turtlebot3_fake_node' build argument 'cmake_clean_first' from command line to 'False'
[0.198s] Level 5:colcon.colcon_core.verb:set package 'turtlebot3_fake_node' build argument 'cmake_force_configure' from command line to 'False'
[0.198s] Level 5:colcon.colcon_core.verb:set package 'turtlebot3_fake_node' build argument 'ament_cmake_args' from command line to 'None'
[0.198s] Level 5:colcon.colcon_core.verb:set package 'turtlebot3_fake_node' build argument 'catkin_cmake_args' from command line to 'None'
[0.198s] Level 5:colcon.colcon_core.verb:set package 'turtlebot3_fake_node' build argument 'catkin_skip_building_tests' from command line to 'False'
[0.198s] DEBUG:colcon.colcon_core.verb:Building package 'turtlebot3_fake_node' with the following arguments: {'ament_cmake_args': None, 'build_base': '/home/andrewt/ROS2_WS/build/turtlebot3_fake_node', 'catkin_cmake_args': None, 'catkin_skip_building_tests': False, 'cmake_args': None, 'cmake_clean_cache': False, 'cmake_clean_first': False, 'cmake_force_configure': False, 'cmake_target': None, 'cmake_target_skip_unavailable': False, 'install_base': '/home/andrewt/ROS2_WS/install/turtlebot3_fake_node', 'merge_install': False, 'path': '/home/andrewt/ROS2_WS/src/turtlebot3_simulations/turtlebot3_fake_node', 'symlink_install': False, 'test_result_base': None}
[0.198s] Level 5:colcon.colcon_core.verb:set package 'turtlebot3_gazebo' build argument 'cmake_args' from command line to 'None'
[0.198s] Level 5:colcon.colcon_core.verb:set package 'turtlebot3_gazebo' build argument 'cmake_target' from command line to 'None'
[0.198s] Level 5:colcon.colcon_core.verb:set package 'turtlebot3_gazebo' build argument 'cmake_target_skip_unavailable' from command line to 'False'
[0.198s] Level 5:colcon.colcon_core.verb:set package 'turtlebot3_gazebo' build argument 'cmake_clean_cache' from command line to 'False'
[0.198s] Level 5:colcon.colcon_core.verb:set package 'turtlebot3_gazebo' build argument 'cmake_clean_first' from command line to 'False'
[0.198s] Level 5:colcon.colcon_core.verb:set package 'turtlebot3_gazebo' build argument 'cmake_force_configure' from command line to 'False'
[0.198s] Level 5:colcon.colcon_core.verb:set package 'turtlebot3_gazebo' build argument 'ament_cmake_args' from command line to 'None'
[0.198s] Level 5:colcon.colcon_core.verb:set package 'turtlebot3_gazebo' build argument 'catkin_cmake_args' from command line to 'None'
[0.198s] Level 5:colcon.colcon_core.verb:set package 'turtlebot3_gazebo' build argument 'catkin_skip_building_tests' from command line to 'False'
[0.198s] DEBUG:colcon.colcon_core.verb:Building package 'turtlebot3_gazebo' with the following arguments: {'ament_cmake_args': None, 'build_base': '/home/andrewt/ROS2_WS/build/turtlebot3_gazebo', 'catkin_cmake_args': None, 'catkin_skip_building_tests': False, 'cmake_args': None, 'cmake_clean_cache': False, 'cmake_clean_first': False, 'cmake_force_configure': False, 'cmake_target': None, 'cmake_target_skip_unavailable': False, 'install_base': '/home/andrewt/ROS2_WS/install/turtlebot3_gazebo', 'merge_install': False, 'path': '/home/andrewt/ROS2_WS/src/turtlebot3_simulations/turtlebot3_gazebo', 'symlink_install': False, 'test_result_base': None}
[0.198s] Level 5:colcon.colcon_core.verb:set package 'turtlebot3_simulations' build argument 'cmake_args' from command line to 'None'
[0.198s] Level 5:colcon.colcon_core.verb:set package 'turtlebot3_simulations' build argument 'cmake_target' from command line to 'None'
[0.198s] Level 5:colcon.colcon_core.verb:set package 'turtlebot3_simulations' build argument 'cmake_target_skip_unavailable' from command line to 'False'
[0.198s] Level 5:colcon.colcon_core.verb:set package 'turtlebot3_simulations' build argument 'cmake_clean_cache' from command line to 'False'
[0.198s] Level 5:colcon.colcon_core.verb:set package 'turtlebot3_simulations' build argument 'cmake_clean_first' from command line to 'False'
[0.198s] Level 5:colcon.colcon_core.verb:set package 'turtlebot3_simulations' build argument 'cmake_force_configure' from command line to 'False'
[0.198s] Level 5:colcon.colcon_core.verb:set package 'turtlebot3_simulations' build argument 'ament_cmake_args' from command line to 'None'
[0.198s] Level 5:colcon.colcon_core.verb:set package 'turtlebot3_simulations' build argument 'catkin_cmake_args' from command line to 'None'
[0.198s] Level 5:colcon.colcon_core.verb:set package 'turtlebot3_simulations' build argument 'catkin_skip_building_tests' from command line to 'False'
[0.198s] DEBUG:colcon.colcon_core.verb:Building package 'turtlebot3_simulations' with the following arguments: {'ament_cmake_args': None, 'build_base': '/home/andrewt/ROS2_WS/build/turtlebot3_simulations', 'catkin_cmake_args': None, 'catkin_skip_building_tests': False, 'cmake_args': None, 'cmake_clean_cache': False, 'cmake_clean_first': False, 'cmake_force_configure': False, 'cmake_target': None, 'cmake_target_skip_unavailable': False, 'install_base': '/home/andrewt/ROS2_WS/install/turtlebot3_simulations', 'merge_install': False, 'path': '/home/andrewt/ROS2_WS/src/turtlebot3_simulations/turtlebot3_simulations', 'symlink_install': False, 'test_result_base': None}
[0.199s] INFO:colcon.colcon_core.executor:Executing jobs using 'parallel' executor
[0.199s] DEBUG:colcon.colcon_parallel_executor.executor.parallel:run_until_complete
[0.199s] INFO:colcon.colcon_ros.task.ament_cmake.build:Building ROS package in '/home/andrewt/ROS2_WS/src/turtlebot3_simulations/turtlebot3_fake_node' with build type 'ament_cmake'
[0.199s] INFO:colcon.colcon_cmake.task.cmake.build:Building CMake package in '/home/andrewt/ROS2_WS/src/turtlebot3_simulations/turtlebot3_fake_node'
[0.201s] INFO:colcon.colcon_core.plugin_system:Skipping extension 'colcon_core.shell.bat': Not used on non-Windows systems
[0.201s] INFO:colcon.colcon_core.shell:Skip shell extension 'powershell' for command environment: Not usable outside of PowerShell
[0.201s] DEBUG:colcon.colcon_core.shell:Skip shell extension 'dsv' for command environment
[0.203s] INFO:colcon.colcon_ros.task.ament_cmake.build:Building ROS package in '/home/andrewt/ROS2_WS/src/turtlebot3_simulations/turtlebot3_gazebo' with build type 'ament_cmake'
[0.203s] INFO:colcon.colcon_cmake.task.cmake.build:Building CMake package in '/home/andrewt/ROS2_WS/src/turtlebot3_simulations/turtlebot3_gazebo'
[0.203s] INFO:colcon.colcon_core.shell:Skip shell extension 'powershell' for command environment: Not usable outside of PowerShell
[0.203s] DEBUG:colcon.colcon_core.shell:Skip shell extension 'dsv' for command environment
[0.205s] INFO:colcon.colcon_ros.task.ament_cmake.build:Building ROS package in '/home/andrewt/ROS2_WS/src/maze_solver' with build type 'ament_cmake'
[0.205s] INFO:colcon.colcon_cmake.task.cmake.build:Building CMake package in '/home/andrewt/ROS2_WS/src/maze_solver'
[0.205s] INFO:colcon.colcon_core.shell:Skip shell extension 'powershell' for command environment: Not usable outside of PowerShell
[0.205s] DEBUG:colcon.colcon_core.shell:Skip shell extension 'dsv' for command environment
[0.212s] DEBUG:colcon.colcon_core.event_handler.log_command:Invoking command in '/home/andrewt/ROS2_WS/build/turtlebot3_fake_node': CMAKE_PREFIX_PATH=${CMAKE_PREFIX_PATH}:/opt/ros/humble /usr/bin/cmake --build /home/andrewt/ROS2_WS/build/turtlebot3_fake_node -- -j20 -l20
[0.214s] DEBUG:colcon.colcon_core.event_handler.log_command:Invoking command in '/home/andrewt/ROS2_WS/build/turtlebot3_gazebo': CMAKE_PREFIX_PATH=${CMAKE_PREFIX_PATH}:/opt/ros/humble /usr/bin/cmake --build /home/andrewt/ROS2_WS/build/turtlebot3_gazebo -- -j20 -l20
[0.215s] DEBUG:colcon.colcon_core.event_handler.log_command:Invoking command in '/home/andrewt/ROS2_WS/build/maze_solver': CMAKE_PREFIX_PATH=${CMAKE_PREFIX_PATH}:/opt/ros/humble /usr/bin/cmake --build /home/andrewt/ROS2_WS/build/maze_solver -- -j20 -l20
[0.242s] DEBUG:colcon.colcon_core.event_handler.log_command:Invoked command in '/home/andrewt/ROS2_WS/build/maze_solver' returned '0': CMAKE_PREFIX_PATH=${CMAKE_PREFIX_PATH}:/opt/ros/humble /usr/bin/cmake --build /home/andrewt/ROS2_WS/build/maze_solver -- -j20 -l20
[0.248s] DEBUG:colcon.colcon_core.event_handler.log_command:Invoking command in '/home/andrewt/ROS2_WS/build/maze_solver': CMAKE_PREFIX_PATH=${CMAKE_PREFIX_PATH}:/opt/ros/humble /usr/bin/cmake --install /home/andrewt/ROS2_WS/build/maze_solver
[0.256s] Level 1:colcon.colcon_core.environment:create_environment_scripts_only(maze_solver)
[0.257s] DEBUG:colcon.colcon_core.event_handler.log_command:Invoked command in '/home/andrewt/ROS2_WS/build/maze_solver' returned '0': CMAKE_PREFIX_PATH=${CMAKE_PREFIX_PATH}:/opt/ros/humble /usr/bin/cmake --install /home/andrewt/ROS2_WS/build/maze_solver
[0.258s] Level 1:colcon.colcon_core.environment:checking '/home/andrewt/ROS2_WS/install/maze_solver' for CMake module files
[0.258s] Level 1:colcon.colcon_core.environment:checking '/home/andrewt/ROS2_WS/install/maze_solver' for CMake config files
[0.258s] Level 1:colcon.colcon_core.shell:create_environment_hook('maze_solver', 'cmake_prefix_path')
[0.258s] INFO:colcon.colcon_core.shell:Creating environment hook '/home/andrewt/ROS2_WS/install/maze_solver/share/maze_solver/hook/cmake_prefix_path.ps1'
[0.259s] INFO:colcon.colcon_core.shell:Creating environment descriptor '/home/andrewt/ROS2_WS/install/maze_solver/share/maze_solver/hook/cmake_prefix_path.dsv'
[0.259s] INFO:colcon.colcon_core.shell:Creating environment hook '/home/andrewt/ROS2_WS/install/maze_solver/share/maze_solver/hook/cmake_prefix_path.sh'
[0.259s] Level 1:colcon.colcon_core.environment:checking '/home/andrewt/ROS2_WS/install/maze_solver/bin'
[0.259s] Level 1:colcon.colcon_core.environment:checking '/home/andrewt/ROS2_WS/install/maze_solver/lib/pkgconfig/maze_solver.pc'
[0.259s] Level 1:colcon.colcon_core.environment:checking '/home/andrewt/ROS2_WS/install/maze_solver/lib/python3.10/site-packages'
[0.260s] Level 1:colcon.colcon_core.environment:checking '/home/andrewt/ROS2_WS/install/maze_solver/bin'
[0.260s] INFO:colcon.colcon_core.shell:Creating package script '/home/andrewt/ROS2_WS/install/maze_solver/share/maze_solver/package.ps1'
[0.260s] INFO:colcon.colcon_core.shell:Creating package descriptor '/home/andrewt/ROS2_WS/install/maze_solver/share/maze_solver/package.dsv'
[0.261s] INFO:colcon.colcon_core.shell:Creating package script '/home/andrewt/ROS2_WS/install/maze_solver/share/maze_solver/package.sh'
[0.261s] INFO:colcon.colcon_core.shell:Creating package script '/home/andrewt/ROS2_WS/install/maze_solver/share/maze_solver/package.bash'
[0.261s] INFO:colcon.colcon_core.shell:Creating package script '/home/andrewt/ROS2_WS/install/maze_solver/share/maze_solver/package.zsh'
[0.262s] Level 1:colcon.colcon_core.environment:create_file_with_runtime_dependencies(/home/andrewt/ROS2_WS/install/maze_solver/share/colcon-core/packages/maze_solver)
[0.262s] Level 1:colcon.colcon_core.environment:create_environment_scripts_only(maze_solver)
[0.262s] Level 1:colcon.colcon_core.environment:checking '/home/andrewt/ROS2_WS/install/maze_solver' for CMake module files
[0.262s] Level 1:colcon.colcon_core.environment:checking '/home/andrewt/ROS2_WS/install/maze_solver' for CMake config files
[0.262s] Level 1:colcon.colcon_core.shell:create_environment_hook('maze_solver', 'cmake_prefix_path')
[0.263s] INFO:colcon.colcon_core.shell:Creating environment hook '/home/andrewt/ROS2_WS/install/maze_solver/share/maze_solver/hook/cmake_prefix_path.ps1'
[0.263s] INFO:colcon.colcon_core.shell:Creating environment descriptor '/home/andrewt/ROS2_WS/install/maze_solver/share/maze_solver/hook/cmake_prefix_path.dsv'
[0.263s] INFO:colcon.colcon_core.shell:Creating environment hook '/home/andrewt/ROS2_WS/install/maze_solver/share/maze_solver/hook/cmake_prefix_path.sh'
[0.263s] Level 1:colcon.colcon_core.environment:checking '/home/andrewt/ROS2_WS/install/maze_solver/bin'
[0.263s] Level 1:colcon.colcon_core.environment:checking '/home/andrewt/ROS2_WS/install/maze_solver/lib/pkgconfig/maze_solver.pc'
[0.263s] Level 1:colcon.colcon_core.environment:checking '/home/andrewt/ROS2_WS/install/maze_solver/lib/python3.10/site-packages'
[0.263s] Level 1:colcon.colcon_core.environment:checking '/home/andrewt/ROS2_WS/install/maze_solver/bin'
[0.264s] INFO:colcon.colcon_core.shell:Creating package script '/home/andrewt/ROS2_WS/install/maze_solver/share/maze_solver/package.ps1'
[0.264s] INFO:colcon.colcon_core.shell:Creating package descriptor '/home/andrewt/ROS2_WS/install/maze_solver/share/maze_solver/package.dsv'
[0.264s] INFO:colcon.colcon_core.shell:Creating package script '/home/andrewt/ROS2_WS/install/maze_solver/share/maze_solver/package.sh'
[0.264s] INFO:colcon.colcon_core.shell:Creating package script '/home/andrewt/ROS2_WS/install/maze_solver/share/maze_solver/package.bash'
[0.265s] INFO:colcon.colcon_core.shell:Creating package script '/home/andrewt/ROS2_WS/install/maze_solver/share/maze_solver/package.zsh'
[0.265s] Level 1:colcon.colcon_core.environment:create_file_with_runtime_dependencies(/home/andrewt/ROS2_WS/install/maze_solver/share/colcon-core/packages/maze_solver)
[0.266s] DEBUG:colcon.colcon_core.event_handler.log_command:Invoked command in '/home/andrewt/ROS2_WS/build/turtlebot3_fake_node' returned '0': CMAKE_PREFIX_PATH=${CMAKE_PREFIX_PATH}:/opt/ros/humble /usr/bin/cmake --build /home/andrewt/ROS2_WS/build/turtlebot3_fake_node -- -j20 -l20
[0.267s] DEBUG:colcon.colcon_core.event_handler.log_command:Invoking command in '/home/andrewt/ROS2_WS/build/turtlebot3_fake_node': CMAKE_PREFIX_PATH=${CMAKE_PREFIX_PATH}:/opt/ros/humble /usr/bin/cmake --install /home/andrewt/ROS2_WS/build/turtlebot3_fake_node
[0.274s] Level 1:colcon.colcon_core.environment:create_environment_scripts_only(turtlebot3_fake_node)
[0.274s] Level 1:colcon.colcon_core.environment:checking '/home/andrewt/ROS2_WS/install/turtlebot3_fake_node' for CMake module files
[0.275s] DEBUG:colcon.colcon_core.event_handler.log_command:Invoked command in '/home/andrewt/ROS2_WS/build/turtlebot3_fake_node' returned '0': CMAKE_PREFIX_PATH=${CMAKE_PREFIX_PATH}:/opt/ros/humble /usr/bin/cmake --install /home/andrewt/ROS2_WS/build/turtlebot3_fake_node
[0.275s] Level 1:colcon.colcon_core.environment:checking '/home/andrewt/ROS2_WS/install/turtlebot3_fake_node' for CMake config files
[0.275s] Level 1:colcon.colcon_core.shell:create_environment_hook('turtlebot3_fake_node', 'cmake_prefix_path')
[0.275s] INFO:colcon.colcon_core.shell:Creating environment hook '/home/andrewt/ROS2_WS/install/turtlebot3_fake_node/share/turtlebot3_fake_node/hook/cmake_prefix_path.ps1'
[0.275s] INFO:colcon.colcon_core.shell:Creating environment descriptor '/home/andrewt/ROS2_WS/install/turtlebot3_fake_node/share/turtlebot3_fake_node/hook/cmake_prefix_path.dsv'
[0.275s] INFO:colcon.colcon_core.shell:Creating environment hook '/home/andrewt/ROS2_WS/install/turtlebot3_fake_node/share/turtlebot3_fake_node/hook/cmake_prefix_path.sh'
[0.276s] Level 1:colcon.colcon_core.environment:checking '/home/andrewt/ROS2_WS/install/turtlebot3_fake_node/lib'
[0.276s] Level 1:colcon.colcon_core.environment:checking '/home/andrewt/ROS2_WS/install/turtlebot3_fake_node/bin'
[0.276s] Level 1:colcon.colcon_core.environment:checking '/home/andrewt/ROS2_WS/install/turtlebot3_fake_node/lib/pkgconfig/turtlebot3_fake_node.pc'
[0.276s] Level 1:colcon.colcon_core.environment:checking '/home/andrewt/ROS2_WS/install/turtlebot3_fake_node/lib/python3.10/site-packages'
[0.276s] Level 1:colcon.colcon_core.environment:checking '/home/andrewt/ROS2_WS/install/turtlebot3_fake_node/bin'
[0.276s] INFO:colcon.colcon_core.shell:Creating package script '/home/andrewt/ROS2_WS/install/turtlebot3_fake_node/share/turtlebot3_fake_node/package.ps1'
[0.276s] INFO:colcon.colcon_core.shell:Creating package descriptor '/home/andrewt/ROS2_WS/install/turtlebot3_fake_node/share/turtlebot3_fake_node/package.dsv'
[0.277s] INFO:colcon.colcon_core.shell:Creating package script '/home/andrewt/ROS2_WS/install/turtlebot3_fake_node/share/turtlebot3_fake_node/package.sh'
[0.277s] INFO:colcon.colcon_core.shell:Creating package script '/home/andrewt/ROS2_WS/install/turtlebot3_fake_node/share/turtlebot3_fake_node/package.bash'
[0.277s] INFO:colcon.colcon_core.shell:Creating package script '/home/andrewt/ROS2_WS/install/turtlebot3_fake_node/share/turtlebot3_fake_node/package.zsh'
[0.277s] Level 1:colcon.colcon_core.environment:create_file_with_runtime_dependencies(/home/andrewt/ROS2_WS/install/turtlebot3_fake_node/share/colcon-core/packages/turtlebot3_fake_node)
[0.277s] Level 1:colcon.colcon_core.environment:create_environment_scripts_only(turtlebot3_fake_node)
[0.277s] Level 1:colcon.colcon_core.environment:checking '/home/andrewt/ROS2_WS/install/turtlebot3_fake_node' for CMake module files
[0.278s] Level 1:colcon.colcon_core.environment:checking '/home/andrewt/ROS2_WS/install/turtlebot3_fake_node' for CMake config files
[0.278s] Level 1:colcon.colcon_core.shell:create_environment_hook('turtlebot3_fake_node', 'cmake_prefix_path')
[0.278s] INFO:colcon.colcon_core.shell:Creating environment hook '/home/andrewt/ROS2_WS/install/turtlebot3_fake_node/share/turtlebot3_fake_node/hook/cmake_prefix_path.ps1'
[0.278s] INFO:colcon.colcon_core.shell:Creating environment descriptor '/home/andrewt/ROS2_WS/install/turtlebot3_fake_node/share/turtlebot3_fake_node/hook/cmake_prefix_path.dsv'
[0.278s] INFO:colcon.colcon_core.shell:Creating environment hook '/home/andrewt/ROS2_WS/install/turtlebot3_fake_node/share/turtlebot3_fake_node/hook/cmake_prefix_path.sh'
[0.279s] Level 1:colcon.colcon_core.environment:checking '/home/andrewt/ROS2_WS/install/turtlebot3_fake_node/lib'
[0.279s] Level 1:colcon.colcon_core.environment:checking '/home/andrewt/ROS2_WS/install/turtlebot3_fake_node/bin'
[0.279s] Level 1:colcon.colcon_core.environment:checking '/home/andrewt/ROS2_WS/install/turtlebot3_fake_node/lib/pkgconfig/turtlebot3_fake_node.pc'
[0.279s] Level 1:colcon.colcon_core.environment:checking '/home/andrewt/ROS2_WS/install/turtlebot3_fake_node/lib/python3.10/site-packages'
[0.279s] Level 1:colcon.colcon_core.environment:checking '/home/andrewt/ROS2_WS/install/turtlebot3_fake_node/bin'
[0.279s] INFO:colcon.colcon_core.shell:Creating package script '/home/andrewt/ROS2_WS/install/turtlebot3_fake_node/share/turtlebot3_fake_node/package.ps1'
[0.279s] INFO:colcon.colcon_core.shell:Creating package descriptor '/home/andrewt/ROS2_WS/install/turtlebot3_fake_node/share/turtlebot3_fake_node/package.dsv'
[0.279s] INFO:colcon.colcon_core.shell:Creating package script '/home/andrewt/ROS2_WS/install/turtlebot3_fake_node/share/turtlebot3_fake_node/package.sh'
[0.280s] INFO:colcon.colcon_core.shell:Creating package script '/home/andrewt/ROS2_WS/install/turtlebot3_fake_node/share/turtlebot3_fake_node/package.bash'
[0.280s] INFO:colcon.colcon_core.shell:Creating package script '/home/andrewt/ROS2_WS/install/turtlebot3_fake_node/share/turtlebot3_fake_node/package.zsh'
[0.280s] Level 1:colcon.colcon_core.environment:create_file_with_runtime_dependencies(/home/andrewt/ROS2_WS/install/turtlebot3_fake_node/share/colcon-core/packages/turtlebot3_fake_node)
[0.281s] DEBUG:colcon.colcon_core.event_handler.log_command:Invoked command in '/home/andrewt/ROS2_WS/build/turtlebot3_gazebo' returned '0': CMAKE_PREFIX_PATH=${CMAKE_PREFIX_PATH}:/opt/ros/humble /usr/bin/cmake --build /home/andrewt/ROS2_WS/build/turtlebot3_gazebo -- -j20 -l20
[0.282s] DEBUG:colcon.colcon_core.event_handler.log_command:Invoking command in '/home/andrewt/ROS2_WS/build/turtlebot3_gazebo': CMAKE_PREFIX_PATH=${CMAKE_PREFIX_PATH}:/opt/ros/humble /usr/bin/cmake --install /home/andrewt/ROS2_WS/build/turtlebot3_gazebo
[0.290s] Level 1:colcon.colcon_core.environment:create_environment_scripts_only(turtlebot3_gazebo)
[0.290s] Level 1:colcon.colcon_core.environment:checking '/home/andrewt/ROS2_WS/install/turtlebot3_gazebo' for CMake module files
[0.291s] DEBUG:colcon.colcon_core.event_handler.log_command:Invoked command in '/home/andrewt/ROS2_WS/build/turtlebot3_gazebo' returned '0': CMAKE_PREFIX_PATH=${CMAKE_PREFIX_PATH}:/opt/ros/humble /usr/bin/cmake --install /home/andrewt/ROS2_WS/build/turtlebot3_gazebo
[0.291s] Level 1:colcon.colcon_core.environment:checking '/home/andrewt/ROS2_WS/install/turtlebot3_gazebo' for CMake config files
[0.291s] Level 1:colcon.colcon_core.shell:create_environment_hook('turtlebot3_gazebo', 'cmake_prefix_path')
[0.291s] INFO:colcon.colcon_core.shell:Creating environment hook '/home/andrewt/ROS2_WS/install/turtlebot3_gazebo/share/turtlebot3_gazebo/hook/cmake_prefix_path.ps1'
[0.291s] INFO:colcon.colcon_core.shell:Creating environment descriptor '/home/andrewt/ROS2_WS/install/turtlebot3_gazebo/share/turtlebot3_gazebo/hook/cmake_prefix_path.dsv'
[0.292s] INFO:colcon.colcon_core.shell:Creating environment hook '/home/andrewt/ROS2_WS/install/turtlebot3_gazebo/share/turtlebot3_gazebo/hook/cmake_prefix_path.sh'
[0.292s] Level 1:colcon.colcon_core.environment:checking '/home/andrewt/ROS2_WS/install/turtlebot3_gazebo/lib'
[0.292s] Level 1:colcon.colcon_core.environment:checking '/home/andrewt/ROS2_WS/install/turtlebot3_gazebo/bin'
[0.292s] Level 1:colcon.colcon_core.environment:checking '/home/andrewt/ROS2_WS/install/turtlebot3_gazebo/lib/pkgconfig/turtlebot3_gazebo.pc'
[0.292s] Level 1:colcon.colcon_core.environment:checking '/home/andrewt/ROS2_WS/install/turtlebot3_gazebo/lib/python3.10/site-packages'
[0.292s] Level 1:colcon.colcon_core.environment:checking '/home/andrewt/ROS2_WS/install/turtlebot3_gazebo/bin'
[0.292s] INFO:colcon.colcon_core.shell:Creating package script '/home/andrewt/ROS2_WS/install/turtlebot3_gazebo/share/turtlebot3_gazebo/package.ps1'
[0.293s] INFO:colcon.colcon_core.shell:Creating package descriptor '/home/andrewt/ROS2_WS/install/turtlebot3_gazebo/share/turtlebot3_gazebo/package.dsv'
[0.293s] INFO:colcon.colcon_core.shell:Creating package script '/home/andrewt/ROS2_WS/install/turtlebot3_gazebo/share/turtlebot3_gazebo/package.sh'
[0.293s] INFO:colcon.colcon_core.shell:Creating package script '/home/andrewt/ROS2_WS/install/turtlebot3_gazebo/share/turtlebot3_gazebo/package.bash'
[0.293s] INFO:colcon.colcon_core.shell:Creating package script '/home/andrewt/ROS2_WS/install/turtlebot3_gazebo/share/turtlebot3_gazebo/package.zsh'
[0.293s] Level 1:colcon.colcon_core.environment:create_file_with_runtime_dependencies(/home/andrewt/ROS2_WS/install/turtlebot3_gazebo/share/colcon-core/packages/turtlebot3_gazebo)
[0.294s] Level 1:colcon.colcon_core.environment:create_environment_scripts_only(turtlebot3_gazebo)
[0.294s] Level 1:colcon.colcon_core.environment:checking '/home/andrewt/ROS2_WS/install/turtlebot3_gazebo' for CMake module files
[0.294s] Level 1:colcon.colcon_core.environment:checking '/home/andrewt/ROS2_WS/install/turtlebot3_gazebo' for CMake config files
[0.294s] Level 1:colcon.colcon_core.shell:create_environment_hook('turtlebot3_gazebo', 'cmake_prefix_path')
[0.294s] INFO:colcon.colcon_core.shell:Creating environment hook '/home/andrewt/ROS2_WS/install/turtlebot3_gazebo/share/turtlebot3_gazebo/hook/cmake_prefix_path.ps1'
[0.295s] INFO:colcon.colcon_core.shell:Creating environment descriptor '/home/andrewt/ROS2_WS/install/turtlebot3_gazebo/share/turtlebot3_gazebo/hook/cmake_prefix_path.dsv'
[0.295s] INFO:colcon.colcon_core.shell:Creating environment hook '/home/andrewt/ROS2_WS/install/turtlebot3_gazebo/share/turtlebot3_gazebo/hook/cmake_prefix_path.sh'
[0.295s] Level 1:colcon.colcon_core.environment:checking '/home/andrewt/ROS2_WS/install/turtlebot3_gazebo/lib'
[0.295s] Level 1:colcon.colcon_core.environment:checking '/home/andrewt/ROS2_WS/install/turtlebot3_gazebo/bin'
[0.295s] Level 1:colcon.colcon_core.environment:checking '/home/andrewt/ROS2_WS/install/turtlebot3_gazebo/lib/pkgconfig/turtlebot3_gazebo.pc'
[0.295s] Level 1:colcon.colcon_core.environment:checking '/home/andrewt/ROS2_WS/install/turtlebot3_gazebo/lib/python3.10/site-packages'
[0.295s] Level 1:colcon.colcon_core.environment:checking '/home/andrewt/ROS2_WS/install/turtlebot3_gazebo/bin'
[0.295s] INFO:colcon.colcon_core.shell:Creating package script '/home/andrewt/ROS2_WS/install/turtlebot3_gazebo/share/turtlebot3_gazebo/package.ps1'
[0.296s] INFO:colcon.colcon_core.shell:Creating package descriptor '/home/andrewt/ROS2_WS/install/turtlebot3_gazebo/share/turtlebot3_gazebo/package.dsv'
[0.296s] INFO:colcon.colcon_core.shell:Creating package script '/home/andrewt/ROS2_WS/install/turtlebot3_gazebo/share/turtlebot3_gazebo/package.sh'
[0.296s] INFO:colcon.colcon_core.shell:Creating package script '/home/andrewt/ROS2_WS/install/turtlebot3_gazebo/share/turtlebot3_gazebo/package.bash'
[0.296s] INFO:colcon.colcon_core.shell:Creating package script '/home/andrewt/ROS2_WS/install/turtlebot3_gazebo/share/turtlebot3_gazebo/package.zsh'
[0.297s] Level 1:colcon.colcon_core.environment:create_file_with_runtime_dependencies(/home/andrewt/ROS2_WS/install/turtlebot3_gazebo/share/colcon-core/packages/turtlebot3_gazebo)
[0.297s] INFO:colcon.colcon_ros.task.ament_cmake.build:Building ROS package in '/home/andrewt/ROS2_WS/src/turtlebot3_simulations/turtlebot3_simulations' with build type 'ament_cmake'
[0.297s] INFO:colcon.colcon_cmake.task.cmake.build:Building CMake package in '/home/andrewt/ROS2_WS/src/turtlebot3_simulations/turtlebot3_simulations'
[0.297s] INFO:colcon.colcon_core.shell:Skip shell extension 'powershell' for command environment: Not usable outside of PowerShell
[0.297s] DEBUG:colcon.colcon_core.shell:Skip shell extension 'dsv' for command environment
[0.303s] DEBUG:colcon.colcon_core.event_handler.log_command:Invoking command in '/home/andrewt/ROS2_WS/build/turtlebot3_simulations': CMAKE_PREFIX_PATH=/home/andrewt/ROS2_WS/install/turtlebot3_gazebo:/home/andrewt/ROS2_WS/install/turtlebot3_fake_node:/home/andrewt/ROS2_WS/install/turtlebot3_simulations:/home/andrewt/ROS2_WS/install/maze_solver:/opt/ros/humble /usr/bin/cmake --build /home/andrewt/ROS2_WS/build/turtlebot3_simulations -- -j20 -l20
[0.329s] DEBUG:colcon.colcon_core.event_handler.log_command:Invoked command in '/home/andrewt/ROS2_WS/build/turtlebot3_simulations' returned '0': CMAKE_PREFIX_PATH=/home/andrewt/ROS2_WS/install/turtlebot3_gazebo:/home/andrewt/ROS2_WS/install/turtlebot3_fake_node:/home/andrewt/ROS2_WS/install/turtlebot3_simulations:/home/andrewt/ROS2_WS/install/maze_solver:/opt/ros/humble /usr/bin/cmake --build /home/andrewt/ROS2_WS/build/turtlebot3_simulations -- -j20 -l20
[0.330s] DEBUG:colcon.colcon_core.event_handler.log_command:Invoking command in '/home/andrewt/ROS2_WS/build/turtlebot3_simulations': CMAKE_PREFIX_PATH=/home/andrewt/ROS2_WS/install/turtlebot3_gazebo:/home/andrewt/ROS2_WS/install/turtlebot3_fake_node:/home/andrewt/ROS2_WS/install/turtlebot3_simulations:/home/andrewt/ROS2_WS/install/maze_solver:/opt/ros/humble /usr/bin/cmake --install /home/andrewt/ROS2_WS/build/turtlebot3_simulations
[0.338s] Level 1:colcon.colcon_core.environment:create_environment_scripts_only(turtlebot3_simulations)
[0.339s] Level 1:colcon.colcon_core.environment:checking '/home/andrewt/ROS2_WS/install/turtlebot3_simulations' for CMake module files
[0.339s] DEBUG:colcon.colcon_core.event_handler.log_command:Invoked command in '/home/andrewt/ROS2_WS/build/turtlebot3_simulations' returned '0': CMAKE_PREFIX_PATH=/home/andrewt/ROS2_WS/install/turtlebot3_gazebo:/home/andrewt/ROS2_WS/install/turtlebot3_fake_node:/home/andrewt/ROS2_WS/install/turtlebot3_simulations:/home/andrewt/ROS2_WS/install/maze_solver:/opt/ros/humble /usr/bin/cmake --install /home/andrewt/ROS2_WS/build/turtlebot3_simulations
[0.339s] Level 1:colcon.colcon_core.environment:checking '/home/andrewt/ROS2_WS/install/turtlebot3_simulations' for CMake config files
[0.339s] Level 1:colcon.colcon_core.shell:create_environment_hook('turtlebot3_simulations', 'cmake_prefix_path')
[0.339s] INFO:colcon.colcon_core.shell:Creating environment hook '/home/andrewt/ROS2_WS/install/turtlebot3_simulations/share/turtlebot3_simulations/hook/cmake_prefix_path.ps1'
[0.340s] INFO:colcon.colcon_core.shell:Creating environment descriptor '/home/andrewt/ROS2_WS/install/turtlebot3_simulations/share/turtlebot3_simulations/hook/cmake_prefix_path.dsv'
[0.340s] INFO:colcon.colcon_core.shell:Creating environment hook '/home/andrewt/ROS2_WS/install/turtlebot3_simulations/share/turtlebot3_simulations/hook/cmake_prefix_path.sh'
[0.340s] Level 1:colcon.colcon_core.environment:checking '/home/andrewt/ROS2_WS/install/turtlebot3_simulations/bin'
[0.340s] Level 1:colcon.colcon_core.environment:checking '/home/andrewt/ROS2_WS/install/turtlebot3_simulations/lib/pkgconfig/turtlebot3_simulations.pc'
[0.341s] Level 1:colcon.colcon_core.environment:checking '/home/andrewt/ROS2_WS/install/turtlebot3_simulations/lib/python3.10/site-packages'
[0.341s] Level 1:colcon.colcon_core.environment:checking '/home/andrewt/ROS2_WS/install/turtlebot3_simulations/bin'
[0.341s] INFO:colcon.colcon_core.shell:Creating package script '/home/andrewt/ROS2_WS/install/turtlebot3_simulations/share/turtlebot3_simulations/package.ps1'
[0.341s] INFO:colcon.colcon_core.shell:Creating package descriptor '/home/andrewt/ROS2_WS/install/turtlebot3_simulations/share/turtlebot3_simulations/package.dsv'
[0.342s] INFO:colcon.colcon_core.shell:Creating package script '/home/andrewt/ROS2_WS/install/turtlebot3_simulations/share/turtlebot3_simulations/package.sh'
[0.342s] INFO:colcon.colcon_core.shell:Creating package script '/home/andrewt/ROS2_WS/install/turtlebot3_simulations/share/turtlebot3_simulations/package.bash'
[0.342s] INFO:colcon.colcon_core.shell:Creating package script '/home/andrewt/ROS2_WS/install/turtlebot3_simulations/share/turtlebot3_simulations/package.zsh'
[0.343s] Level 1:colcon.colcon_core.environment:create_file_with_runtime_dependencies(/home/andrewt/ROS2_WS/install/turtlebot3_simulations/share/colcon-core/packages/turtlebot3_simulations)
[0.343s] Level 1:colcon.colcon_core.environment:create_environment_scripts_only(turtlebot3_simulations)
[0.343s] Level 1:colcon.colcon_core.environment:checking '/home/andrewt/ROS2_WS/install/turtlebot3_simulations' for CMake module files
[0.344s] Level 1:colcon.colcon_core.environment:checking '/home/andrewt/ROS2_WS/install/turtlebot3_simulations' for CMake config files
[0.344s] Level 1:colcon.colcon_core.shell:create_environment_hook('turtlebot3_simulations', 'cmake_prefix_path')
[0.344s] INFO:colcon.colcon_core.shell:Creating environment hook '/home/andrewt/ROS2_WS/install/turtlebot3_simulations/share/turtlebot3_simulations/hook/cmake_prefix_path.ps1'
[0.344s] INFO:colcon.colcon_core.shell:Creating environment descriptor '/home/andrewt/ROS2_WS/install/turtlebot3_simulations/share/turtlebot3_simulations/hook/cmake_prefix_path.dsv'
[0.344s] INFO:colcon.colcon_core.shell:Creating environment hook '/home/andrewt/ROS2_WS/install/turtlebot3_simulations/share/turtlebot3_simulations/hook/cmake_prefix_path.sh'
[0.345s] Level 1:colcon.colcon_core.environment:checking '/home/andrewt/ROS2_WS/install/turtlebot3_simulations/bin'
[0.345s] Level 1:colcon.colcon_core.environment:checking '/home/andrewt/ROS2_WS/install/turtlebot3_simulations/lib/pkgconfig/turtlebot3_simulations.pc'
[0.345s] Level 1:colcon.colcon_core.environment:checking '/home/andrewt/ROS2_WS/install/turtlebot3_simulations/lib/python3.10/site-packages'
[0.345s] Level 1:colcon.colcon_core.environment:checking '/home/andrewt/ROS2_WS/install/turtlebot3_simulations/bin'
[0.345s] INFO:colcon.colcon_core.shell:Creating package script '/home/andrewt/ROS2_WS/install/turtlebot3_simulations/share/turtlebot3_simulations/package.ps1'
[0.346s] INFO:colcon.colcon_core.shell:Creating package descriptor '/home/andrewt/ROS2_WS/install/turtlebot3_simulations/share/turtlebot3_simulations/package.dsv'
[0.346s] INFO:colcon.colcon_core.shell:Creating package script '/home/andrewt/ROS2_WS/install/turtlebot3_simulations/share/turtlebot3_simulations/package.sh'
[0.346s] INFO:colcon.colcon_core.shell:Creating package script '/home/andrewt/ROS2_WS/install/turtlebot3_simulations/share/turtlebot3_simulations/package.bash'
[0.346s] INFO:colcon.colcon_core.shell:Creating package script '/home/andrewt/ROS2_WS/install/turtlebot3_simulations/share/turtlebot3_simulations/package.zsh'
[0.347s] Level 1:colcon.colcon_core.environment:create_file_with_runtime_dependencies(/home/andrewt/ROS2_WS/install/turtlebot3_simulations/share/colcon-core/packages/turtlebot3_simulations)
[0.347s] DEBUG:colcon.colcon_parallel_executor.executor.parallel:closing loop
[0.347s] DEBUG:colcon.colcon_parallel_executor.executor.parallel:loop closed
[0.347s] DEBUG:colcon.colcon_parallel_executor.executor.parallel:run_until_complete finished with '0'
[0.347s] DEBUG:colcon.colcon_core.event_reactor:joining thread
[0.350s] INFO:colcon.colcon_core.plugin_system:Skipping extension 'colcon_notification.desktop_notification.terminal_notifier': Not used on non-Darwin systems
[0.350s] INFO:colcon.colcon_core.plugin_system:Skipping extension 'colcon_notification.desktop_notification.win32': Not used on non-Windows systems
[0.350s] INFO:colcon.colcon_notification.desktop_notification:Sending desktop notification using 'notify2'
[0.359s] DEBUG:colcon.colcon_core.event_reactor:joined thread
[0.359s] INFO:colcon.colcon_core.shell:Creating prefix script '/home/andrewt/ROS2_WS/install/local_setup.ps1'
[0.360s] INFO:colcon.colcon_core.shell:Creating prefix util module '/home/andrewt/ROS2_WS/install/_local_setup_util_ps1.py'
[0.361s] INFO:colcon.colcon_core.shell:Creating prefix chain script '/home/andrewt/ROS2_WS/install/setup.ps1'
[0.361s] INFO:colcon.colcon_core.shell:Creating prefix script '/home/andrewt/ROS2_WS/install/local_setup.sh'
[0.362s] INFO:colcon.colcon_core.shell:Creating prefix util module '/home/andrewt/ROS2_WS/install/_local_setup_util_sh.py'
[0.362s] INFO:colcon.colcon_core.shell:Creating prefix chain script '/home/andrewt/ROS2_WS/install/setup.sh'
[0.363s] INFO:colcon.colcon_core.shell:Creating prefix script '/home/andrewt/ROS2_WS/install/local_setup.bash'
[0.363s] INFO:colcon.colcon_core.shell:Creating prefix chain script '/home/andrewt/ROS2_WS/install/setup.bash'
[0.364s] INFO:colcon.colcon_core.shell:Creating prefix script '/home/andrewt/ROS2_WS/install/local_setup.zsh'
[0.364s] INFO:colcon.colcon_core.shell:Creating prefix chain script '/home/andrewt/ROS2_WS/install/setup.zsh'
