[0.007s] Invoking command in '/home/andrewt/ROS2_WS/build/maze_solver': CMAKE_PREFIX_PATH=/opt/ros/humble /usr/bin/cmake /home/andrewt/ROS2_WS/src/maze_solver -DCMAKE_INSTALL_PREFIX=/home/andrewt/ROS2_WS/install/maze_solver
[0.084s] -- The C compiler identification is GNU 11.4.0
[0.145s] -- The CXX compiler identification is GNU 11.4.0
[0.151s] -- Detecting C compiler ABI info
[0.203s] -- Detecting C compiler ABI info - done
[0.209s] -- Check for working C compiler: /usr/bin/cc - skipped
[0.209s] -- Detecting C compile features
[0.209s] -- Detecting C compile features - done
[0.211s] -- Detecting CXX compiler ABI info
[0.262s] -- Detecting CXX compiler ABI info - done
[0.269s] -- Check for working CXX compiler: /usr/bin/c++ - skipped
[0.270s] -- Detecting CXX compile features
[0.270s] -- Detecting CXX compile features - done
[0.272s] -- Found ament_cmake: 1.3.11 (/opt/ros/humble/share/ament_cmake/cmake)
[0.366s] -- Found Python3: /usr/bin/python3 (found version "3.10.12") found components: Interpreter 
[0.422s] -- Found ament_lint_auto: 0.12.11 (/opt/ros/humble/share/ament_lint_auto/cmake)
[0.467s] -- Added test 'lint_cmake' to check CMake code style
[0.468s] -- Added test 'xmllint' to check XML markup files
[0.469s] -- Configuring done
[0.470s] -- Generating done
[0.471s] -- Build files have been written to: /home/andrewt/ROS2_WS/build/maze_solver
[0.474s] Invoked command in '/home/andrewt/ROS2_WS/build/maze_solver' returned '0': CMAKE_PREFIX_PATH=/opt/ros/humble /usr/bin/cmake /home/andrewt/ROS2_WS/src/maze_solver -DCMAKE_INSTALL_PREFIX=/home/andrewt/ROS2_WS/install/maze_solver
[0.475s] Invoking command in '/home/andrewt/ROS2_WS/build/maze_solver': CMAKE_PREFIX_PATH=/opt/ros/humble /usr/bin/cmake --build /home/andrewt/ROS2_WS/build/maze_solver -- -j20 -l20
[0.498s] Invoked command in '/home/andrewt/ROS2_WS/build/maze_solver' returned '0': CMAKE_PREFIX_PATH=/opt/ros/humble /usr/bin/cmake --build /home/andrewt/ROS2_WS/build/maze_solver -- -j20 -l20
[0.504s] Invoking command in '/home/andrewt/ROS2_WS/build/maze_solver': CMAKE_PREFIX_PATH=/opt/ros/humble /usr/bin/cmake --install /home/andrewt/ROS2_WS/build/maze_solver
[0.509s] -- Install configuration: ""
[0.509s] -- Installing: /home/andrewt/ROS2_WS/install/maze_solver/share/ament_index/resource_index/package_run_dependencies/maze_solver
[0.509s] -- Installing: /home/andrewt/ROS2_WS/install/maze_solver/share/ament_index/resource_index/parent_prefix_path/maze_solver
[0.509s] -- Installing: /home/andrewt/ROS2_WS/install/maze_solver/share/maze_solver/environment/ament_prefix_path.sh
[0.509s] -- Installing: /home/andrewt/ROS2_WS/install/maze_solver/share/maze_solver/environment/ament_prefix_path.dsv
[0.509s] -- Installing: /home/andrewt/ROS2_WS/install/maze_solver/share/maze_solver/environment/path.sh
[0.509s] -- Installing: /home/andrewt/ROS2_WS/install/maze_solver/share/maze_solver/environment/path.dsv
[0.509s] -- Installing: /home/andrewt/ROS2_WS/install/maze_solver/share/maze_solver/local_setup.bash
[0.509s] -- Installing: /home/andrewt/ROS2_WS/install/maze_solver/share/maze_solver/local_setup.sh
[0.509s] -- Installing: /home/andrewt/ROS2_WS/install/maze_solver/share/maze_solver/local_setup.zsh
[0.509s] -- Installing: /home/andrewt/ROS2_WS/install/maze_solver/share/maze_solver/local_setup.dsv
[0.509s] -- Installing: /home/andrewt/ROS2_WS/install/maze_solver/share/maze_solver/package.dsv
[0.509s] -- Installing: /home/andrewt/ROS2_WS/install/maze_solver/share/ament_index/resource_index/packages/maze_solver
[0.509s] -- Installing: /home/andrewt/ROS2_WS/install/maze_solver/share/maze_solver/cmake/maze_solverConfig.cmake
[0.509s] -- Installing: /home/andrewt/ROS2_WS/install/maze_solver/share/maze_solver/cmake/maze_solverConfig-version.cmake
[0.510s] -- Installing: /home/andrewt/ROS2_WS/install/maze_solver/share/maze_solver/package.xml
[0.510s] Invoked command in '/home/andrewt/ROS2_WS/build/maze_solver' returned '0': CMAKE_PREFIX_PATH=/opt/ros/humble /usr/bin/cmake --install /home/andrewt/ROS2_WS/build/maze_solver
