[0.005s] Invoking command in '/home/andrewt/ROS2_WS/build/turtlebot3_simulations': AMENT_PREFIX_PATH=/home/andrewt/ROS2_WS/install/turtlebot3_gazebo:/home/andrewt/ROS2_WS/install/turtlebot3_fake_node:${AMENT_PREFIX_PATH} CMAKE_PREFIX_PATH=/home/andrewt/ROS2_WS/install/turtlebot3_gazebo:/home/andrewt/ROS2_WS/install/turtlebot3_fake_node:/opt/ros/humble /usr/bin/cmake /home/andrewt/ROS2_WS/src/turtlebot3_simulations/turtlebot3_simulations -DCMAKE_INSTALL_PREFIX=/home/andrewt/ROS2_WS/install/turtlebot3_simulations
[0.059s] -- The C compiler identification is GNU 11.4.0
[0.108s] -- The CXX compiler identification is GNU 11.4.0
[0.113s] -- Detecting C compiler ABI info
[0.164s] -- Detecting C compiler ABI info - done
[0.170s] -- Check for working C compiler: /usr/bin/cc - skipped
[0.170s] -- Detecting C compile features
[0.170s] -- Detecting C compile features - done
[0.172s] -- Detecting CXX compiler ABI info
[0.232s] -- Detecting CXX compiler ABI info - done
[0.236s] -- Check for working CXX compiler: /usr/bin/c++ - skipped
[0.237s] -- Detecting CXX compile features
[0.237s] -- Detecting CXX compile features - done
[0.238s] -- Found ament_cmake: 1.3.11 (/opt/ros/humble/share/ament_cmake/cmake)
[0.329s] -- Found Python3: /usr/bin/python3 (found version "3.10.12") found components: Interpreter 
[0.412s] -- Configuring done
[0.414s] -- Generating done
[0.414s] -- Build files have been written to: /home/andrewt/ROS2_WS/build/turtlebot3_simulations
[0.418s] Invoked command in '/home/andrewt/ROS2_WS/build/turtlebot3_simulations' returned '0': AMENT_PREFIX_PATH=/home/andrewt/ROS2_WS/install/turtlebot3_gazebo:/home/andrewt/ROS2_WS/install/turtlebot3_fake_node:${AMENT_PREFIX_PATH} CMAKE_PREFIX_PATH=/home/andrewt/ROS2_WS/install/turtlebot3_gazebo:/home/andrewt/ROS2_WS/install/turtlebot3_fake_node:/opt/ros/humble /usr/bin/cmake /home/andrewt/ROS2_WS/src/turtlebot3_simulations/turtlebot3_simulations -DCMAKE_INSTALL_PREFIX=/home/andrewt/ROS2_WS/install/turtlebot3_simulations
[0.418s] Invoking command in '/home/andrewt/ROS2_WS/build/turtlebot3_simulations': AMENT_PREFIX_PATH=/home/andrewt/ROS2_WS/install/turtlebot3_gazebo:/home/andrewt/ROS2_WS/install/turtlebot3_fake_node:${AMENT_PREFIX_PATH} CMAKE_PREFIX_PATH=/home/andrewt/ROS2_WS/install/turtlebot3_gazebo:/home/andrewt/ROS2_WS/install/turtlebot3_fake_node:/opt/ros/humble /usr/bin/cmake --build /home/andrewt/ROS2_WS/build/turtlebot3_simulations -- -j20 -l20
[0.443s] Invoked command in '/home/andrewt/ROS2_WS/build/turtlebot3_simulations' returned '0': AMENT_PREFIX_PATH=/home/andrewt/ROS2_WS/install/turtlebot3_gazebo:/home/andrewt/ROS2_WS/install/turtlebot3_fake_node:${AMENT_PREFIX_PATH} CMAKE_PREFIX_PATH=/home/andrewt/ROS2_WS/install/turtlebot3_gazebo:/home/andrewt/ROS2_WS/install/turtlebot3_fake_node:/opt/ros/humble /usr/bin/cmake --build /home/andrewt/ROS2_WS/build/turtlebot3_simulations -- -j20 -l20
[0.445s] Invoking command in '/home/andrewt/ROS2_WS/build/turtlebot3_simulations': AMENT_PREFIX_PATH=/home/andrewt/ROS2_WS/install/turtlebot3_gazebo:/home/andrewt/ROS2_WS/install/turtlebot3_fake_node:${AMENT_PREFIX_PATH} CMAKE_PREFIX_PATH=/home/andrewt/ROS2_WS/install/turtlebot3_gazebo:/home/andrewt/ROS2_WS/install/turtlebot3_fake_node:/opt/ros/humble /usr/bin/cmake --install /home/andrewt/ROS2_WS/build/turtlebot3_simulations
[0.451s] -- Install configuration: ""
[0.451s] -- Installing: /home/andrewt/ROS2_WS/install/turtlebot3_simulations/share/ament_index/resource_index/package_run_dependencies/turtlebot3_simulations
[0.451s] -- Installing: /home/andrewt/ROS2_WS/install/turtlebot3_simulations/share/ament_index/resource_index/parent_prefix_path/turtlebot3_simulations
[0.452s] -- Installing: /home/andrewt/ROS2_WS/install/turtlebot3_simulations/share/turtlebot3_simulations/environment/ament_prefix_path.sh
[0.452s] -- Installing: /home/andrewt/ROS2_WS/install/turtlebot3_simulations/share/turtlebot3_simulations/environment/ament_prefix_path.dsv
[0.452s] -- Installing: /home/andrewt/ROS2_WS/install/turtlebot3_simulations/share/turtlebot3_simulations/environment/path.sh
[0.452s] -- Installing: /home/andrewt/ROS2_WS/install/turtlebot3_simulations/share/turtlebot3_simulations/environment/path.dsv
[0.452s] -- Installing: /home/andrewt/ROS2_WS/install/turtlebot3_simulations/share/turtlebot3_simulations/local_setup.bash
[0.452s] -- Installing: /home/andrewt/ROS2_WS/install/turtlebot3_simulations/share/turtlebot3_simulations/local_setup.sh
[0.452s] -- Installing: /home/andrewt/ROS2_WS/install/turtlebot3_simulations/share/turtlebot3_simulations/local_setup.zsh
[0.452s] -- Installing: /home/andrewt/ROS2_WS/install/turtlebot3_simulations/share/turtlebot3_simulations/local_setup.dsv
[0.452s] -- Installing: /home/andrewt/ROS2_WS/install/turtlebot3_simulations/share/turtlebot3_simulations/package.dsv
[0.452s] -- Installing: /home/andrewt/ROS2_WS/install/turtlebot3_simulations/share/ament_index/resource_index/packages/turtlebot3_simulations
[0.452s] -- Installing: /home/andrewt/ROS2_WS/install/turtlebot3_simulations/share/turtlebot3_simulations/cmake/turtlebot3_simulationsConfig.cmake
[0.452s] -- Installing: /home/andrewt/ROS2_WS/install/turtlebot3_simulations/share/turtlebot3_simulations/cmake/turtlebot3_simulationsConfig-version.cmake
[0.452s] -- Installing: /home/andrewt/ROS2_WS/install/turtlebot3_simulations/share/turtlebot3_simulations/package.xml
[0.453s] Invoked command in '/home/andrewt/ROS2_WS/build/turtlebot3_simulations' returned '0': AMENT_PREFIX_PATH=/home/andrewt/ROS2_WS/install/turtlebot3_gazebo:/home/andrewt/ROS2_WS/install/turtlebot3_fake_node:${AMENT_PREFIX_PATH} CMAKE_PREFIX_PATH=/home/andrewt/ROS2_WS/install/turtlebot3_gazebo:/home/andrewt/ROS2_WS/install/turtlebot3_fake_node:/opt/ros/humble /usr/bin/cmake --install /home/andrewt/ROS2_WS/build/turtlebot3_simulations
