[0.011s] Invoking command in '/home/andrewt/ROS2_WS/build/turtlebot3_gazebo': CMAKE_PREFIX_PATH=${CMAKE_PREFIX_PATH}:/opt/ros/humble /usr/bin/cmake --build /home/andrewt/ROS2_WS/build/turtlebot3_gazebo -- -j20 -l20
[0.154s] -- Found ament_cmake: 1.3.11 (/opt/ros/humble/share/ament_cmake/cmake)
[0.154s] -- Found DART: /usr/include (Required is at least version "6.6") found components: dart 
[0.154s] [33mCMake Warning (dev) at /usr/share/cmake-3.22/Modules/FindPackageHandleStandardArgs.cmake:438 (message):
[0.154s]   The package name passed to `find_package_handle_standard_args` (PkgConfig)
[0.154s]   does not match the name of the calling package (gazebo).  This can lead to
[0.154s]   problems in calling code that expects `find_package` result variables
[0.154s]   (e.g., `_FOUND`) to follow a certain pattern.
[0.154s] Call Stack (most recent call first):
[0.155s]   /usr/share/cmake-3.22/Modules/FindPkgConfig.cmake:99 (find_package_handle_standard_args)
[0.155s]   /usr/lib/x86_64-linux-gnu/cmake/gazebo/gazebo-config.cmake:72 (include)
[0.155s]   CMakeLists.txt:23 (find_package)
[0.155s] This warning is for project developers.  Use -Wno-dev to suppress it.
[0.155s] [0m
[0.164s] -- Found Protobuf: /usr/lib/x86_64-linux-gnu/libprotobuf.so (found version "3.12.4") 
[0.165s] -- Looking for ignition-math6 -- found version 6.15.1
[0.169s] -- Searching for dependencies of ignition-math6
[0.170s] -- Looking for OGRE...
[0.175s] -- Found Ogre Ghadamon (1.9.0)
[0.176s] -- Found OGRE: optimized;/usr/lib/x86_64-linux-gnu/libOgreMain.so;debug;/usr/lib/x86_64-linux-gnu/libOgreMain.so
[0.184s] -- Looking for OGRE_Paging...
[0.184s] -- Found OGRE_Paging: optimized;/usr/lib/x86_64-linux-gnu/libOgrePaging.so;debug;/usr/lib/x86_64-linux-gnu/libOgrePaging.so
[0.185s] -- Looking for OGRE_Terrain...
[0.185s] -- Found OGRE_Terrain: optimized;/usr/lib/x86_64-linux-gnu/libOgreTerrain.so;debug;/usr/lib/x86_64-linux-gnu/libOgreTerrain.so
[0.185s] -- Looking for OGRE_Property...
[0.185s] -- Found OGRE_Property: optimized;/usr/lib/x86_64-linux-gnu/libOgreProperty.so;debug;/usr/lib/x86_64-linux-gnu/libOgreProperty.so
[0.185s] -- Looking for OGRE_RTShaderSystem...
[0.185s] -- Found OGRE_RTShaderSystem: optimized;/usr/lib/x86_64-linux-gnu/libOgreRTShaderSystem.so;debug;/usr/lib/x86_64-linux-gnu/libOgreRTShaderSystem.so
[0.185s] -- Looking for OGRE_Volume...
[0.185s] -- Found OGRE_Volume: optimized;/usr/lib/x86_64-linux-gnu/libOgreVolume.so;debug;/usr/lib/x86_64-linux-gnu/libOgreVolume.so
[0.185s] -- Looking for OGRE_Overlay...
[0.185s] -- Found OGRE_Overlay: optimized;/usr/lib/x86_64-linux-gnu/libOgreOverlay.so;debug;/usr/lib/x86_64-linux-gnu/libOgreOverlay.so
[0.250s] -- Looking for ignition-math6 -- found version 6.15.1
[0.251s] -- Looking for ignition-transport8 -- found version 8.2.1
[0.251s] -- Searching for dependencies of ignition-transport8
[0.262s] -- Found Protobuf: /usr/lib/x86_64-linux-gnu/libprotobuf.so (found suitable version "3.12.4", minimum required is "3") 
[0.271s] -- Config-file not installed for ZeroMQ -- checking for pkg-config
[0.275s] -- Checking for module 'libzmq >= 4'
[0.286s] --   Found libzmq , version 4.3.4
[0.319s] -- Checking for module 'uuid'
[0.330s] --   Found uuid, version 2.37.2
[0.355s] -- Looking for ignition-msgs5 -- found version 5.8.1
[0.355s] -- Searching for dependencies of ignition-msgs5
[0.367s] -- Looking for ignition-math6 -- found version 6.15.1
[0.371s] -- Checking for module 'tinyxml2'
[0.381s] --   Found tinyxml2, version 9.0.0
[0.405s] -- Looking for ignition-msgs5 -- found version 5.8.1
[0.405s] -- Looking for ignition-common3 -- found version 3.14.0
[0.405s] -- Searching for dependencies of ignition-common3
[0.406s] -- Looking for dlfcn.h - found
[0.406s] -- Looking for libdl - found
[0.415s] -- Searching for <ignition-common3> component [graphics]
[0.415s] -- Looking for ignition-common3-graphics -- found version 3.14.0
[0.416s] -- Searching for dependencies of ignition-common3-graphics
[0.416s] -- Looking for ignition-math6 -- found version 6.15.1
[0.417s] -- Looking for ignition-fuel_tools4 -- found version 4.4.0
[0.417s] -- Searching for dependencies of ignition-fuel_tools4
[0.446s] -- Checking for module 'jsoncpp'
[0.456s] --   Found jsoncpp, version 1.9.5
[0.486s] -- Checking for module 'libzip'
[0.495s] --   Found libzip, version 1.7.3
[0.521s] -- Looking for ignition-common3 -- found version 3.14.0
[0.521s] -- Looking for ignition-math6 -- found version 6.15.1
[0.521s] -- Looking for ignition-msgs5 -- found version 5.8.1
[0.523s] -- Found gazebo_ros_pkgs: 3.9.0 (/opt/ros/humble/share/gazebo_ros_pkgs/cmake)
[0.523s] -- Found geometry_msgs: 4.2.4 (/opt/ros/humble/share/geometry_msgs/cmake)
[0.534s] -- Found rosidl_generator_c: 3.1.6 (/opt/ros/humble/share/rosidl_generator_c/cmake)
[0.535s] -- Found rosidl_adapter: 3.1.6 (/opt/ros/humble/share/rosidl_adapter/cmake)
[0.539s] -- Found rosidl_generator_cpp: 3.1.6 (/opt/ros/humble/share/rosidl_generator_cpp/cmake)
[0.544s] -- Using all available rosidl_typesupport_c: rosidl_typesupport_fastrtps_c;rosidl_typesupport_introspection_c
[0.550s] -- Using all available rosidl_typesupport_cpp: rosidl_typesupport_fastrtps_cpp;rosidl_typesupport_introspection_cpp
[0.569s] -- Found nav_msgs: 4.2.4 (/opt/ros/humble/share/nav_msgs/cmake)
[0.578s] -- Found rclcpp: 16.0.11 (/opt/ros/humble/share/rclcpp/cmake)
[0.592s] -- Found rmw_implementation_cmake: 6.1.2 (/opt/ros/humble/share/rmw_implementation_cmake/cmake)
[0.592s] -- Found rmw_fastrtps_cpp: 6.2.7 (/opt/ros/humble/share/rmw_fastrtps_cpp/cmake)
[0.652s] -- Using RMW implementation 'rmw_fastrtps_cpp' as default
[0.672s] -- Found sensor_msgs: 4.2.4 (/opt/ros/humble/share/sensor_msgs/cmake)
[0.681s] -- Found tf2: 0.25.12 (/opt/ros/humble/share/tf2/cmake)
[0.728s] -- Configuring done
[0.755s] -- Generating done
[0.759s] -- Build files have been written to: /home/andrewt/ROS2_WS/build/turtlebot3_gazebo
[0.780s] [35m[1mConsolidate compiler generated dependencies of target turtlebot3_drive[0m
[0.781s] [35m[1mConsolidate compiler generated dependencies of target obstacle1[0m
[0.781s] [35m[1mConsolidate compiler generated dependencies of target obstacles[0m
[0.781s] [35m[1mConsolidate compiler generated dependencies of target obstacle2[0m
[0.791s] [ 12%] [32mBuilding CXX object CMakeFiles/turtlebot3_drive.dir/src/turtlebot3_drive.cpp.o[0m
[0.800s] [ 25%] [32mBuilding CXX object CMakeFiles/obstacle1.dir/models/turtlebot3_dqn_world/obstacle_plugin/obstacle1.cc.o[0m
[0.801s] [ 37%] [32mBuilding CXX object CMakeFiles/obstacles.dir/models/turtlebot3_dqn_world/obstacle_plugin/obstacles.cc.o[0m
[0.809s] [ 50%] [32mBuilding CXX object CMakeFiles/obstacle2.dir/models/turtlebot3_dqn_world/obstacle_plugin/obstacle2.cc.o[0m
[8.112s] [ 62%] [32m[1mLinking CXX executable turtlebot3_drive[0m
[8.315s] [ 75%] [32m[1mLinking CXX shared library libobstacle1.so[0m
[8.322s] [ 87%] [32m[1mLinking CXX shared library libobstacles.so[0m
[8.322s] [100%] [32m[1mLinking CXX shared library libobstacle2.so[0m
[8.477s] [100%] Built target turtlebot3_drive
[8.513s] [100%] Built target obstacles
[8.513s] [100%] Built target obstacle1
[8.513s] [100%] Built target obstacle2
