[0.051s] DEBUG:colcon:Command line arguments: ['/usr/bin/colcon', 'build']
[0.051s] DEBUG:colcon:Parsed command line arguments: Namespace(log_base=None, log_level=None, verb_name='build', build_base='build', install_base='install', merge_install=False, symlink_install=False, test_result_base=None, continue_on_error=False, executor='parallel', parallel_workers=20, event_handlers=None, ignore_user_meta=False, metas=['./colcon.meta'], base_paths=['.'], packages_ignore=None, packages_ignore_regex=None, paths=None, packages_up_to=None, packages_up_to_regex=None, packages_above=None, packages_above_and_dependencies=None, packages_above_depth=None, packages_select_by_dep=None, packages_skip_by_dep=None, packages_skip_up_to=None, packages_select_build_failed=False, packages_skip_build_finished=False, packages_select_test_failures=False, packages_skip_test_passed=False, packages_select=None, packages_skip=None, packages_select_regex=None, packages_skip_regex=None, packages_start=None, packages_end=None, allow_overriding=[], cmake_args=None, cmake_target=None, cmake_target_skip_unavailable=False, cmake_clean_cache=False, cmake_clean_first=False, cmake_force_configure=False, ament_cmake_args=None, catkin_cmake_args=None, catkin_skip_building_tests=False, verb_parser=<colcon_defaults.argument_parser.defaults.DefaultArgumentsDecorator object at 0x7a0c52e27340>, verb_extension=<colcon_core.verb.build.BuildVerb object at 0x7a0c52f70640>, main=<bound method BuildVerb.main of <colcon_core.verb.build.BuildVerb object at 0x7a0c52f70640>>)
[0.139s] Level 1:colcon.colcon_core.package_discovery:discover_packages(colcon_meta) check parameters
[0.139s] Level 1:colcon.colcon_core.package_discovery:discover_packages(recursive) check parameters
[0.139s] Level 1:colcon.colcon_core.package_discovery:discover_packages(ignore) check parameters
[0.139s] Level 1:colcon.colcon_core.package_discovery:discover_packages(path) check parameters
[0.139s] Level 1:colcon.colcon_core.package_discovery:discover_packages(colcon_meta) discover
[0.139s] Level 1:colcon.colcon_core.package_discovery:discover_packages(recursive) discover
[0.139s] INFO:colcon.colcon_core.package_discovery:Crawling recursively for packages in '/home/andrewt/ROS2_WS'
[0.139s] Level 1:colcon.colcon_core.package_identification:_identify(.) by extensions ['ignore', 'ignore_ament_install']
[0.139s] Level 1:colcon.colcon_core.package_identification:_identify(.) by extension 'ignore'
[0.139s] Level 1:colcon.colcon_core.package_identification:_identify(.) by extension 'ignore_ament_install'
[0.139s] Level 1:colcon.colcon_core.package_identification:_identify(.) by extensions ['colcon_pkg']
[0.139s] Level 1:colcon.colcon_core.package_identification:_identify(.) by extension 'colcon_pkg'
[0.139s] Level 1:colcon.colcon_core.package_identification:_identify(.) by extensions ['colcon_meta']
[0.139s] Level 1:colcon.colcon_core.package_identification:_identify(.) by extension 'colcon_meta'
[0.139s] Level 1:colcon.colcon_core.package_identification:_identify(.) by extensions ['ros']
[0.139s] Level 1:colcon.colcon_core.package_identification:_identify(.) by extension 'ros'
[0.145s] Level 1:colcon.colcon_core.package_identification:_identify(.) by extensions ['cmake', 'python']
[0.145s] Level 1:colcon.colcon_core.package_identification:_identify(.) by extension 'cmake'
[0.145s] Level 1:colcon.colcon_core.package_identification:_identify(.) by extension 'python'
[0.145s] Level 1:colcon.colcon_core.package_identification:_identify(.) by extensions ['python_setup_py']
[0.145s] Level 1:colcon.colcon_core.package_identification:_identify(.) by extension 'python_setup_py'
[0.145s] Level 1:colcon.colcon_core.package_identification:_identify(build) by extensions ['ignore', 'ignore_ament_install']
[0.145s] Level 1:colcon.colcon_core.package_identification:_identify(build) by extension 'ignore'
[0.145s] Level 1:colcon.colcon_core.package_identification:_identify(build) ignored
[0.145s] Level 1:colcon.colcon_core.package_identification:_identify(install) by extensions ['ignore', 'ignore_ament_install']
[0.145s] Level 1:colcon.colcon_core.package_identification:_identify(install) by extension 'ignore'
[0.145s] Level 1:colcon.colcon_core.package_identification:_identify(install) ignored
[0.145s] Level 1:colcon.colcon_core.package_identification:_identify(log) by extensions ['ignore', 'ignore_ament_install']
[0.145s] Level 1:colcon.colcon_core.package_identification:_identify(log) by extension 'ignore'
[0.145s] Level 1:colcon.colcon_core.package_identification:_identify(log) ignored
[0.145s] Level 1:colcon.colcon_core.package_identification:_identify(src) by extensions ['ignore', 'ignore_ament_install']
[0.145s] Level 1:colcon.colcon_core.package_identification:_identify(src) by extension 'ignore'
[0.145s] Level 1:colcon.colcon_core.package_identification:_identify(src) by extension 'ignore_ament_install'
[0.145s] Level 1:colcon.colcon_core.package_identification:_identify(src) by extensions ['colcon_pkg']
[0.145s] Level 1:colcon.colcon_core.package_identification:_identify(src) by extension 'colcon_pkg'
[0.145s] Level 1:colcon.colcon_core.package_identification:_identify(src) by extensions ['colcon_meta']
[0.145s] Level 1:colcon.colcon_core.package_identification:_identify(src) by extension 'colcon_meta'
[0.145s] Level 1:colcon.colcon_core.package_identification:_identify(src) by extensions ['ros']
[0.145s] Level 1:colcon.colcon_core.package_identification:_identify(src) by extension 'ros'
[0.146s] Level 1:colcon.colcon_core.package_identification:_identify(src) by extensions ['cmake', 'python']
[0.146s] Level 1:colcon.colcon_core.package_identification:_identify(src) by extension 'cmake'
[0.146s] Level 1:colcon.colcon_core.package_identification:_identify(src) by extension 'python'
[0.146s] Level 1:colcon.colcon_core.package_identification:_identify(src) by extensions ['python_setup_py']
[0.146s] Level 1:colcon.colcon_core.package_identification:_identify(src) by extension 'python_setup_py'
[0.146s] Level 1:colcon.colcon_core.package_identification:_identify(src/TurtleBot3) by extensions ['ignore', 'ignore_ament_install']
[0.146s] Level 1:colcon.colcon_core.package_identification:_identify(src/TurtleBot3) by extension 'ignore'
[0.146s] Level 1:colcon.colcon_core.package_identification:_identify(src/TurtleBot3) by extension 'ignore_ament_install'
[0.146s] Level 1:colcon.colcon_core.package_identification:_identify(src/TurtleBot3) by extensions ['colcon_pkg']
[0.146s] Level 1:colcon.colcon_core.package_identification:_identify(src/TurtleBot3) by extension 'colcon_pkg'
[0.146s] Level 1:colcon.colcon_core.package_identification:_identify(src/TurtleBot3) by extensions ['colcon_meta']
[0.146s] Level 1:colcon.colcon_core.package_identification:_identify(src/TurtleBot3) by extension 'colcon_meta'
[0.146s] Level 1:colcon.colcon_core.package_identification:_identify(src/TurtleBot3) by extensions ['ros']
[0.146s] Level 1:colcon.colcon_core.package_identification:_identify(src/TurtleBot3) by extension 'ros'
[0.146s] Level 1:colcon.colcon_core.package_identification:_identify(src/TurtleBot3) by extensions ['cmake', 'python']
[0.146s] Level 1:colcon.colcon_core.package_identification:_identify(src/TurtleBot3) by extension 'cmake'
[0.146s] Level 1:colcon.colcon_core.package_identification:_identify(src/TurtleBot3) by extension 'python'
[0.146s] Level 1:colcon.colcon_core.package_identification:_identify(src/TurtleBot3) by extensions ['python_setup_py']
[0.146s] Level 1:colcon.colcon_core.package_identification:_identify(src/TurtleBot3) by extension 'python_setup_py'
[0.146s] Level 1:colcon.colcon_core.package_identification:_identify(src/TurtleBot3/build) by extensions ['ignore', 'ignore_ament_install']
[0.146s] Level 1:colcon.colcon_core.package_identification:_identify(src/TurtleBot3/build) by extension 'ignore'
[0.146s] Level 1:colcon.colcon_core.package_identification:_identify(src/TurtleBot3/build) ignored
[0.146s] Level 1:colcon.colcon_core.package_identification:_identify(src/TurtleBot3/install) by extensions ['ignore', 'ignore_ament_install']
[0.146s] Level 1:colcon.colcon_core.package_identification:_identify(src/TurtleBot3/install) by extension 'ignore'
[0.146s] Level 1:colcon.colcon_core.package_identification:_identify(src/TurtleBot3/install) ignored
[0.146s] Level 1:colcon.colcon_core.package_identification:_identify(src/TurtleBot3/log) by extensions ['ignore', 'ignore_ament_install']
[0.146s] Level 1:colcon.colcon_core.package_identification:_identify(src/TurtleBot3/log) by extension 'ignore'
[0.146s] Level 1:colcon.colcon_core.package_identification:_identify(src/TurtleBot3/log) ignored
[0.146s] Level 1:colcon.colcon_core.package_identification:_identify(src/TurtleBot3/src) by extensions ['ignore', 'ignore_ament_install']
[0.146s] Level 1:colcon.colcon_core.package_identification:_identify(src/TurtleBot3/src) by extension 'ignore'
[0.146s] Level 1:colcon.colcon_core.package_identification:_identify(src/TurtleBot3/src) by extension 'ignore_ament_install'
[0.146s] Level 1:colcon.colcon_core.package_identification:_identify(src/TurtleBot3/src) by extensions ['colcon_pkg']
[0.146s] Level 1:colcon.colcon_core.package_identification:_identify(src/TurtleBot3/src) by extension 'colcon_pkg'
[0.146s] Level 1:colcon.colcon_core.package_identification:_identify(src/TurtleBot3/src) by extensions ['colcon_meta']
[0.146s] Level 1:colcon.colcon_core.package_identification:_identify(src/TurtleBot3/src) by extension 'colcon_meta'
[0.146s] Level 1:colcon.colcon_core.package_identification:_identify(src/TurtleBot3/src) by extensions ['ros']
[0.146s] Level 1:colcon.colcon_core.package_identification:_identify(src/TurtleBot3/src) by extension 'ros'
[0.146s] Level 1:colcon.colcon_core.package_identification:_identify(src/TurtleBot3/src) by extensions ['cmake', 'python']
[0.146s] Level 1:colcon.colcon_core.package_identification:_identify(src/TurtleBot3/src) by extension 'cmake'
[0.146s] Level 1:colcon.colcon_core.package_identification:_identify(src/TurtleBot3/src) by extension 'python'
[0.146s] Level 1:colcon.colcon_core.package_identification:_identify(src/TurtleBot3/src) by extensions ['python_setup_py']
[0.146s] Level 1:colcon.colcon_core.package_identification:_identify(src/TurtleBot3/src) by extension 'python_setup_py'
[0.146s] Level 1:colcon.colcon_core.package_identification:_identify(src/build) by extensions ['ignore', 'ignore_ament_install']
[0.146s] Level 1:colcon.colcon_core.package_identification:_identify(src/build) by extension 'ignore'
[0.146s] Level 1:colcon.colcon_core.package_identification:_identify(src/build) ignored
[0.146s] Level 1:colcon.colcon_core.package_identification:_identify(src/igvc_2025) by extensions ['ignore', 'ignore_ament_install']
[0.147s] Level 1:colcon.colcon_core.package_identification:_identify(src/igvc_2025) by extension 'ignore'
[0.147s] Level 1:colcon.colcon_core.package_identification:_identify(src/igvc_2025) by extension 'ignore_ament_install'
[0.147s] Level 1:colcon.colcon_core.package_identification:_identify(src/igvc_2025) by extensions ['colcon_pkg']
[0.147s] Level 1:colcon.colcon_core.package_identification:_identify(src/igvc_2025) by extension 'colcon_pkg'
[0.147s] Level 1:colcon.colcon_core.package_identification:_identify(src/igvc_2025) by extensions ['colcon_meta']
[0.147s] Level 1:colcon.colcon_core.package_identification:_identify(src/igvc_2025) by extension 'colcon_meta'
[0.147s] Level 1:colcon.colcon_core.package_identification:_identify(src/igvc_2025) by extensions ['ros']
[0.147s] Level 1:colcon.colcon_core.package_identification:_identify(src/igvc_2025) by extension 'ros'
[0.147s] Level 1:colcon.colcon_core.package_identification:_identify(src/igvc_2025) by extensions ['cmake', 'python']
[0.147s] Level 1:colcon.colcon_core.package_identification:_identify(src/igvc_2025) by extension 'cmake'
[0.147s] Level 1:colcon.colcon_core.package_identification:_identify(src/igvc_2025) by extension 'python'
[0.147s] Level 1:colcon.colcon_core.package_identification:_identify(src/igvc_2025) by extensions ['python_setup_py']
[0.147s] Level 1:colcon.colcon_core.package_identification:_identify(src/igvc_2025) by extension 'python_setup_py'
[0.147s] Level 1:colcon.colcon_core.package_identification:_identify(src/igvc_2025/TurtleBot3) by extensions ['ignore', 'ignore_ament_install']
[0.147s] Level 1:colcon.colcon_core.package_identification:_identify(src/igvc_2025/TurtleBot3) by extension 'ignore'
[0.147s] Level 1:colcon.colcon_core.package_identification:_identify(src/igvc_2025/TurtleBot3) by extension 'ignore_ament_install'
[0.147s] Level 1:colcon.colcon_core.package_identification:_identify(src/igvc_2025/TurtleBot3) by extensions ['colcon_pkg']
[0.147s] Level 1:colcon.colcon_core.package_identification:_identify(src/igvc_2025/TurtleBot3) by extension 'colcon_pkg'
[0.147s] Level 1:colcon.colcon_core.package_identification:_identify(src/igvc_2025/TurtleBot3) by extensions ['colcon_meta']
[0.147s] Level 1:colcon.colcon_core.package_identification:_identify(src/igvc_2025/TurtleBot3) by extension 'colcon_meta'
[0.147s] Level 1:colcon.colcon_core.package_identification:_identify(src/igvc_2025/TurtleBot3) by extensions ['ros']
[0.147s] Level 1:colcon.colcon_core.package_identification:_identify(src/igvc_2025/TurtleBot3) by extension 'ros'
[0.147s] Level 1:colcon.colcon_core.package_identification:_identify(src/igvc_2025/TurtleBot3) by extensions ['cmake', 'python']
[0.147s] Level 1:colcon.colcon_core.package_identification:_identify(src/igvc_2025/TurtleBot3) by extension 'cmake'
[0.147s] Level 1:colcon.colcon_core.package_identification:_identify(src/igvc_2025/TurtleBot3) by extension 'python'
[0.147s] Level 1:colcon.colcon_core.package_identification:_identify(src/igvc_2025/TurtleBot3) by extensions ['python_setup_py']
[0.147s] Level 1:colcon.colcon_core.package_identification:_identify(src/igvc_2025/TurtleBot3) by extension 'python_setup_py'
[0.147s] Level 1:colcon.colcon_core.package_identification:_identify(src/igvc_2025/TurtleBot3/build) by extensions ['ignore', 'ignore_ament_install']
[0.147s] Level 1:colcon.colcon_core.package_identification:_identify(src/igvc_2025/TurtleBot3/build) by extension 'ignore'
[0.147s] Level 1:colcon.colcon_core.package_identification:_identify(src/igvc_2025/TurtleBot3/build) ignored
[0.147s] Level 1:colcon.colcon_core.package_identification:_identify(src/igvc_2025/TurtleBot3/install) by extensions ['ignore', 'ignore_ament_install']
[0.147s] Level 1:colcon.colcon_core.package_identification:_identify(src/igvc_2025/TurtleBot3/install) by extension 'ignore'
[0.147s] Level 1:colcon.colcon_core.package_identification:_identify(src/igvc_2025/TurtleBot3/install) ignored
[0.147s] Level 1:colcon.colcon_core.package_identification:_identify(src/igvc_2025/TurtleBot3/log) by extensions ['ignore', 'ignore_ament_install']
[0.147s] Level 1:colcon.colcon_core.package_identification:_identify(src/igvc_2025/TurtleBot3/log) by extension 'ignore'
[0.147s] Level 1:colcon.colcon_core.package_identification:_identify(src/igvc_2025/TurtleBot3/log) ignored
[0.147s] Level 1:colcon.colcon_core.package_identification:_identify(src/igvc_2025/TurtleBot3/src) by extensions ['ignore', 'ignore_ament_install']
[0.147s] Level 1:colcon.colcon_core.package_identification:_identify(src/igvc_2025/TurtleBot3/src) by extension 'ignore'
[0.147s] Level 1:colcon.colcon_core.package_identification:_identify(src/igvc_2025/TurtleBot3/src) by extension 'ignore_ament_install'
[0.147s] Level 1:colcon.colcon_core.package_identification:_identify(src/igvc_2025/TurtleBot3/src) by extensions ['colcon_pkg']
[0.147s] Level 1:colcon.colcon_core.package_identification:_identify(src/igvc_2025/TurtleBot3/src) by extension 'colcon_pkg'
[0.147s] Level 1:colcon.colcon_core.package_identification:_identify(src/igvc_2025/TurtleBot3/src) by extensions ['colcon_meta']
[0.147s] Level 1:colcon.colcon_core.package_identification:_identify(src/igvc_2025/TurtleBot3/src) by extension 'colcon_meta'
[0.147s] Level 1:colcon.colcon_core.package_identification:_identify(src/igvc_2025/TurtleBot3/src) by extensions ['ros']
[0.147s] Level 1:colcon.colcon_core.package_identification:_identify(src/igvc_2025/TurtleBot3/src) by extension 'ros'
[0.147s] Level 1:colcon.colcon_core.package_identification:_identify(src/igvc_2025/TurtleBot3/src) by extensions ['cmake', 'python']
[0.147s] Level 1:colcon.colcon_core.package_identification:_identify(src/igvc_2025/TurtleBot3/src) by extension 'cmake'
[0.147s] Level 1:colcon.colcon_core.package_identification:_identify(src/igvc_2025/TurtleBot3/src) by extension 'python'
[0.148s] Level 1:colcon.colcon_core.package_identification:_identify(src/igvc_2025/TurtleBot3/src) by extensions ['python_setup_py']
[0.148s] Level 1:colcon.colcon_core.package_identification:_identify(src/igvc_2025/TurtleBot3/src) by extension 'python_setup_py'
[0.148s] Level 1:colcon.colcon_core.package_identification:_identify(src/igvc_2025/autoNav_lane_following) by extensions ['ignore', 'ignore_ament_install']
[0.148s] Level 1:colcon.colcon_core.package_identification:_identify(src/igvc_2025/autoNav_lane_following) by extension 'ignore'
[0.148s] Level 1:colcon.colcon_core.package_identification:_identify(src/igvc_2025/autoNav_lane_following) by extension 'ignore_ament_install'
[0.148s] Level 1:colcon.colcon_core.package_identification:_identify(src/igvc_2025/autoNav_lane_following) by extensions ['colcon_pkg']
[0.148s] Level 1:colcon.colcon_core.package_identification:_identify(src/igvc_2025/autoNav_lane_following) by extension 'colcon_pkg'
[0.148s] Level 1:colcon.colcon_core.package_identification:_identify(src/igvc_2025/autoNav_lane_following) by extensions ['colcon_meta']
[0.148s] Level 1:colcon.colcon_core.package_identification:_identify(src/igvc_2025/autoNav_lane_following) by extension 'colcon_meta'
[0.148s] Level 1:colcon.colcon_core.package_identification:_identify(src/igvc_2025/autoNav_lane_following) by extensions ['ros']
[0.148s] Level 1:colcon.colcon_core.package_identification:_identify(src/igvc_2025/autoNav_lane_following) by extension 'ros'
[0.149s] DEBUG:colcon.colcon_core.package_identification:Package 'src/igvc_2025/autoNav_lane_following' with type 'ros.ament_python' and name 'autoNav_lane_following'
[0.149s] Level 1:colcon.colcon_core.package_identification:_identify(src/igvc_2025/build) by extensions ['ignore', 'ignore_ament_install']
[0.149s] Level 1:colcon.colcon_core.package_identification:_identify(src/igvc_2025/build) by extension 'ignore'
[0.149s] Level 1:colcon.colcon_core.package_identification:_identify(src/igvc_2025/build) ignored
[0.149s] Level 1:colcon.colcon_core.package_identification:_identify(src/igvc_2025/install) by extensions ['ignore', 'ignore_ament_install']
[0.149s] Level 1:colcon.colcon_core.package_identification:_identify(src/igvc_2025/install) by extension 'ignore'
[0.149s] Level 1:colcon.colcon_core.package_identification:_identify(src/igvc_2025/install) ignored
[0.149s] Level 1:colcon.colcon_core.package_identification:_identify(src/igvc_2025/lane_following_py) by extensions ['ignore', 'ignore_ament_install']
[0.149s] Level 1:colcon.colcon_core.package_identification:_identify(src/igvc_2025/lane_following_py) by extension 'ignore'
[0.149s] Level 1:colcon.colcon_core.package_identification:_identify(src/igvc_2025/lane_following_py) by extension 'ignore_ament_install'
[0.149s] Level 1:colcon.colcon_core.package_identification:_identify(src/igvc_2025/lane_following_py) by extensions ['colcon_pkg']
[0.149s] Level 1:colcon.colcon_core.package_identification:_identify(src/igvc_2025/lane_following_py) by extension 'colcon_pkg'
[0.149s] Level 1:colcon.colcon_core.package_identification:_identify(src/igvc_2025/lane_following_py) by extensions ['colcon_meta']
[0.149s] Level 1:colcon.colcon_core.package_identification:_identify(src/igvc_2025/lane_following_py) by extension 'colcon_meta'
[0.149s] Level 1:colcon.colcon_core.package_identification:_identify(src/igvc_2025/lane_following_py) by extensions ['ros']
[0.149s] Level 1:colcon.colcon_core.package_identification:_identify(src/igvc_2025/lane_following_py) by extension 'ros'
[0.150s] DEBUG:colcon.colcon_core.package_identification:Package 'src/igvc_2025/lane_following_py' with type 'ros.ament_python' and name 'lane_following_py'
[0.150s] Level 1:colcon.colcon_core.package_identification:_identify(src/igvc_2025/log) by extensions ['ignore', 'ignore_ament_install']
[0.150s] Level 1:colcon.colcon_core.package_identification:_identify(src/igvc_2025/log) by extension 'ignore'
[0.150s] Level 1:colcon.colcon_core.package_identification:_identify(src/igvc_2025/log) ignored
[0.150s] Level 1:colcon.colcon_core.package_identification:_identify(src/igvc_2025/turtlebot3_simulations) by extensions ['ignore', 'ignore_ament_install']
[0.150s] Level 1:colcon.colcon_core.package_identification:_identify(src/igvc_2025/turtlebot3_simulations) by extension 'ignore'
[0.150s] Level 1:colcon.colcon_core.package_identification:_identify(src/igvc_2025/turtlebot3_simulations) by extension 'ignore_ament_install'
[0.150s] Level 1:colcon.colcon_core.package_identification:_identify(src/igvc_2025/turtlebot3_simulations) by extensions ['colcon_pkg']
[0.150s] Level 1:colcon.colcon_core.package_identification:_identify(src/igvc_2025/turtlebot3_simulations) by extension 'colcon_pkg'
[0.150s] Level 1:colcon.colcon_core.package_identification:_identify(src/igvc_2025/turtlebot3_simulations) by extensions ['colcon_meta']
[0.150s] Level 1:colcon.colcon_core.package_identification:_identify(src/igvc_2025/turtlebot3_simulations) by extension 'colcon_meta'
[0.150s] Level 1:colcon.colcon_core.package_identification:_identify(src/igvc_2025/turtlebot3_simulations) by extensions ['ros']
[0.150s] Level 1:colcon.colcon_core.package_identification:_identify(src/igvc_2025/turtlebot3_simulations) by extension 'ros'
[0.150s] Level 1:colcon.colcon_core.package_identification:_identify(src/igvc_2025/turtlebot3_simulations) by extensions ['cmake', 'python']
[0.150s] Level 1:colcon.colcon_core.package_identification:_identify(src/igvc_2025/turtlebot3_simulations) by extension 'cmake'
[0.150s] Level 1:colcon.colcon_core.package_identification:_identify(src/igvc_2025/turtlebot3_simulations) by extension 'python'
[0.150s] Level 1:colcon.colcon_core.package_identification:_identify(src/igvc_2025/turtlebot3_simulations) by extensions ['python_setup_py']
[0.150s] Level 1:colcon.colcon_core.package_identification:_identify(src/igvc_2025/turtlebot3_simulations) by extension 'python_setup_py'
[0.150s] Level 1:colcon.colcon_core.package_identification:_identify(src/igvc_2025/turtlebot3_simulations/turtlebot3_fake_node) by extensions ['ignore', 'ignore_ament_install']
[0.150s] Level 1:colcon.colcon_core.package_identification:_identify(src/igvc_2025/turtlebot3_simulations/turtlebot3_fake_node) by extension 'ignore'
[0.150s] Level 1:colcon.colcon_core.package_identification:_identify(src/igvc_2025/turtlebot3_simulations/turtlebot3_fake_node) by extension 'ignore_ament_install'
[0.150s] Level 1:colcon.colcon_core.package_identification:_identify(src/igvc_2025/turtlebot3_simulations/turtlebot3_fake_node) by extensions ['colcon_pkg']
[0.150s] Level 1:colcon.colcon_core.package_identification:_identify(src/igvc_2025/turtlebot3_simulations/turtlebot3_fake_node) by extension 'colcon_pkg'
[0.150s] Level 1:colcon.colcon_core.package_identification:_identify(src/igvc_2025/turtlebot3_simulations/turtlebot3_fake_node) by extensions ['colcon_meta']
[0.150s] Level 1:colcon.colcon_core.package_identification:_identify(src/igvc_2025/turtlebot3_simulations/turtlebot3_fake_node) by extension 'colcon_meta'
[0.150s] Level 1:colcon.colcon_core.package_identification:_identify(src/igvc_2025/turtlebot3_simulations/turtlebot3_fake_node) by extensions ['ros']
[0.150s] Level 1:colcon.colcon_core.package_identification:_identify(src/igvc_2025/turtlebot3_simulations/turtlebot3_fake_node) by extension 'ros'
[0.151s] DEBUG:colcon.colcon_core.package_identification:Package 'src/igvc_2025/turtlebot3_simulations/turtlebot3_fake_node' with type 'ros.ament_cmake' and name 'turtlebot3_fake_node'
[0.151s] Level 1:colcon.colcon_core.package_identification:_identify(src/igvc_2025/turtlebot3_simulations/turtlebot3_gazebo) by extensions ['ignore', 'ignore_ament_install']
[0.151s] Level 1:colcon.colcon_core.package_identification:_identify(src/igvc_2025/turtlebot3_simulations/turtlebot3_gazebo) by extension 'ignore'
[0.151s] Level 1:colcon.colcon_core.package_identification:_identify(src/igvc_2025/turtlebot3_simulations/turtlebot3_gazebo) by extension 'ignore_ament_install'
[0.151s] Level 1:colcon.colcon_core.package_identification:_identify(src/igvc_2025/turtlebot3_simulations/turtlebot3_gazebo) by extensions ['colcon_pkg']
[0.151s] Level 1:colcon.colcon_core.package_identification:_identify(src/igvc_2025/turtlebot3_simulations/turtlebot3_gazebo) by extension 'colcon_pkg'
[0.151s] Level 1:colcon.colcon_core.package_identification:_identify(src/igvc_2025/turtlebot3_simulations/turtlebot3_gazebo) by extensions ['colcon_meta']
[0.151s] Level 1:colcon.colcon_core.package_identification:_identify(src/igvc_2025/turtlebot3_simulations/turtlebot3_gazebo) by extension 'colcon_meta'
[0.151s] Level 1:colcon.colcon_core.package_identification:_identify(src/igvc_2025/turtlebot3_simulations/turtlebot3_gazebo) by extensions ['ros']
[0.151s] Level 1:colcon.colcon_core.package_identification:_identify(src/igvc_2025/turtlebot3_simulations/turtlebot3_gazebo) by extension 'ros'
[0.152s] DEBUG:colcon.colcon_core.package_identification:Package 'src/igvc_2025/turtlebot3_simulations/turtlebot3_gazebo' with type 'ros.ament_cmake' and name 'turtlebot3_gazebo'
[0.152s] Level 1:colcon.colcon_core.package_identification:_identify(src/igvc_2025/turtlebot3_simulations/turtlebot3_simulations) by extensions ['ignore', 'ignore_ament_install']
[0.152s] Level 1:colcon.colcon_core.package_identification:_identify(src/igvc_2025/turtlebot3_simulations/turtlebot3_simulations) by extension 'ignore'
[0.152s] Level 1:colcon.colcon_core.package_identification:_identify(src/igvc_2025/turtlebot3_simulations/turtlebot3_simulations) by extension 'ignore_ament_install'
[0.152s] Level 1:colcon.colcon_core.package_identification:_identify(src/igvc_2025/turtlebot3_simulations/turtlebot3_simulations) by extensions ['colcon_pkg']
[0.152s] Level 1:colcon.colcon_core.package_identification:_identify(src/igvc_2025/turtlebot3_simulations/turtlebot3_simulations) by extension 'colcon_pkg'
[0.152s] Level 1:colcon.colcon_core.package_identification:_identify(src/igvc_2025/turtlebot3_simulations/turtlebot3_simulations) by extensions ['colcon_meta']
[0.152s] Level 1:colcon.colcon_core.package_identification:_identify(src/igvc_2025/turtlebot3_simulations/turtlebot3_simulations) by extension 'colcon_meta'
[0.152s] Level 1:colcon.colcon_core.package_identification:_identify(src/igvc_2025/turtlebot3_simulations/turtlebot3_simulations) by extensions ['ros']
[0.152s] Level 1:colcon.colcon_core.package_identification:_identify(src/igvc_2025/turtlebot3_simulations/turtlebot3_simulations) by extension 'ros'
[0.152s] DEBUG:colcon.colcon_core.package_identification:Package 'src/igvc_2025/turtlebot3_simulations/turtlebot3_simulations' with type 'ros.ament_cmake' and name 'turtlebot3_simulations'
[0.152s] Level 1:colcon.colcon_core.package_identification:_identify(src/install) by extensions ['ignore', 'ignore_ament_install']
[0.152s] Level 1:colcon.colcon_core.package_identification:_identify(src/install) by extension 'ignore'
[0.152s] Level 1:colcon.colcon_core.package_identification:_identify(src/install) ignored
[0.152s] Level 1:colcon.colcon_core.package_identification:_identify(src/log) by extensions ['ignore', 'ignore_ament_install']
[0.152s] Level 1:colcon.colcon_core.package_identification:_identify(src/log) by extension 'ignore'
[0.152s] Level 1:colcon.colcon_core.package_identification:_identify(src/log) ignored
[0.152s] Level 1:colcon.colcon_core.package_identification:_identify(src/maze_solver) by extensions ['ignore', 'ignore_ament_install']
[0.152s] Level 1:colcon.colcon_core.package_identification:_identify(src/maze_solver) by extension 'ignore'
[0.152s] Level 1:colcon.colcon_core.package_identification:_identify(src/maze_solver) by extension 'ignore_ament_install'
[0.152s] Level 1:colcon.colcon_core.package_identification:_identify(src/maze_solver) by extensions ['colcon_pkg']
[0.152s] Level 1:colcon.colcon_core.package_identification:_identify(src/maze_solver) by extension 'colcon_pkg'
[0.152s] Level 1:colcon.colcon_core.package_identification:_identify(src/maze_solver) by extensions ['colcon_meta']
[0.152s] Level 1:colcon.colcon_core.package_identification:_identify(src/maze_solver) by extension 'colcon_meta'
[0.153s] Level 1:colcon.colcon_core.package_identification:_identify(src/maze_solver) by extensions ['ros']
[0.153s] Level 1:colcon.colcon_core.package_identification:_identify(src/maze_solver) by extension 'ros'
[0.153s] DEBUG:colcon.colcon_core.package_identification:Package 'src/maze_solver' with type 'ros.ament_cmake' and name 'maze_solver'
[0.153s] Level 1:colcon.colcon_core.package_identification:_identify(src/turtlebot3_simulations) by extensions ['ignore', 'ignore_ament_install']
[0.153s] Level 1:colcon.colcon_core.package_identification:_identify(src/turtlebot3_simulations) by extension 'ignore'
[0.153s] Level 1:colcon.colcon_core.package_identification:_identify(src/turtlebot3_simulations) by extension 'ignore_ament_install'
[0.153s] Level 1:colcon.colcon_core.package_identification:_identify(src/turtlebot3_simulations) by extensions ['colcon_pkg']
[0.153s] Level 1:colcon.colcon_core.package_identification:_identify(src/turtlebot3_simulations) by extension 'colcon_pkg'
[0.153s] Level 1:colcon.colcon_core.package_identification:_identify(src/turtlebot3_simulations) by extensions ['colcon_meta']
[0.153s] Level 1:colcon.colcon_core.package_identification:_identify(src/turtlebot3_simulations) by extension 'colcon_meta'
[0.153s] Level 1:colcon.colcon_core.package_identification:_identify(src/turtlebot3_simulations) by extensions ['ros']
[0.153s] Level 1:colcon.colcon_core.package_identification:_identify(src/turtlebot3_simulations) by extension 'ros'
[0.153s] Level 1:colcon.colcon_core.package_identification:_identify(src/turtlebot3_simulations) by extensions ['cmake', 'python']
[0.153s] Level 1:colcon.colcon_core.package_identification:_identify(src/turtlebot3_simulations) by extension 'cmake'
[0.153s] Level 1:colcon.colcon_core.package_identification:_identify(src/turtlebot3_simulations) by extension 'python'
[0.153s] Level 1:colcon.colcon_core.package_identification:_identify(src/turtlebot3_simulations) by extensions ['python_setup_py']
[0.153s] Level 1:colcon.colcon_core.package_identification:_identify(src/turtlebot3_simulations) by extension 'python_setup_py'
[0.153s] Level 1:colcon.colcon_core.package_identification:_identify(src/turtlebot3_simulations/turtlebot3_fake_node) by extensions ['ignore', 'ignore_ament_install']
[0.153s] Level 1:colcon.colcon_core.package_identification:_identify(src/turtlebot3_simulations/turtlebot3_fake_node) by extension 'ignore'
[0.153s] Level 1:colcon.colcon_core.package_identification:_identify(src/turtlebot3_simulations/turtlebot3_fake_node) by extension 'ignore_ament_install'
[0.153s] Level 1:colcon.colcon_core.package_identification:_identify(src/turtlebot3_simulations/turtlebot3_fake_node) by extensions ['colcon_pkg']
[0.153s] Level 1:colcon.colcon_core.package_identification:_identify(src/turtlebot3_simulations/turtlebot3_fake_node) by extension 'colcon_pkg'
[0.153s] Level 1:colcon.colcon_core.package_identification:_identify(src/turtlebot3_simulations/turtlebot3_fake_node) by extensions ['colcon_meta']
[0.153s] Level 1:colcon.colcon_core.package_identification:_identify(src/turtlebot3_simulations/turtlebot3_fake_node) by extension 'colcon_meta'
[0.153s] Level 1:colcon.colcon_core.package_identification:_identify(src/turtlebot3_simulations/turtlebot3_fake_node) by extensions ['ros']
[0.153s] Level 1:colcon.colcon_core.package_identification:_identify(src/turtlebot3_simulations/turtlebot3_fake_node) by extension 'ros'
[0.154s] DEBUG:colcon.colcon_core.package_identification:Package 'src/turtlebot3_simulations/turtlebot3_fake_node' with type 'ros.ament_cmake' and name 'turtlebot3_fake_node'
[0.154s] Level 1:colcon.colcon_core.package_identification:_identify(src/turtlebot3_simulations/turtlebot3_gazebo) by extensions ['ignore', 'ignore_ament_install']
[0.154s] Level 1:colcon.colcon_core.package_identification:_identify(src/turtlebot3_simulations/turtlebot3_gazebo) by extension 'ignore'
[0.154s] Level 1:colcon.colcon_core.package_identification:_identify(src/turtlebot3_simulations/turtlebot3_gazebo) by extension 'ignore_ament_install'
[0.154s] Level 1:colcon.colcon_core.package_identification:_identify(src/turtlebot3_simulations/turtlebot3_gazebo) by extensions ['colcon_pkg']
[0.154s] Level 1:colcon.colcon_core.package_identification:_identify(src/turtlebot3_simulations/turtlebot3_gazebo) by extension 'colcon_pkg'
[0.154s] Level 1:colcon.colcon_core.package_identification:_identify(src/turtlebot3_simulations/turtlebot3_gazebo) by extensions ['colcon_meta']
[0.154s] Level 1:colcon.colcon_core.package_identification:_identify(src/turtlebot3_simulations/turtlebot3_gazebo) by extension 'colcon_meta'
[0.154s] Level 1:colcon.colcon_core.package_identification:_identify(src/turtlebot3_simulations/turtlebot3_gazebo) by extensions ['ros']
[0.154s] Level 1:colcon.colcon_core.package_identification:_identify(src/turtlebot3_simulations/turtlebot3_gazebo) by extension 'ros'
[0.154s] DEBUG:colcon.colcon_core.package_identification:Package 'src/turtlebot3_simulations/turtlebot3_gazebo' with type 'ros.ament_cmake' and name 'turtlebot3_gazebo'
[0.155s] Level 1:colcon.colcon_core.package_identification:_identify(src/turtlebot3_simulations/turtlebot3_simulations) by extensions ['ignore', 'ignore_ament_install']
[0.155s] Level 1:colcon.colcon_core.package_identification:_identify(src/turtlebot3_simulations/turtlebot3_simulations) by extension 'ignore'
[0.155s] Level 1:colcon.colcon_core.package_identification:_identify(src/turtlebot3_simulations/turtlebot3_simulations) by extension 'ignore_ament_install'
[0.155s] Level 1:colcon.colcon_core.package_identification:_identify(src/turtlebot3_simulations/turtlebot3_simulations) by extensions ['colcon_pkg']
[0.155s] Level 1:colcon.colcon_core.package_identification:_identify(src/turtlebot3_simulations/turtlebot3_simulations) by extension 'colcon_pkg'
[0.155s] Level 1:colcon.colcon_core.package_identification:_identify(src/turtlebot3_simulations/turtlebot3_simulations) by extensions ['colcon_meta']
[0.155s] Level 1:colcon.colcon_core.package_identification:_identify(src/turtlebot3_simulations/turtlebot3_simulations) by extension 'colcon_meta'
[0.155s] Level 1:colcon.colcon_core.package_identification:_identify(src/turtlebot3_simulations/turtlebot3_simulations) by extensions ['ros']
[0.155s] Level 1:colcon.colcon_core.package_identification:_identify(src/turtlebot3_simulations/turtlebot3_simulations) by extension 'ros'
[0.155s] DEBUG:colcon.colcon_core.package_identification:Package 'src/turtlebot3_simulations/turtlebot3_simulations' with type 'ros.ament_cmake' and name 'turtlebot3_simulations'
[0.155s] Level 1:colcon.colcon_core.package_discovery:discover_packages(recursive) using defaults
[0.155s] Level 1:colcon.colcon_core.package_discovery:discover_packages(ignore) discover
[0.155s] Level 1:colcon.colcon_core.package_discovery:discover_packages(ignore) using defaults
[0.155s] Level 1:colcon.colcon_core.package_discovery:discover_packages(path) discover
[0.155s] Level 1:colcon.colcon_core.package_discovery:discover_packages(path) using defaults
[0.171s] Level 1:colcon.colcon_core.package_discovery:discover_packages(prefix_path) check parameters
[0.171s] Level 1:colcon.colcon_core.package_discovery:discover_packages(prefix_path) discover
[0.172s] DEBUG:colcon.colcon_installed_package_information.package_discovery:Found 4 installed packages in /home/andrewt/ROS2_WS/install
[0.173s] DEBUG:colcon.colcon_installed_package_information.package_discovery:Found 398 installed packages in /opt/ros/humble
[0.174s] Level 1:colcon.colcon_core.package_discovery:discover_packages(prefix_path) using defaults
[0.199s] ERROR:colcon:colcon build: Duplicate package names not supported:
- turtlebot3_fake_node:
  - src/igvc_2025/turtlebot3_simulations/turtlebot3_fake_node
  - src/turtlebot3_simulations/turtlebot3_fake_node
- turtlebot3_gazebo:
  - src/igvc_2025/turtlebot3_simulations/turtlebot3_gazebo
  - src/turtlebot3_simulations/turtlebot3_gazebo
- turtlebot3_simulations:
  - src/igvc_2025/turtlebot3_simulations/turtlebot3_simulations
  - src/turtlebot3_simulations/turtlebot3_simulations
