[0.061s] DEBUG:colcon:Command line arguments: ['/usr/bin/colcon', 'build']
[0.061s] DEBUG:colcon:Parsed command line arguments: Namespace(log_base=None, log_level=None, verb_name='build', build_base='build', install_base='install', merge_install=False, symlink_install=False, test_result_base=None, continue_on_error=False, executor='parallel', parallel_workers=20, event_handlers=None, ignore_user_meta=False, metas=['./colcon.meta'], base_paths=['.'], packages_ignore=None, packages_ignore_regex=None, paths=None, packages_up_to=None, packages_up_to_regex=None, packages_above=None, packages_above_and_dependencies=None, packages_above_depth=None, packages_select_by_dep=None, packages_skip_by_dep=None, packages_skip_up_to=None, packages_select_build_failed=False, packages_skip_build_finished=False, packages_select_test_failures=False, packages_skip_test_passed=False, packages_select=None, packages_skip=None, packages_select_regex=None, packages_skip_regex=None, packages_start=None, packages_end=None, allow_overriding=[], cmake_args=None, cmake_target=None, cmake_target_skip_unavailable=False, cmake_clean_cache=False, cmake_clean_first=False, cmake_force_configure=False, ament_cmake_args=None, catkin_cmake_args=None, catkin_skip_building_tests=False, verb_parser=<colcon_defaults.argument_parser.defaults.DefaultArgumentsDecorator object at 0x7dc0b522b340>, verb_extension=<colcon_core.verb.build.BuildVerb object at 0x7dc0b5374640>, main=<bound method BuildVerb.main of <colcon_core.verb.build.BuildVerb object at 0x7dc0b5374640>>)
[0.148s] Level 1:colcon.colcon_core.package_discovery:discover_packages(colcon_meta) check parameters
[0.148s] Level 1:colcon.colcon_core.package_discovery:discover_packages(recursive) check parameters
[0.148s] Level 1:colcon.colcon_core.package_discovery:discover_packages(ignore) check parameters
[0.148s] Level 1:colcon.colcon_core.package_discovery:discover_packages(path) check parameters
[0.148s] Level 1:colcon.colcon_core.package_discovery:discover_packages(colcon_meta) discover
[0.148s] Level 1:colcon.colcon_core.package_discovery:discover_packages(recursive) discover
[0.148s] INFO:colcon.colcon_core.package_discovery:Crawling recursively for packages in '/home/andrewt/ROS2_WS'
[0.148s] Level 1:colcon.colcon_core.package_identification:_identify(.) by extensions ['ignore', 'ignore_ament_install']
[0.148s] Level 1:colcon.colcon_core.package_identification:_identify(.) by extension 'ignore'
[0.148s] Level 1:colcon.colcon_core.package_identification:_identify(.) by extension 'ignore_ament_install'
[0.148s] Level 1:colcon.colcon_core.package_identification:_identify(.) by extensions ['colcon_pkg']
[0.148s] Level 1:colcon.colcon_core.package_identification:_identify(.) by extension 'colcon_pkg'
[0.148s] Level 1:colcon.colcon_core.package_identification:_identify(.) by extensions ['colcon_meta']
[0.148s] Level 1:colcon.colcon_core.package_identification:_identify(.) by extension 'colcon_meta'
[0.148s] Level 1:colcon.colcon_core.package_identification:_identify(.) by extensions ['ros']
[0.148s] Level 1:colcon.colcon_core.package_identification:_identify(.) by extension 'ros'
[0.154s] Level 1:colcon.colcon_core.package_identification:_identify(.) by extensions ['cmake', 'python']
[0.154s] Level 1:colcon.colcon_core.package_identification:_identify(.) by extension 'cmake'
[0.154s] Level 1:colcon.colcon_core.package_identification:_identify(.) by extension 'python'
[0.154s] Level 1:colcon.colcon_core.package_identification:_identify(.) by extensions ['python_setup_py']
[0.154s] Level 1:colcon.colcon_core.package_identification:_identify(.) by extension 'python_setup_py'
[0.154s] Level 1:colcon.colcon_core.package_identification:_identify(build) by extensions ['ignore', 'ignore_ament_install']
[0.154s] Level 1:colcon.colcon_core.package_identification:_identify(build) by extension 'ignore'
[0.154s] Level 1:colcon.colcon_core.package_identification:_identify(build) ignored
[0.155s] Level 1:colcon.colcon_core.package_identification:_identify(install) by extensions ['ignore', 'ignore_ament_install']
[0.155s] Level 1:colcon.colcon_core.package_identification:_identify(install) by extension 'ignore'
[0.155s] Level 1:colcon.colcon_core.package_identification:_identify(install) ignored
[0.155s] Level 1:colcon.colcon_core.package_identification:_identify(log) by extensions ['ignore', 'ignore_ament_install']
[0.155s] Level 1:colcon.colcon_core.package_identification:_identify(log) by extension 'ignore'
[0.155s] Level 1:colcon.colcon_core.package_identification:_identify(log) ignored
[0.155s] Level 1:colcon.colcon_core.package_identification:_identify(src) by extensions ['ignore', 'ignore_ament_install']
[0.155s] Level 1:colcon.colcon_core.package_identification:_identify(src) by extension 'ignore'
[0.155s] Level 1:colcon.colcon_core.package_identification:_identify(src) by extension 'ignore_ament_install'
[0.155s] Level 1:colcon.colcon_core.package_identification:_identify(src) by extensions ['colcon_pkg']
[0.155s] Level 1:colcon.colcon_core.package_identification:_identify(src) by extension 'colcon_pkg'
[0.155s] Level 1:colcon.colcon_core.package_identification:_identify(src) by extensions ['colcon_meta']
[0.155s] Level 1:colcon.colcon_core.package_identification:_identify(src) by extension 'colcon_meta'
[0.155s] Level 1:colcon.colcon_core.package_identification:_identify(src) by extensions ['ros']
[0.155s] Level 1:colcon.colcon_core.package_identification:_identify(src) by extension 'ros'
[0.155s] Level 1:colcon.colcon_core.package_identification:_identify(src) by extensions ['cmake', 'python']
[0.155s] Level 1:colcon.colcon_core.package_identification:_identify(src) by extension 'cmake'
[0.155s] Level 1:colcon.colcon_core.package_identification:_identify(src) by extension 'python'
[0.155s] Level 1:colcon.colcon_core.package_identification:_identify(src) by extensions ['python_setup_py']
[0.155s] Level 1:colcon.colcon_core.package_identification:_identify(src) by extension 'python_setup_py'
[0.155s] Level 1:colcon.colcon_core.package_identification:_identify(src/TurtleBot3) by extensions ['ignore', 'ignore_ament_install']
[0.155s] Level 1:colcon.colcon_core.package_identification:_identify(src/TurtleBot3) by extension 'ignore'
[0.155s] Level 1:colcon.colcon_core.package_identification:_identify(src/TurtleBot3) by extension 'ignore_ament_install'
[0.155s] Level 1:colcon.colcon_core.package_identification:_identify(src/TurtleBot3) by extensions ['colcon_pkg']
[0.155s] Level 1:colcon.colcon_core.package_identification:_identify(src/TurtleBot3) by extension 'colcon_pkg'
[0.155s] Level 1:colcon.colcon_core.package_identification:_identify(src/TurtleBot3) by extensions ['colcon_meta']
[0.155s] Level 1:colcon.colcon_core.package_identification:_identify(src/TurtleBot3) by extension 'colcon_meta'
[0.155s] Level 1:colcon.colcon_core.package_identification:_identify(src/TurtleBot3) by extensions ['ros']
[0.155s] Level 1:colcon.colcon_core.package_identification:_identify(src/TurtleBot3) by extension 'ros'
[0.155s] Level 1:colcon.colcon_core.package_identification:_identify(src/TurtleBot3) by extensions ['cmake', 'python']
[0.155s] Level 1:colcon.colcon_core.package_identification:_identify(src/TurtleBot3) by extension 'cmake'
[0.155s] Level 1:colcon.colcon_core.package_identification:_identify(src/TurtleBot3) by extension 'python'
[0.155s] Level 1:colcon.colcon_core.package_identification:_identify(src/TurtleBot3) by extensions ['python_setup_py']
[0.155s] Level 1:colcon.colcon_core.package_identification:_identify(src/TurtleBot3) by extension 'python_setup_py'
[0.155s] Level 1:colcon.colcon_core.package_identification:_identify(src/TurtleBot3/build) by extensions ['ignore', 'ignore_ament_install']
[0.155s] Level 1:colcon.colcon_core.package_identification:_identify(src/TurtleBot3/build) by extension 'ignore'
[0.155s] Level 1:colcon.colcon_core.package_identification:_identify(src/TurtleBot3/build) ignored
[0.155s] Level 1:colcon.colcon_core.package_identification:_identify(src/TurtleBot3/install) by extensions ['ignore', 'ignore_ament_install']
[0.156s] Level 1:colcon.colcon_core.package_identification:_identify(src/TurtleBot3/install) by extension 'ignore'
[0.156s] Level 1:colcon.colcon_core.package_identification:_identify(src/TurtleBot3/install) ignored
[0.156s] Level 1:colcon.colcon_core.package_identification:_identify(src/TurtleBot3/log) by extensions ['ignore', 'ignore_ament_install']
[0.156s] Level 1:colcon.colcon_core.package_identification:_identify(src/TurtleBot3/log) by extension 'ignore'
[0.156s] Level 1:colcon.colcon_core.package_identification:_identify(src/TurtleBot3/log) ignored
[0.156s] Level 1:colcon.colcon_core.package_identification:_identify(src/TurtleBot3/src) by extensions ['ignore', 'ignore_ament_install']
[0.156s] Level 1:colcon.colcon_core.package_identification:_identify(src/TurtleBot3/src) by extension 'ignore'
[0.156s] Level 1:colcon.colcon_core.package_identification:_identify(src/TurtleBot3/src) by extension 'ignore_ament_install'
[0.156s] Level 1:colcon.colcon_core.package_identification:_identify(src/TurtleBot3/src) by extensions ['colcon_pkg']
[0.156s] Level 1:colcon.colcon_core.package_identification:_identify(src/TurtleBot3/src) by extension 'colcon_pkg'
[0.156s] Level 1:colcon.colcon_core.package_identification:_identify(src/TurtleBot3/src) by extensions ['colcon_meta']
[0.156s] Level 1:colcon.colcon_core.package_identification:_identify(src/TurtleBot3/src) by extension 'colcon_meta'
[0.156s] Level 1:colcon.colcon_core.package_identification:_identify(src/TurtleBot3/src) by extensions ['ros']
[0.156s] Level 1:colcon.colcon_core.package_identification:_identify(src/TurtleBot3/src) by extension 'ros'
[0.156s] Level 1:colcon.colcon_core.package_identification:_identify(src/TurtleBot3/src) by extensions ['cmake', 'python']
[0.156s] Level 1:colcon.colcon_core.package_identification:_identify(src/TurtleBot3/src) by extension 'cmake'
[0.156s] Level 1:colcon.colcon_core.package_identification:_identify(src/TurtleBot3/src) by extension 'python'
[0.156s] Level 1:colcon.colcon_core.package_identification:_identify(src/TurtleBot3/src) by extensions ['python_setup_py']
[0.156s] Level 1:colcon.colcon_core.package_identification:_identify(src/TurtleBot3/src) by extension 'python_setup_py'
[0.156s] Level 1:colcon.colcon_core.package_identification:_identify(src/build) by extensions ['ignore', 'ignore_ament_install']
[0.156s] Level 1:colcon.colcon_core.package_identification:_identify(src/build) by extension 'ignore'
[0.156s] Level 1:colcon.colcon_core.package_identification:_identify(src/build) ignored
[0.156s] Level 1:colcon.colcon_core.package_identification:_identify(src/install) by extensions ['ignore', 'ignore_ament_install']
[0.156s] Level 1:colcon.colcon_core.package_identification:_identify(src/install) by extension 'ignore'
[0.156s] Level 1:colcon.colcon_core.package_identification:_identify(src/install) ignored
[0.156s] Level 1:colcon.colcon_core.package_identification:_identify(src/lane_follower) by extensions ['ignore', 'ignore_ament_install']
[0.156s] Level 1:colcon.colcon_core.package_identification:_identify(src/lane_follower) by extension 'ignore'
[0.156s] Level 1:colcon.colcon_core.package_identification:_identify(src/lane_follower) by extension 'ignore_ament_install'
[0.156s] Level 1:colcon.colcon_core.package_identification:_identify(src/lane_follower) by extensions ['colcon_pkg']
[0.156s] Level 1:colcon.colcon_core.package_identification:_identify(src/lane_follower) by extension 'colcon_pkg'
[0.156s] Level 1:colcon.colcon_core.package_identification:_identify(src/lane_follower) by extensions ['colcon_meta']
[0.156s] Level 1:colcon.colcon_core.package_identification:_identify(src/lane_follower) by extension 'colcon_meta'
[0.156s] Level 1:colcon.colcon_core.package_identification:_identify(src/lane_follower) by extensions ['ros']
[0.156s] Level 1:colcon.colcon_core.package_identification:_identify(src/lane_follower) by extension 'ros'
[0.158s] DEBUG:colcon.colcon_core.package_identification:Package 'src/lane_follower' with type 'ros.ament_python' and name 'lane_follower'
[0.158s] Level 1:colcon.colcon_core.package_identification:_identify(src/log) by extensions ['ignore', 'ignore_ament_install']
[0.158s] Level 1:colcon.colcon_core.package_identification:_identify(src/log) by extension 'ignore'
[0.158s] Level 1:colcon.colcon_core.package_identification:_identify(src/log) ignored
[0.158s] Level 1:colcon.colcon_core.package_identification:_identify(src/maze_solver) by extensions ['ignore', 'ignore_ament_install']
[0.158s] Level 1:colcon.colcon_core.package_identification:_identify(src/maze_solver) by extension 'ignore'
[0.158s] Level 1:colcon.colcon_core.package_identification:_identify(src/maze_solver) by extension 'ignore_ament_install'
[0.158s] Level 1:colcon.colcon_core.package_identification:_identify(src/maze_solver) by extensions ['colcon_pkg']
[0.158s] Level 1:colcon.colcon_core.package_identification:_identify(src/maze_solver) by extension 'colcon_pkg'
[0.158s] Level 1:colcon.colcon_core.package_identification:_identify(src/maze_solver) by extensions ['colcon_meta']
[0.158s] Level 1:colcon.colcon_core.package_identification:_identify(src/maze_solver) by extension 'colcon_meta'
[0.158s] Level 1:colcon.colcon_core.package_identification:_identify(src/maze_solver) by extensions ['ros']
[0.158s] Level 1:colcon.colcon_core.package_identification:_identify(src/maze_solver) by extension 'ros'
[0.159s] DEBUG:colcon.colcon_core.package_identification:Package 'src/maze_solver' with type 'ros.ament_cmake' and name 'maze_solver'
[0.159s] Level 1:colcon.colcon_core.package_identification:_identify(src/turtlebot3_simulations) by extensions ['ignore', 'ignore_ament_install']
[0.159s] Level 1:colcon.colcon_core.package_identification:_identify(src/turtlebot3_simulations) by extension 'ignore'
[0.159s] Level 1:colcon.colcon_core.package_identification:_identify(src/turtlebot3_simulations) by extension 'ignore_ament_install'
[0.159s] Level 1:colcon.colcon_core.package_identification:_identify(src/turtlebot3_simulations) by extensions ['colcon_pkg']
[0.159s] Level 1:colcon.colcon_core.package_identification:_identify(src/turtlebot3_simulations) by extension 'colcon_pkg'
[0.159s] Level 1:colcon.colcon_core.package_identification:_identify(src/turtlebot3_simulations) by extensions ['colcon_meta']
[0.159s] Level 1:colcon.colcon_core.package_identification:_identify(src/turtlebot3_simulations) by extension 'colcon_meta'
[0.159s] Level 1:colcon.colcon_core.package_identification:_identify(src/turtlebot3_simulations) by extensions ['ros']
[0.159s] Level 1:colcon.colcon_core.package_identification:_identify(src/turtlebot3_simulations) by extension 'ros'
[0.159s] Level 1:colcon.colcon_core.package_identification:_identify(src/turtlebot3_simulations) by extensions ['cmake', 'python']
[0.159s] Level 1:colcon.colcon_core.package_identification:_identify(src/turtlebot3_simulations) by extension 'cmake'
[0.159s] Level 1:colcon.colcon_core.package_identification:_identify(src/turtlebot3_simulations) by extension 'python'
[0.159s] Level 1:colcon.colcon_core.package_identification:_identify(src/turtlebot3_simulations) by extensions ['python_setup_py']
[0.159s] Level 1:colcon.colcon_core.package_identification:_identify(src/turtlebot3_simulations) by extension 'python_setup_py'
[0.159s] Level 1:colcon.colcon_core.package_identification:_identify(src/turtlebot3_simulations/turtlebot3_fake_node) by extensions ['ignore', 'ignore_ament_install']
[0.159s] Level 1:colcon.colcon_core.package_identification:_identify(src/turtlebot3_simulations/turtlebot3_fake_node) by extension 'ignore'
[0.159s] Level 1:colcon.colcon_core.package_identification:_identify(src/turtlebot3_simulations/turtlebot3_fake_node) by extension 'ignore_ament_install'
[0.159s] Level 1:colcon.colcon_core.package_identification:_identify(src/turtlebot3_simulations/turtlebot3_fake_node) by extensions ['colcon_pkg']
[0.159s] Level 1:colcon.colcon_core.package_identification:_identify(src/turtlebot3_simulations/turtlebot3_fake_node) by extension 'colcon_pkg'
[0.159s] Level 1:colcon.colcon_core.package_identification:_identify(src/turtlebot3_simulations/turtlebot3_fake_node) by extensions ['colcon_meta']
[0.159s] Level 1:colcon.colcon_core.package_identification:_identify(src/turtlebot3_simulations/turtlebot3_fake_node) by extension 'colcon_meta'
[0.159s] Level 1:colcon.colcon_core.package_identification:_identify(src/turtlebot3_simulations/turtlebot3_fake_node) by extensions ['ros']
[0.159s] Level 1:colcon.colcon_core.package_identification:_identify(src/turtlebot3_simulations/turtlebot3_fake_node) by extension 'ros'
[0.160s] DEBUG:colcon.colcon_core.package_identification:Package 'src/turtlebot3_simulations/turtlebot3_fake_node' with type 'ros.ament_cmake' and name 'turtlebot3_fake_node'
[0.160s] Level 1:colcon.colcon_core.package_identification:_identify(src/turtlebot3_simulations/turtlebot3_gazebo) by extensions ['ignore', 'ignore_ament_install']
[0.160s] Level 1:colcon.colcon_core.package_identification:_identify(src/turtlebot3_simulations/turtlebot3_gazebo) by extension 'ignore'
[0.160s] Level 1:colcon.colcon_core.package_identification:_identify(src/turtlebot3_simulations/turtlebot3_gazebo) by extension 'ignore_ament_install'
[0.160s] Level 1:colcon.colcon_core.package_identification:_identify(src/turtlebot3_simulations/turtlebot3_gazebo) by extensions ['colcon_pkg']
[0.160s] Level 1:colcon.colcon_core.package_identification:_identify(src/turtlebot3_simulations/turtlebot3_gazebo) by extension 'colcon_pkg'
[0.160s] Level 1:colcon.colcon_core.package_identification:_identify(src/turtlebot3_simulations/turtlebot3_gazebo) by extensions ['colcon_meta']
[0.160s] Level 1:colcon.colcon_core.package_identification:_identify(src/turtlebot3_simulations/turtlebot3_gazebo) by extension 'colcon_meta'
[0.160s] Level 1:colcon.colcon_core.package_identification:_identify(src/turtlebot3_simulations/turtlebot3_gazebo) by extensions ['ros']
[0.160s] Level 1:colcon.colcon_core.package_identification:_identify(src/turtlebot3_simulations/turtlebot3_gazebo) by extension 'ros'
[0.161s] DEBUG:colcon.colcon_core.package_identification:Package 'src/turtlebot3_simulations/turtlebot3_gazebo' with type 'ros.ament_cmake' and name 'turtlebot3_gazebo'
[0.161s] Level 1:colcon.colcon_core.package_identification:_identify(src/turtlebot3_simulations/turtlebot3_simulations) by extensions ['ignore', 'ignore_ament_install']
[0.161s] Level 1:colcon.colcon_core.package_identification:_identify(src/turtlebot3_simulations/turtlebot3_simulations) by extension 'ignore'
[0.161s] Level 1:colcon.colcon_core.package_identification:_identify(src/turtlebot3_simulations/turtlebot3_simulations) by extension 'ignore_ament_install'
[0.161s] Level 1:colcon.colcon_core.package_identification:_identify(src/turtlebot3_simulations/turtlebot3_simulations) by extensions ['colcon_pkg']
[0.161s] Level 1:colcon.colcon_core.package_identification:_identify(src/turtlebot3_simulations/turtlebot3_simulations) by extension 'colcon_pkg'
[0.161s] Level 1:colcon.colcon_core.package_identification:_identify(src/turtlebot3_simulations/turtlebot3_simulations) by extensions ['colcon_meta']
[0.161s] Level 1:colcon.colcon_core.package_identification:_identify(src/turtlebot3_simulations/turtlebot3_simulations) by extension 'colcon_meta'
[0.161s] Level 1:colcon.colcon_core.package_identification:_identify(src/turtlebot3_simulations/turtlebot3_simulations) by extensions ['ros']
[0.161s] Level 1:colcon.colcon_core.package_identification:_identify(src/turtlebot3_simulations/turtlebot3_simulations) by extension 'ros'
[0.161s] DEBUG:colcon.colcon_core.package_identification:Package 'src/turtlebot3_simulations/turtlebot3_simulations' with type 'ros.ament_cmake' and name 'turtlebot3_simulations'
[0.161s] Level 1:colcon.colcon_core.package_discovery:discover_packages(recursive) using defaults
[0.161s] Level 1:colcon.colcon_core.package_discovery:discover_packages(ignore) discover
[0.161s] Level 1:colcon.colcon_core.package_discovery:discover_packages(ignore) using defaults
[0.161s] Level 1:colcon.colcon_core.package_discovery:discover_packages(path) discover
[0.161s] Level 1:colcon.colcon_core.package_discovery:discover_packages(path) using defaults
[0.182s] Level 1:colcon.colcon_core.package_discovery:discover_packages(prefix_path) check parameters
[0.182s] Level 1:colcon.colcon_core.package_discovery:discover_packages(prefix_path) discover
[0.183s] DEBUG:colcon.colcon_installed_package_information.package_discovery:Found 4 installed packages in /home/andrewt/ROS2_WS/install
[0.184s] DEBUG:colcon.colcon_installed_package_information.package_discovery:Found 398 installed packages in /opt/ros/humble
[0.185s] Level 1:colcon.colcon_core.package_discovery:discover_packages(prefix_path) using defaults
[0.210s] Level 5:colcon.colcon_core.verb:set package 'lane_follower' build argument 'cmake_args' from command line to 'None'
[0.210s] Level 5:colcon.colcon_core.verb:set package 'lane_follower' build argument 'cmake_target' from command line to 'None'
[0.210s] Level 5:colcon.colcon_core.verb:set package 'lane_follower' build argument 'cmake_target_skip_unavailable' from command line to 'False'
[0.210s] Level 5:colcon.colcon_core.verb:set package 'lane_follower' build argument 'cmake_clean_cache' from command line to 'False'
[0.210s] Level 5:colcon.colcon_core.verb:set package 'lane_follower' build argument 'cmake_clean_first' from command line to 'False'
[0.210s] Level 5:colcon.colcon_core.verb:set package 'lane_follower' build argument 'cmake_force_configure' from command line to 'False'
[0.210s] Level 5:colcon.colcon_core.verb:set package 'lane_follower' build argument 'ament_cmake_args' from command line to 'None'
[0.210s] Level 5:colcon.colcon_core.verb:set package 'lane_follower' build argument 'catkin_cmake_args' from command line to 'None'
[0.210s] Level 5:colcon.colcon_core.verb:set package 'lane_follower' build argument 'catkin_skip_building_tests' from command line to 'False'
[0.210s] DEBUG:colcon.colcon_core.verb:Building package 'lane_follower' with the following arguments: {'ament_cmake_args': None, 'build_base': '/home/andrewt/ROS2_WS/build/lane_follower', 'catkin_cmake_args': None, 'catkin_skip_building_tests': False, 'cmake_args': None, 'cmake_clean_cache': False, 'cmake_clean_first': False, 'cmake_force_configure': False, 'cmake_target': None, 'cmake_target_skip_unavailable': False, 'install_base': '/home/andrewt/ROS2_WS/install/lane_follower', 'merge_install': False, 'path': '/home/andrewt/ROS2_WS/src/lane_follower', 'symlink_install': False, 'test_result_base': None}
[0.210s] Level 5:colcon.colcon_core.verb:set package 'maze_solver' build argument 'cmake_args' from command line to 'None'
[0.210s] Level 5:colcon.colcon_core.verb:set package 'maze_solver' build argument 'cmake_target' from command line to 'None'
[0.210s] Level 5:colcon.colcon_core.verb:set package 'maze_solver' build argument 'cmake_target_skip_unavailable' from command line to 'False'
[0.210s] Level 5:colcon.colcon_core.verb:set package 'maze_solver' build argument 'cmake_clean_cache' from command line to 'False'
[0.210s] Level 5:colcon.colcon_core.verb:set package 'maze_solver' build argument 'cmake_clean_first' from command line to 'False'
[0.210s] Level 5:colcon.colcon_core.verb:set package 'maze_solver' build argument 'cmake_force_configure' from command line to 'False'
[0.210s] Level 5:colcon.colcon_core.verb:set package 'maze_solver' build argument 'ament_cmake_args' from command line to 'None'
[0.210s] Level 5:colcon.colcon_core.verb:set package 'maze_solver' build argument 'catkin_cmake_args' from command line to 'None'
[0.210s] Level 5:colcon.colcon_core.verb:set package 'maze_solver' build argument 'catkin_skip_building_tests' from command line to 'False'
[0.210s] DEBUG:colcon.colcon_core.verb:Building package 'maze_solver' with the following arguments: {'ament_cmake_args': None, 'build_base': '/home/andrewt/ROS2_WS/build/maze_solver', 'catkin_cmake_args': None, 'catkin_skip_building_tests': False, 'cmake_args': None, 'cmake_clean_cache': False, 'cmake_clean_first': False, 'cmake_force_configure': False, 'cmake_target': None, 'cmake_target_skip_unavailable': False, 'install_base': '/home/andrewt/ROS2_WS/install/maze_solver', 'merge_install': False, 'path': '/home/andrewt/ROS2_WS/src/maze_solver', 'symlink_install': False, 'test_result_base': None}
[0.210s] Level 5:colcon.colcon_core.verb:set package 'turtlebot3_fake_node' build argument 'cmake_args' from command line to 'None'
[0.210s] Level 5:colcon.colcon_core.verb:set package 'turtlebot3_fake_node' build argument 'cmake_target' from command line to 'None'
[0.210s] Level 5:colcon.colcon_core.verb:set package 'turtlebot3_fake_node' build argument 'cmake_target_skip_unavailable' from command line to 'False'
[0.210s] Level 5:colcon.colcon_core.verb:set package 'turtlebot3_fake_node' build argument 'cmake_clean_cache' from command line to 'False'
[0.210s] Level 5:colcon.colcon_core.verb:set package 'turtlebot3_fake_node' build argument 'cmake_clean_first' from command line to 'False'
[0.210s] Level 5:colcon.colcon_core.verb:set package 'turtlebot3_fake_node' build argument 'cmake_force_configure' from command line to 'False'
[0.210s] Level 5:colcon.colcon_core.verb:set package 'turtlebot3_fake_node' build argument 'ament_cmake_args' from command line to 'None'
[0.210s] Level 5:colcon.colcon_core.verb:set package 'turtlebot3_fake_node' build argument 'catkin_cmake_args' from command line to 'None'
[0.210s] Level 5:colcon.colcon_core.verb:set package 'turtlebot3_fake_node' build argument 'catkin_skip_building_tests' from command line to 'False'
[0.210s] DEBUG:colcon.colcon_core.verb:Building package 'turtlebot3_fake_node' with the following arguments: {'ament_cmake_args': None, 'build_base': '/home/andrewt/ROS2_WS/build/turtlebot3_fake_node', 'catkin_cmake_args': None, 'catkin_skip_building_tests': False, 'cmake_args': None, 'cmake_clean_cache': False, 'cmake_clean_first': False, 'cmake_force_configure': False, 'cmake_target': None, 'cmake_target_skip_unavailable': False, 'install_base': '/home/andrewt/ROS2_WS/install/turtlebot3_fake_node', 'merge_install': False, 'path': '/home/andrewt/ROS2_WS/src/turtlebot3_simulations/turtlebot3_fake_node', 'symlink_install': False, 'test_result_base': None}
[0.210s] Level 5:colcon.colcon_core.verb:set package 'turtlebot3_gazebo' build argument 'cmake_args' from command line to 'None'
[0.210s] Level 5:colcon.colcon_core.verb:set package 'turtlebot3_gazebo' build argument 'cmake_target' from command line to 'None'
[0.210s] Level 5:colcon.colcon_core.verb:set package 'turtlebot3_gazebo' build argument 'cmake_target_skip_unavailable' from command line to 'False'
[0.210s] Level 5:colcon.colcon_core.verb:set package 'turtlebot3_gazebo' build argument 'cmake_clean_cache' from command line to 'False'
[0.210s] Level 5:colcon.colcon_core.verb:set package 'turtlebot3_gazebo' build argument 'cmake_clean_first' from command line to 'False'
[0.210s] Level 5:colcon.colcon_core.verb:set package 'turtlebot3_gazebo' build argument 'cmake_force_configure' from command line to 'False'
[0.210s] Level 5:colcon.colcon_core.verb:set package 'turtlebot3_gazebo' build argument 'ament_cmake_args' from command line to 'None'
[0.210s] Level 5:colcon.colcon_core.verb:set package 'turtlebot3_gazebo' build argument 'catkin_cmake_args' from command line to 'None'
[0.210s] Level 5:colcon.colcon_core.verb:set package 'turtlebot3_gazebo' build argument 'catkin_skip_building_tests' from command line to 'False'
[0.211s] DEBUG:colcon.colcon_core.verb:Building package 'turtlebot3_gazebo' with the following arguments: {'ament_cmake_args': None, 'build_base': '/home/andrewt/ROS2_WS/build/turtlebot3_gazebo', 'catkin_cmake_args': None, 'catkin_skip_building_tests': False, 'cmake_args': None, 'cmake_clean_cache': False, 'cmake_clean_first': False, 'cmake_force_configure': False, 'cmake_target': None, 'cmake_target_skip_unavailable': False, 'install_base': '/home/andrewt/ROS2_WS/install/turtlebot3_gazebo', 'merge_install': False, 'path': '/home/andrewt/ROS2_WS/src/turtlebot3_simulations/turtlebot3_gazebo', 'symlink_install': False, 'test_result_base': None}
[0.211s] Level 5:colcon.colcon_core.verb:set package 'turtlebot3_simulations' build argument 'cmake_args' from command line to 'None'
[0.211s] Level 5:colcon.colcon_core.verb:set package 'turtlebot3_simulations' build argument 'cmake_target' from command line to 'None'
[0.211s] Level 5:colcon.colcon_core.verb:set package 'turtlebot3_simulations' build argument 'cmake_target_skip_unavailable' from command line to 'False'
[0.211s] Level 5:colcon.colcon_core.verb:set package 'turtlebot3_simulations' build argument 'cmake_clean_cache' from command line to 'False'
[0.211s] Level 5:colcon.colcon_core.verb:set package 'turtlebot3_simulations' build argument 'cmake_clean_first' from command line to 'False'
[0.211s] Level 5:colcon.colcon_core.verb:set package 'turtlebot3_simulations' build argument 'cmake_force_configure' from command line to 'False'
[0.211s] Level 5:colcon.colcon_core.verb:set package 'turtlebot3_simulations' build argument 'ament_cmake_args' from command line to 'None'
[0.211s] Level 5:colcon.colcon_core.verb:set package 'turtlebot3_simulations' build argument 'catkin_cmake_args' from command line to 'None'
[0.211s] Level 5:colcon.colcon_core.verb:set package 'turtlebot3_simulations' build argument 'catkin_skip_building_tests' from command line to 'False'
[0.211s] DEBUG:colcon.colcon_core.verb:Building package 'turtlebot3_simulations' with the following arguments: {'ament_cmake_args': None, 'build_base': '/home/andrewt/ROS2_WS/build/turtlebot3_simulations', 'catkin_cmake_args': None, 'catkin_skip_building_tests': False, 'cmake_args': None, 'cmake_clean_cache': False, 'cmake_clean_first': False, 'cmake_force_configure': False, 'cmake_target': None, 'cmake_target_skip_unavailable': False, 'install_base': '/home/andrewt/ROS2_WS/install/turtlebot3_simulations', 'merge_install': False, 'path': '/home/andrewt/ROS2_WS/src/turtlebot3_simulations/turtlebot3_simulations', 'symlink_install': False, 'test_result_base': None}
[0.211s] INFO:colcon.colcon_core.executor:Executing jobs using 'parallel' executor
[0.212s] DEBUG:colcon.colcon_parallel_executor.executor.parallel:run_until_complete
[0.212s] INFO:colcon.colcon_ros.task.ament_cmake.build:Building ROS package in '/home/andrewt/ROS2_WS/src/turtlebot3_simulations/turtlebot3_fake_node' with build type 'ament_cmake'
[0.212s] INFO:colcon.colcon_cmake.task.cmake.build:Building CMake package in '/home/andrewt/ROS2_WS/src/turtlebot3_simulations/turtlebot3_fake_node'
[0.214s] INFO:colcon.colcon_core.plugin_system:Skipping extension 'colcon_core.shell.bat': Not used on non-Windows systems
[0.214s] INFO:colcon.colcon_core.shell:Skip shell extension 'powershell' for command environment: Not usable outside of PowerShell
[0.214s] DEBUG:colcon.colcon_core.shell:Skip shell extension 'dsv' for command environment
[0.217s] INFO:colcon.colcon_ros.task.ament_cmake.build:Building ROS package in '/home/andrewt/ROS2_WS/src/turtlebot3_simulations/turtlebot3_gazebo' with build type 'ament_cmake'
[0.217s] INFO:colcon.colcon_cmake.task.cmake.build:Building CMake package in '/home/andrewt/ROS2_WS/src/turtlebot3_simulations/turtlebot3_gazebo'
[0.217s] INFO:colcon.colcon_core.shell:Skip shell extension 'powershell' for command environment: Not usable outside of PowerShell
[0.217s] DEBUG:colcon.colcon_core.shell:Skip shell extension 'dsv' for command environment
[0.219s] INFO:colcon.colcon_ros.task.ament_python.build:Building ROS package in '/home/andrewt/ROS2_WS/src/lane_follower' with build type 'ament_python'
[0.219s] Level 1:colcon.colcon_core.shell:create_environment_hook('lane_follower', 'ament_prefix_path')
[0.219s] INFO:colcon.colcon_core.shell:Creating environment hook '/home/andrewt/ROS2_WS/install/lane_follower/share/lane_follower/hook/ament_prefix_path.ps1'
[0.220s] INFO:colcon.colcon_core.shell:Creating environment descriptor '/home/andrewt/ROS2_WS/install/lane_follower/share/lane_follower/hook/ament_prefix_path.dsv'
[0.220s] INFO:colcon.colcon_core.shell:Creating environment hook '/home/andrewt/ROS2_WS/install/lane_follower/share/lane_follower/hook/ament_prefix_path.sh'
[0.220s] INFO:colcon.colcon_core.shell:Skip shell extension 'powershell' for command environment: Not usable outside of PowerShell
[0.220s] DEBUG:colcon.colcon_core.shell:Skip shell extension 'dsv' for command environment
[0.222s] INFO:colcon.colcon_ros.task.ament_cmake.build:Building ROS package in '/home/andrewt/ROS2_WS/src/maze_solver' with build type 'ament_cmake'
[0.223s] INFO:colcon.colcon_cmake.task.cmake.build:Building CMake package in '/home/andrewt/ROS2_WS/src/maze_solver'
[0.223s] INFO:colcon.colcon_core.shell:Skip shell extension 'powershell' for command environment: Not usable outside of PowerShell
[0.223s] DEBUG:colcon.colcon_core.shell:Skip shell extension 'dsv' for command environment
[0.229s] DEBUG:colcon.colcon_core.event_handler.log_command:Invoking command in '/home/andrewt/ROS2_WS/build/turtlebot3_fake_node': CMAKE_PREFIX_PATH=${CMAKE_PREFIX_PATH}:/opt/ros/humble /usr/bin/cmake --build /home/andrewt/ROS2_WS/build/turtlebot3_fake_node -- -j20 -l20
[0.231s] DEBUG:colcon.colcon_core.event_handler.log_command:Invoking command in '/home/andrewt/ROS2_WS/build/turtlebot3_gazebo': CMAKE_PREFIX_PATH=${CMAKE_PREFIX_PATH}:/opt/ros/humble /usr/bin/cmake --build /home/andrewt/ROS2_WS/build/turtlebot3_gazebo -- -j20 -l20
[0.389s] INFO:colcon.colcon_core.task.python.build:Building Python package in '/home/andrewt/ROS2_WS/src/lane_follower'
[0.390s] INFO:colcon.colcon_core.shell:Skip shell extension 'powershell' for command environment: Not usable outside of PowerShell
[0.390s] DEBUG:colcon.colcon_core.shell:Skip shell extension 'dsv' for command environment
[0.396s] DEBUG:colcon.colcon_core.event_handler.log_command:Invoking command in '/home/andrewt/ROS2_WS/build/maze_solver': CMAKE_PREFIX_PATH=${CMAKE_PREFIX_PATH}:/opt/ros/humble /usr/bin/cmake --build /home/andrewt/ROS2_WS/build/maze_solver -- -j20 -l20
[0.398s] DEBUG:colcon.colcon_core.event_handler.log_command:Invoked command in '/home/andrewt/ROS2_WS/build/turtlebot3_fake_node' returned '0': CMAKE_PREFIX_PATH=${CMAKE_PREFIX_PATH}:/opt/ros/humble /usr/bin/cmake --build /home/andrewt/ROS2_WS/build/turtlebot3_fake_node -- -j20 -l20
[0.405s] DEBUG:colcon.colcon_core.event_handler.log_command:Invoking command in '/home/andrewt/ROS2_WS/build/turtlebot3_fake_node': CMAKE_PREFIX_PATH=${CMAKE_PREFIX_PATH}:/opt/ros/humble /usr/bin/cmake --install /home/andrewt/ROS2_WS/build/turtlebot3_fake_node
[0.406s] DEBUG:colcon.colcon_core.event_handler.log_command:Invoked command in '/home/andrewt/ROS2_WS/build/turtlebot3_gazebo' returned '0': CMAKE_PREFIX_PATH=${CMAKE_PREFIX_PATH}:/opt/ros/humble /usr/bin/cmake --build /home/andrewt/ROS2_WS/build/turtlebot3_gazebo -- -j20 -l20
[0.407s] DEBUG:colcon.colcon_core.event_handler.log_command:Invoking command in '/home/andrewt/ROS2_WS/build/turtlebot3_gazebo': CMAKE_PREFIX_PATH=${CMAKE_PREFIX_PATH}:/opt/ros/humble /usr/bin/cmake --install /home/andrewt/ROS2_WS/build/turtlebot3_gazebo
[0.416s] Level 1:colcon.colcon_core.environment:create_environment_scripts_only(turtlebot3_fake_node)
[0.420s] DEBUG:colcon.colcon_core.event_handler.log_command:Invoked command in '/home/andrewt/ROS2_WS/build/turtlebot3_fake_node' returned '0': CMAKE_PREFIX_PATH=${CMAKE_PREFIX_PATH}:/opt/ros/humble /usr/bin/cmake --install /home/andrewt/ROS2_WS/build/turtlebot3_fake_node
[0.422s] Level 1:colcon.colcon_core.environment:checking '/home/andrewt/ROS2_WS/install/turtlebot3_fake_node' for CMake module files
[0.422s] Level 1:colcon.colcon_core.environment:checking '/home/andrewt/ROS2_WS/install/turtlebot3_fake_node' for CMake config files
[0.422s] Level 1:colcon.colcon_core.shell:create_environment_hook('turtlebot3_fake_node', 'cmake_prefix_path')
[0.423s] INFO:colcon.colcon_core.shell:Creating environment hook '/home/andrewt/ROS2_WS/install/turtlebot3_fake_node/share/turtlebot3_fake_node/hook/cmake_prefix_path.ps1'
[0.423s] INFO:colcon.colcon_core.shell:Creating environment descriptor '/home/andrewt/ROS2_WS/install/turtlebot3_fake_node/share/turtlebot3_fake_node/hook/cmake_prefix_path.dsv'
[0.423s] INFO:colcon.colcon_core.shell:Creating environment hook '/home/andrewt/ROS2_WS/install/turtlebot3_fake_node/share/turtlebot3_fake_node/hook/cmake_prefix_path.sh'
[0.423s] Level 1:colcon.colcon_core.environment:checking '/home/andrewt/ROS2_WS/install/turtlebot3_fake_node/lib'
[0.424s] Level 1:colcon.colcon_core.environment:checking '/home/andrewt/ROS2_WS/install/turtlebot3_fake_node/bin'
[0.424s] Level 1:colcon.colcon_core.environment:checking '/home/andrewt/ROS2_WS/install/turtlebot3_fake_node/lib/pkgconfig/turtlebot3_fake_node.pc'
[0.424s] Level 1:colcon.colcon_core.environment:checking '/home/andrewt/ROS2_WS/install/turtlebot3_fake_node/lib/python3.10/site-packages'
[0.424s] Level 1:colcon.colcon_core.environment:checking '/home/andrewt/ROS2_WS/install/turtlebot3_fake_node/bin'
[0.424s] INFO:colcon.colcon_core.shell:Creating package script '/home/andrewt/ROS2_WS/install/turtlebot3_fake_node/share/turtlebot3_fake_node/package.ps1'
[0.425s] INFO:colcon.colcon_core.shell:Creating package descriptor '/home/andrewt/ROS2_WS/install/turtlebot3_fake_node/share/turtlebot3_fake_node/package.dsv'
[0.425s] INFO:colcon.colcon_core.shell:Creating package script '/home/andrewt/ROS2_WS/install/turtlebot3_fake_node/share/turtlebot3_fake_node/package.sh'
[0.426s] INFO:colcon.colcon_core.shell:Creating package script '/home/andrewt/ROS2_WS/install/turtlebot3_fake_node/share/turtlebot3_fake_node/package.bash'
[0.426s] INFO:colcon.colcon_core.shell:Creating package script '/home/andrewt/ROS2_WS/install/turtlebot3_fake_node/share/turtlebot3_fake_node/package.zsh'
[0.426s] Level 1:colcon.colcon_core.environment:create_file_with_runtime_dependencies(/home/andrewt/ROS2_WS/install/turtlebot3_fake_node/share/colcon-core/packages/turtlebot3_fake_node)
[0.427s] Level 1:colcon.colcon_core.environment:create_environment_scripts_only(turtlebot3_fake_node)
[0.427s] Level 1:colcon.colcon_core.environment:checking '/home/andrewt/ROS2_WS/install/turtlebot3_fake_node' for CMake module files
[0.427s] Level 1:colcon.colcon_core.environment:checking '/home/andrewt/ROS2_WS/install/turtlebot3_fake_node' for CMake config files
[0.427s] Level 1:colcon.colcon_core.shell:create_environment_hook('turtlebot3_fake_node', 'cmake_prefix_path')
[0.427s] INFO:colcon.colcon_core.shell:Creating environment hook '/home/andrewt/ROS2_WS/install/turtlebot3_fake_node/share/turtlebot3_fake_node/hook/cmake_prefix_path.ps1'
[0.428s] INFO:colcon.colcon_core.shell:Creating environment descriptor '/home/andrewt/ROS2_WS/install/turtlebot3_fake_node/share/turtlebot3_fake_node/hook/cmake_prefix_path.dsv'
[0.428s] INFO:colcon.colcon_core.shell:Creating environment hook '/home/andrewt/ROS2_WS/install/turtlebot3_fake_node/share/turtlebot3_fake_node/hook/cmake_prefix_path.sh'
[0.428s] Level 1:colcon.colcon_core.environment:checking '/home/andrewt/ROS2_WS/install/turtlebot3_fake_node/lib'
[0.428s] Level 1:colcon.colcon_core.environment:checking '/home/andrewt/ROS2_WS/install/turtlebot3_fake_node/bin'
[0.428s] Level 1:colcon.colcon_core.environment:checking '/home/andrewt/ROS2_WS/install/turtlebot3_fake_node/lib/pkgconfig/turtlebot3_fake_node.pc'
[0.428s] Level 1:colcon.colcon_core.environment:checking '/home/andrewt/ROS2_WS/install/turtlebot3_fake_node/lib/python3.10/site-packages'
[0.429s] Level 1:colcon.colcon_core.environment:checking '/home/andrewt/ROS2_WS/install/turtlebot3_fake_node/bin'
[0.429s] INFO:colcon.colcon_core.shell:Creating package script '/home/andrewt/ROS2_WS/install/turtlebot3_fake_node/share/turtlebot3_fake_node/package.ps1'
[0.429s] INFO:colcon.colcon_core.shell:Creating package descriptor '/home/andrewt/ROS2_WS/install/turtlebot3_fake_node/share/turtlebot3_fake_node/package.dsv'
[0.429s] INFO:colcon.colcon_core.shell:Creating package script '/home/andrewt/ROS2_WS/install/turtlebot3_fake_node/share/turtlebot3_fake_node/package.sh'
[0.430s] INFO:colcon.colcon_core.shell:Creating package script '/home/andrewt/ROS2_WS/install/turtlebot3_fake_node/share/turtlebot3_fake_node/package.bash'
[0.430s] INFO:colcon.colcon_core.shell:Creating package script '/home/andrewt/ROS2_WS/install/turtlebot3_fake_node/share/turtlebot3_fake_node/package.zsh'
[0.430s] Level 1:colcon.colcon_core.environment:create_file_with_runtime_dependencies(/home/andrewt/ROS2_WS/install/turtlebot3_fake_node/share/colcon-core/packages/turtlebot3_fake_node)
[0.430s] Level 1:colcon.colcon_core.environment:create_environment_scripts_only(turtlebot3_gazebo)
[0.431s] Level 1:colcon.colcon_core.environment:checking '/home/andrewt/ROS2_WS/install/turtlebot3_gazebo' for CMake module files
[0.431s] Level 1:colcon.colcon_core.environment:checking '/home/andrewt/ROS2_WS/install/turtlebot3_gazebo' for CMake config files
[0.431s] DEBUG:colcon.colcon_core.event_handler.log_command:Invoked command in '/home/andrewt/ROS2_WS/build/turtlebot3_gazebo' returned '0': CMAKE_PREFIX_PATH=${CMAKE_PREFIX_PATH}:/opt/ros/humble /usr/bin/cmake --install /home/andrewt/ROS2_WS/build/turtlebot3_gazebo
[0.432s] Level 1:colcon.colcon_core.shell:create_environment_hook('turtlebot3_gazebo', 'cmake_prefix_path')
[0.432s] INFO:colcon.colcon_core.shell:Creating environment hook '/home/andrewt/ROS2_WS/install/turtlebot3_gazebo/share/turtlebot3_gazebo/hook/cmake_prefix_path.ps1'
[0.432s] INFO:colcon.colcon_core.shell:Creating environment descriptor '/home/andrewt/ROS2_WS/install/turtlebot3_gazebo/share/turtlebot3_gazebo/hook/cmake_prefix_path.dsv'
[0.432s] INFO:colcon.colcon_core.shell:Creating environment hook '/home/andrewt/ROS2_WS/install/turtlebot3_gazebo/share/turtlebot3_gazebo/hook/cmake_prefix_path.sh'
[0.433s] Level 1:colcon.colcon_core.environment:checking '/home/andrewt/ROS2_WS/install/turtlebot3_gazebo/lib'
[0.433s] Level 1:colcon.colcon_core.environment:checking '/home/andrewt/ROS2_WS/install/turtlebot3_gazebo/bin'
[0.433s] Level 1:colcon.colcon_core.environment:checking '/home/andrewt/ROS2_WS/install/turtlebot3_gazebo/lib/pkgconfig/turtlebot3_gazebo.pc'
[0.433s] Level 1:colcon.colcon_core.environment:checking '/home/andrewt/ROS2_WS/install/turtlebot3_gazebo/lib/python3.10/site-packages'
[0.433s] Level 1:colcon.colcon_core.environment:checking '/home/andrewt/ROS2_WS/install/turtlebot3_gazebo/bin'
[0.433s] INFO:colcon.colcon_core.shell:Creating package script '/home/andrewt/ROS2_WS/install/turtlebot3_gazebo/share/turtlebot3_gazebo/package.ps1'
[0.434s] INFO:colcon.colcon_core.shell:Creating package descriptor '/home/andrewt/ROS2_WS/install/turtlebot3_gazebo/share/turtlebot3_gazebo/package.dsv'
[0.434s] INFO:colcon.colcon_core.shell:Creating package script '/home/andrewt/ROS2_WS/install/turtlebot3_gazebo/share/turtlebot3_gazebo/package.sh'
[0.434s] INFO:colcon.colcon_core.shell:Creating package script '/home/andrewt/ROS2_WS/install/turtlebot3_gazebo/share/turtlebot3_gazebo/package.bash'
[0.434s] INFO:colcon.colcon_core.shell:Creating package script '/home/andrewt/ROS2_WS/install/turtlebot3_gazebo/share/turtlebot3_gazebo/package.zsh'
[0.434s] Level 1:colcon.colcon_core.environment:create_file_with_runtime_dependencies(/home/andrewt/ROS2_WS/install/turtlebot3_gazebo/share/colcon-core/packages/turtlebot3_gazebo)
[0.435s] Level 1:colcon.colcon_core.environment:create_environment_scripts_only(turtlebot3_gazebo)
[0.435s] Level 1:colcon.colcon_core.environment:checking '/home/andrewt/ROS2_WS/install/turtlebot3_gazebo' for CMake module files
[0.435s] Level 1:colcon.colcon_core.environment:checking '/home/andrewt/ROS2_WS/install/turtlebot3_gazebo' for CMake config files
[0.435s] Level 1:colcon.colcon_core.shell:create_environment_hook('turtlebot3_gazebo', 'cmake_prefix_path')
[0.435s] INFO:colcon.colcon_core.shell:Creating environment hook '/home/andrewt/ROS2_WS/install/turtlebot3_gazebo/share/turtlebot3_gazebo/hook/cmake_prefix_path.ps1'
[0.436s] INFO:colcon.colcon_core.shell:Creating environment descriptor '/home/andrewt/ROS2_WS/install/turtlebot3_gazebo/share/turtlebot3_gazebo/hook/cmake_prefix_path.dsv'
[0.436s] INFO:colcon.colcon_core.shell:Creating environment hook '/home/andrewt/ROS2_WS/install/turtlebot3_gazebo/share/turtlebot3_gazebo/hook/cmake_prefix_path.sh'
[0.436s] Level 1:colcon.colcon_core.environment:checking '/home/andrewt/ROS2_WS/install/turtlebot3_gazebo/lib'
[0.436s] Level 1:colcon.colcon_core.environment:checking '/home/andrewt/ROS2_WS/install/turtlebot3_gazebo/bin'
[0.436s] Level 1:colcon.colcon_core.environment:checking '/home/andrewt/ROS2_WS/install/turtlebot3_gazebo/lib/pkgconfig/turtlebot3_gazebo.pc'
[0.436s] Level 1:colcon.colcon_core.environment:checking '/home/andrewt/ROS2_WS/install/turtlebot3_gazebo/lib/python3.10/site-packages'
[0.436s] Level 1:colcon.colcon_core.environment:checking '/home/andrewt/ROS2_WS/install/turtlebot3_gazebo/bin'
[0.436s] INFO:colcon.colcon_core.shell:Creating package script '/home/andrewt/ROS2_WS/install/turtlebot3_gazebo/share/turtlebot3_gazebo/package.ps1'
[0.437s] INFO:colcon.colcon_core.shell:Creating package descriptor '/home/andrewt/ROS2_WS/install/turtlebot3_gazebo/share/turtlebot3_gazebo/package.dsv'
[0.437s] INFO:colcon.colcon_core.shell:Creating package script '/home/andrewt/ROS2_WS/install/turtlebot3_gazebo/share/turtlebot3_gazebo/package.sh'
[0.437s] INFO:colcon.colcon_core.shell:Creating package script '/home/andrewt/ROS2_WS/install/turtlebot3_gazebo/share/turtlebot3_gazebo/package.bash'
[0.437s] INFO:colcon.colcon_core.shell:Creating package script '/home/andrewt/ROS2_WS/install/turtlebot3_gazebo/share/turtlebot3_gazebo/package.zsh'
[0.438s] Level 1:colcon.colcon_core.environment:create_file_with_runtime_dependencies(/home/andrewt/ROS2_WS/install/turtlebot3_gazebo/share/colcon-core/packages/turtlebot3_gazebo)
[0.438s] INFO:colcon.colcon_ros.task.ament_cmake.build:Building ROS package in '/home/andrewt/ROS2_WS/src/turtlebot3_simulations/turtlebot3_simulations' with build type 'ament_cmake'
[0.439s] INFO:colcon.colcon_cmake.task.cmake.build:Building CMake package in '/home/andrewt/ROS2_WS/src/turtlebot3_simulations/turtlebot3_simulations'
[0.439s] INFO:colcon.colcon_core.shell:Skip shell extension 'powershell' for command environment: Not usable outside of PowerShell
[0.439s] DEBUG:colcon.colcon_core.shell:Skip shell extension 'dsv' for command environment
[0.442s] DEBUG:colcon.colcon_core.event_handler.log_command:Invoked command in '/home/andrewt/ROS2_WS/build/maze_solver' returned '0': CMAKE_PREFIX_PATH=${CMAKE_PREFIX_PATH}:/opt/ros/humble /usr/bin/cmake --build /home/andrewt/ROS2_WS/build/maze_solver -- -j20 -l20
[0.442s] DEBUG:colcon.colcon_core.event_handler.log_command:Invoking command in '/home/andrewt/ROS2_WS/build/maze_solver': CMAKE_PREFIX_PATH=${CMAKE_PREFIX_PATH}:/opt/ros/humble /usr/bin/cmake --install /home/andrewt/ROS2_WS/build/maze_solver
[0.446s] DEBUG:colcon.colcon_core.event_handler.log_command:Invoking command in '/home/andrewt/ROS2_WS/build/turtlebot3_simulations': CMAKE_PREFIX_PATH=/home/andrewt/ROS2_WS/install/turtlebot3_gazebo:/home/andrewt/ROS2_WS/install/turtlebot3_fake_node:/home/andrewt/ROS2_WS/install/turtlebot3_simulations:/home/andrewt/ROS2_WS/install/maze_solver:/opt/ros/humble /usr/bin/cmake --build /home/andrewt/ROS2_WS/build/turtlebot3_simulations -- -j20 -l20
[0.451s] Level 1:colcon.colcon_core.environment:create_environment_scripts_only(maze_solver)
[0.451s] DEBUG:colcon.colcon_core.event_handler.log_command:Invoked command in '/home/andrewt/ROS2_WS/build/maze_solver' returned '0': CMAKE_PREFIX_PATH=${CMAKE_PREFIX_PATH}:/opt/ros/humble /usr/bin/cmake --install /home/andrewt/ROS2_WS/build/maze_solver
[0.452s] Level 1:colcon.colcon_core.environment:checking '/home/andrewt/ROS2_WS/install/maze_solver' for CMake module files
[0.452s] Level 1:colcon.colcon_core.environment:checking '/home/andrewt/ROS2_WS/install/maze_solver' for CMake config files
[0.452s] Level 1:colcon.colcon_core.shell:create_environment_hook('maze_solver', 'cmake_prefix_path')
[0.452s] INFO:colcon.colcon_core.shell:Creating environment hook '/home/andrewt/ROS2_WS/install/maze_solver/share/maze_solver/hook/cmake_prefix_path.ps1'
[0.452s] INFO:colcon.colcon_core.shell:Creating environment descriptor '/home/andrewt/ROS2_WS/install/maze_solver/share/maze_solver/hook/cmake_prefix_path.dsv'
[0.453s] INFO:colcon.colcon_core.shell:Creating environment hook '/home/andrewt/ROS2_WS/install/maze_solver/share/maze_solver/hook/cmake_prefix_path.sh'
[0.453s] Level 1:colcon.colcon_core.environment:checking '/home/andrewt/ROS2_WS/install/maze_solver/bin'
[0.453s] Level 1:colcon.colcon_core.environment:checking '/home/andrewt/ROS2_WS/install/maze_solver/lib/pkgconfig/maze_solver.pc'
[0.453s] Level 1:colcon.colcon_core.environment:checking '/home/andrewt/ROS2_WS/install/maze_solver/lib/python3.10/site-packages'
[0.453s] Level 1:colcon.colcon_core.environment:checking '/home/andrewt/ROS2_WS/install/maze_solver/bin'
[0.453s] INFO:colcon.colcon_core.shell:Creating package script '/home/andrewt/ROS2_WS/install/maze_solver/share/maze_solver/package.ps1'
[0.454s] INFO:colcon.colcon_core.shell:Creating package descriptor '/home/andrewt/ROS2_WS/install/maze_solver/share/maze_solver/package.dsv'
[0.454s] INFO:colcon.colcon_core.shell:Creating package script '/home/andrewt/ROS2_WS/install/maze_solver/share/maze_solver/package.sh'
[0.454s] INFO:colcon.colcon_core.shell:Creating package script '/home/andrewt/ROS2_WS/install/maze_solver/share/maze_solver/package.bash'
[0.454s] INFO:colcon.colcon_core.shell:Creating package script '/home/andrewt/ROS2_WS/install/maze_solver/share/maze_solver/package.zsh'
[0.454s] Level 1:colcon.colcon_core.environment:create_file_with_runtime_dependencies(/home/andrewt/ROS2_WS/install/maze_solver/share/colcon-core/packages/maze_solver)
[0.455s] Level 1:colcon.colcon_core.environment:create_environment_scripts_only(maze_solver)
[0.455s] Level 1:colcon.colcon_core.environment:checking '/home/andrewt/ROS2_WS/install/maze_solver' for CMake module files
[0.455s] Level 1:colcon.colcon_core.environment:checking '/home/andrewt/ROS2_WS/install/maze_solver' for CMake config files
[0.455s] Level 1:colcon.colcon_core.shell:create_environment_hook('maze_solver', 'cmake_prefix_path')
[0.455s] INFO:colcon.colcon_core.shell:Creating environment hook '/home/andrewt/ROS2_WS/install/maze_solver/share/maze_solver/hook/cmake_prefix_path.ps1'
[0.456s] INFO:colcon.colcon_core.shell:Creating environment descriptor '/home/andrewt/ROS2_WS/install/maze_solver/share/maze_solver/hook/cmake_prefix_path.dsv'
[0.457s] INFO:colcon.colcon_core.shell:Creating environment hook '/home/andrewt/ROS2_WS/install/maze_solver/share/maze_solver/hook/cmake_prefix_path.sh'
[0.457s] Level 1:colcon.colcon_core.environment:checking '/home/andrewt/ROS2_WS/install/maze_solver/bin'
[0.457s] Level 1:colcon.colcon_core.environment:checking '/home/andrewt/ROS2_WS/install/maze_solver/lib/pkgconfig/maze_solver.pc'
[0.458s] Level 1:colcon.colcon_core.environment:checking '/home/andrewt/ROS2_WS/install/maze_solver/lib/python3.10/site-packages'
[0.458s] Level 1:colcon.colcon_core.environment:checking '/home/andrewt/ROS2_WS/install/maze_solver/bin'
[0.458s] INFO:colcon.colcon_core.shell:Creating package script '/home/andrewt/ROS2_WS/install/maze_solver/share/maze_solver/package.ps1'
[0.458s] INFO:colcon.colcon_core.shell:Creating package descriptor '/home/andrewt/ROS2_WS/install/maze_solver/share/maze_solver/package.dsv'
[0.458s] INFO:colcon.colcon_core.shell:Creating package script '/home/andrewt/ROS2_WS/install/maze_solver/share/maze_solver/package.sh'
[0.459s] INFO:colcon.colcon_core.shell:Creating package script '/home/andrewt/ROS2_WS/install/maze_solver/share/maze_solver/package.bash'
[0.459s] INFO:colcon.colcon_core.shell:Creating package script '/home/andrewt/ROS2_WS/install/maze_solver/share/maze_solver/package.zsh'
[0.459s] Level 1:colcon.colcon_core.environment:create_file_with_runtime_dependencies(/home/andrewt/ROS2_WS/install/maze_solver/share/colcon-core/packages/maze_solver)
[0.479s] DEBUG:colcon.colcon_core.event_handler.log_command:Invoked command in '/home/andrewt/ROS2_WS/build/turtlebot3_simulations' returned '0': CMAKE_PREFIX_PATH=/home/andrewt/ROS2_WS/install/turtlebot3_gazebo:/home/andrewt/ROS2_WS/install/turtlebot3_fake_node:/home/andrewt/ROS2_WS/install/turtlebot3_simulations:/home/andrewt/ROS2_WS/install/maze_solver:/opt/ros/humble /usr/bin/cmake --build /home/andrewt/ROS2_WS/build/turtlebot3_simulations -- -j20 -l20
[0.481s] DEBUG:colcon.colcon_core.event_handler.log_command:Invoking command in '/home/andrewt/ROS2_WS/build/turtlebot3_simulations': CMAKE_PREFIX_PATH=/home/andrewt/ROS2_WS/install/turtlebot3_gazebo:/home/andrewt/ROS2_WS/install/turtlebot3_fake_node:/home/andrewt/ROS2_WS/install/turtlebot3_simulations:/home/andrewt/ROS2_WS/install/maze_solver:/opt/ros/humble /usr/bin/cmake --install /home/andrewt/ROS2_WS/build/turtlebot3_simulations
[0.488s] Level 1:colcon.colcon_core.environment:create_environment_scripts_only(turtlebot3_simulations)
[0.488s] Level 1:colcon.colcon_core.environment:checking '/home/andrewt/ROS2_WS/install/turtlebot3_simulations' for CMake module files
[0.488s] DEBUG:colcon.colcon_core.event_handler.log_command:Invoked command in '/home/andrewt/ROS2_WS/build/turtlebot3_simulations' returned '0': CMAKE_PREFIX_PATH=/home/andrewt/ROS2_WS/install/turtlebot3_gazebo:/home/andrewt/ROS2_WS/install/turtlebot3_fake_node:/home/andrewt/ROS2_WS/install/turtlebot3_simulations:/home/andrewt/ROS2_WS/install/maze_solver:/opt/ros/humble /usr/bin/cmake --install /home/andrewt/ROS2_WS/build/turtlebot3_simulations
[0.488s] Level 1:colcon.colcon_core.environment:checking '/home/andrewt/ROS2_WS/install/turtlebot3_simulations' for CMake config files
[0.488s] Level 1:colcon.colcon_core.shell:create_environment_hook('turtlebot3_simulations', 'cmake_prefix_path')
[0.489s] INFO:colcon.colcon_core.shell:Creating environment hook '/home/andrewt/ROS2_WS/install/turtlebot3_simulations/share/turtlebot3_simulations/hook/cmake_prefix_path.ps1'
[0.489s] INFO:colcon.colcon_core.shell:Creating environment descriptor '/home/andrewt/ROS2_WS/install/turtlebot3_simulations/share/turtlebot3_simulations/hook/cmake_prefix_path.dsv'
[0.489s] INFO:colcon.colcon_core.shell:Creating environment hook '/home/andrewt/ROS2_WS/install/turtlebot3_simulations/share/turtlebot3_simulations/hook/cmake_prefix_path.sh'
[0.489s] Level 1:colcon.colcon_core.environment:checking '/home/andrewt/ROS2_WS/install/turtlebot3_simulations/bin'
[0.489s] Level 1:colcon.colcon_core.environment:checking '/home/andrewt/ROS2_WS/install/turtlebot3_simulations/lib/pkgconfig/turtlebot3_simulations.pc'
[0.490s] Level 1:colcon.colcon_core.environment:checking '/home/andrewt/ROS2_WS/install/turtlebot3_simulations/lib/python3.10/site-packages'
[0.490s] Level 1:colcon.colcon_core.environment:checking '/home/andrewt/ROS2_WS/install/turtlebot3_simulations/bin'
[0.490s] INFO:colcon.colcon_core.shell:Creating package script '/home/andrewt/ROS2_WS/install/turtlebot3_simulations/share/turtlebot3_simulations/package.ps1'
[0.490s] INFO:colcon.colcon_core.shell:Creating package descriptor '/home/andrewt/ROS2_WS/install/turtlebot3_simulations/share/turtlebot3_simulations/package.dsv'
[0.490s] INFO:colcon.colcon_core.shell:Creating package script '/home/andrewt/ROS2_WS/install/turtlebot3_simulations/share/turtlebot3_simulations/package.sh'
[0.490s] INFO:colcon.colcon_core.shell:Creating package script '/home/andrewt/ROS2_WS/install/turtlebot3_simulations/share/turtlebot3_simulations/package.bash'
[0.491s] INFO:colcon.colcon_core.shell:Creating package script '/home/andrewt/ROS2_WS/install/turtlebot3_simulations/share/turtlebot3_simulations/package.zsh'
[0.491s] Level 1:colcon.colcon_core.environment:create_file_with_runtime_dependencies(/home/andrewt/ROS2_WS/install/turtlebot3_simulations/share/colcon-core/packages/turtlebot3_simulations)
[0.491s] Level 1:colcon.colcon_core.environment:create_environment_scripts_only(turtlebot3_simulations)
[0.491s] Level 1:colcon.colcon_core.environment:checking '/home/andrewt/ROS2_WS/install/turtlebot3_simulations' for CMake module files
[0.491s] Level 1:colcon.colcon_core.environment:checking '/home/andrewt/ROS2_WS/install/turtlebot3_simulations' for CMake config files
[0.491s] Level 1:colcon.colcon_core.shell:create_environment_hook('turtlebot3_simulations', 'cmake_prefix_path')
[0.492s] INFO:colcon.colcon_core.shell:Creating environment hook '/home/andrewt/ROS2_WS/install/turtlebot3_simulations/share/turtlebot3_simulations/hook/cmake_prefix_path.ps1'
[0.492s] INFO:colcon.colcon_core.shell:Creating environment descriptor '/home/andrewt/ROS2_WS/install/turtlebot3_simulations/share/turtlebot3_simulations/hook/cmake_prefix_path.dsv'
[0.492s] INFO:colcon.colcon_core.shell:Creating environment hook '/home/andrewt/ROS2_WS/install/turtlebot3_simulations/share/turtlebot3_simulations/hook/cmake_prefix_path.sh'
[0.492s] Level 1:colcon.colcon_core.environment:checking '/home/andrewt/ROS2_WS/install/turtlebot3_simulations/bin'
[0.492s] Level 1:colcon.colcon_core.environment:checking '/home/andrewt/ROS2_WS/install/turtlebot3_simulations/lib/pkgconfig/turtlebot3_simulations.pc'
[0.492s] Level 1:colcon.colcon_core.environment:checking '/home/andrewt/ROS2_WS/install/turtlebot3_simulations/lib/python3.10/site-packages'
[0.492s] Level 1:colcon.colcon_core.environment:checking '/home/andrewt/ROS2_WS/install/turtlebot3_simulations/bin'
[0.493s] INFO:colcon.colcon_core.shell:Creating package script '/home/andrewt/ROS2_WS/install/turtlebot3_simulations/share/turtlebot3_simulations/package.ps1'
[0.493s] INFO:colcon.colcon_core.shell:Creating package descriptor '/home/andrewt/ROS2_WS/install/turtlebot3_simulations/share/turtlebot3_simulations/package.dsv'
[0.493s] INFO:colcon.colcon_core.shell:Creating package script '/home/andrewt/ROS2_WS/install/turtlebot3_simulations/share/turtlebot3_simulations/package.sh'
[0.493s] INFO:colcon.colcon_core.shell:Creating package script '/home/andrewt/ROS2_WS/install/turtlebot3_simulations/share/turtlebot3_simulations/package.bash'
[0.494s] INFO:colcon.colcon_core.shell:Creating package script '/home/andrewt/ROS2_WS/install/turtlebot3_simulations/share/turtlebot3_simulations/package.zsh'
[0.494s] Level 1:colcon.colcon_core.environment:create_file_with_runtime_dependencies(/home/andrewt/ROS2_WS/install/turtlebot3_simulations/share/colcon-core/packages/turtlebot3_simulations)
[0.619s] DEBUG:colcon.colcon_core.event_handler.log_command:Invoking command in '/home/andrewt/ROS2_WS/src/lane_follower': PYTHONPATH=/home/andrewt/ROS2_WS/build/lane_follower/prefix_override:/usr/lib/python3/dist-packages/colcon_core/task/python/colcon_distutils_commands:/home/andrewt/ROS2_WS/install/lane_follower/lib/python3.10/site-packages:${PYTHONPATH} /usr/bin/python3 -W ignore:setup.py install is deprecated -W ignore:easy_install command is deprecated setup.py egg_info --egg-base ../../build/lane_follower build --build-base /home/andrewt/ROS2_WS/build/lane_follower/build install --record /home/andrewt/ROS2_WS/build/lane_follower/install.log --single-version-externally-managed install_data
[0.797s] Level 1:colcon.colcon_core.environment:checking '/home/andrewt/ROS2_WS/install/lane_follower' for CMake module files
[0.798s] DEBUG:colcon.colcon_core.event_handler.log_command:Invoked command in '/home/andrewt/ROS2_WS/src/lane_follower' returned '0': PYTHONPATH=/home/andrewt/ROS2_WS/build/lane_follower/prefix_override:/usr/lib/python3/dist-packages/colcon_core/task/python/colcon_distutils_commands:/home/andrewt/ROS2_WS/install/lane_follower/lib/python3.10/site-packages:${PYTHONPATH} /usr/bin/python3 -W ignore:setup.py install is deprecated -W ignore:easy_install command is deprecated setup.py egg_info --egg-base ../../build/lane_follower build --build-base /home/andrewt/ROS2_WS/build/lane_follower/build install --record /home/andrewt/ROS2_WS/build/lane_follower/install.log --single-version-externally-managed install_data
[0.798s] Level 1:colcon.colcon_core.environment:checking '/home/andrewt/ROS2_WS/install/lane_follower' for CMake config files
[0.798s] Level 1:colcon.colcon_core.environment:checking '/home/andrewt/ROS2_WS/install/lane_follower/lib'
[0.798s] Level 1:colcon.colcon_core.environment:checking '/home/andrewt/ROS2_WS/install/lane_follower/bin'
[0.798s] Level 1:colcon.colcon_core.environment:checking '/home/andrewt/ROS2_WS/install/lane_follower/lib/pkgconfig/lane_follower.pc'
[0.798s] Level 1:colcon.colcon_core.environment:checking '/home/andrewt/ROS2_WS/install/lane_follower/lib/python3.10/site-packages'
[0.798s] Level 1:colcon.colcon_core.shell:create_environment_hook('lane_follower', 'pythonpath')
[0.799s] INFO:colcon.colcon_core.shell:Creating environment hook '/home/andrewt/ROS2_WS/install/lane_follower/share/lane_follower/hook/pythonpath.ps1'
[0.799s] INFO:colcon.colcon_core.shell:Creating environment descriptor '/home/andrewt/ROS2_WS/install/lane_follower/share/lane_follower/hook/pythonpath.dsv'
[0.799s] INFO:colcon.colcon_core.shell:Creating environment hook '/home/andrewt/ROS2_WS/install/lane_follower/share/lane_follower/hook/pythonpath.sh'
[0.799s] Level 1:colcon.colcon_core.environment:checking '/home/andrewt/ROS2_WS/install/lane_follower/bin'
[0.799s] Level 1:colcon.colcon_core.environment:create_environment_scripts_only(lane_follower)
[0.800s] INFO:colcon.colcon_core.shell:Creating package script '/home/andrewt/ROS2_WS/install/lane_follower/share/lane_follower/package.ps1'
[0.800s] INFO:colcon.colcon_core.shell:Creating package descriptor '/home/andrewt/ROS2_WS/install/lane_follower/share/lane_follower/package.dsv'
[0.800s] INFO:colcon.colcon_core.shell:Creating package script '/home/andrewt/ROS2_WS/install/lane_follower/share/lane_follower/package.sh'
[0.800s] INFO:colcon.colcon_core.shell:Creating package script '/home/andrewt/ROS2_WS/install/lane_follower/share/lane_follower/package.bash'
[0.800s] INFO:colcon.colcon_core.shell:Creating package script '/home/andrewt/ROS2_WS/install/lane_follower/share/lane_follower/package.zsh'
[0.801s] Level 1:colcon.colcon_core.environment:create_file_with_runtime_dependencies(/home/andrewt/ROS2_WS/install/lane_follower/share/colcon-core/packages/lane_follower)
[0.801s] DEBUG:colcon.colcon_parallel_executor.executor.parallel:closing loop
[0.801s] DEBUG:colcon.colcon_parallel_executor.executor.parallel:loop closed
[0.801s] DEBUG:colcon.colcon_parallel_executor.executor.parallel:run_until_complete finished with '0'
[0.801s] DEBUG:colcon.colcon_core.event_reactor:joining thread
[0.804s] INFO:colcon.colcon_core.plugin_system:Skipping extension 'colcon_notification.desktop_notification.terminal_notifier': Not used on non-Darwin systems
[0.804s] INFO:colcon.colcon_core.plugin_system:Skipping extension 'colcon_notification.desktop_notification.win32': Not used on non-Windows systems
[0.804s] INFO:colcon.colcon_notification.desktop_notification:Sending desktop notification using 'notify2'
[0.815s] DEBUG:colcon.colcon_core.event_reactor:joined thread
[0.815s] INFO:colcon.colcon_core.shell:Creating prefix script '/home/andrewt/ROS2_WS/install/local_setup.ps1'
[0.816s] INFO:colcon.colcon_core.shell:Creating prefix util module '/home/andrewt/ROS2_WS/install/_local_setup_util_ps1.py'
[0.817s] INFO:colcon.colcon_core.shell:Creating prefix chain script '/home/andrewt/ROS2_WS/install/setup.ps1'
[0.817s] INFO:colcon.colcon_core.shell:Creating prefix script '/home/andrewt/ROS2_WS/install/local_setup.sh'
[0.818s] INFO:colcon.colcon_core.shell:Creating prefix util module '/home/andrewt/ROS2_WS/install/_local_setup_util_sh.py'
[0.818s] INFO:colcon.colcon_core.shell:Creating prefix chain script '/home/andrewt/ROS2_WS/install/setup.sh'
[0.819s] INFO:colcon.colcon_core.shell:Creating prefix script '/home/andrewt/ROS2_WS/install/local_setup.bash'
[0.819s] INFO:colcon.colcon_core.shell:Creating prefix chain script '/home/andrewt/ROS2_WS/install/setup.bash'
[0.819s] INFO:colcon.colcon_core.shell:Creating prefix script '/home/andrewt/ROS2_WS/install/local_setup.zsh'
[0.820s] INFO:colcon.colcon_core.shell:Creating prefix chain script '/home/andrewt/ROS2_WS/install/setup.zsh'
