[0.410s] Invoking command in '/home/andrewt/ROS2_WS/src/lane_follower': PYTHONPATH=/home/andrewt/ROS2_WS/build/lane_follower/prefix_override:/usr/lib/python3/dist-packages/colcon_core/task/python/colcon_distutils_commands:/home/andrewt/ROS2_WS/install/lane_follower/lib/python3.10/site-packages:${PYTHONPATH} /usr/bin/python3 -W ignore:setup.py install is deprecated -W ignore:easy_install command is deprecated setup.py egg_info --egg-base ../../build/lane_follower build --build-base /home/andrewt/ROS2_WS/build/lane_follower/build install --record /home/andrewt/ROS2_WS/build/lane_follower/install.log --single-version-externally-managed install_data
[0.546s] running egg_info
[0.546s] writing ../../build/lane_follower/lane_follower.egg-info/PKG-INFO
[0.546s] writing dependency_links to ../../build/lane_follower/lane_follower.egg-info/dependency_links.txt
[0.546s] writing entry points to ../../build/lane_follower/lane_follower.egg-info/entry_points.txt
[0.546s] writing requirements to ../../build/lane_follower/lane_follower.egg-info/requires.txt
[0.547s] writing top-level names to ../../build/lane_follower/lane_follower.egg-info/top_level.txt
[0.547s] reading manifest file '../../build/lane_follower/lane_follower.egg-info/SOURCES.txt'
[0.548s] writing manifest file '../../build/lane_follower/lane_follower.egg-info/SOURCES.txt'
[0.548s] running build
[0.548s] running build_py
[0.548s] running install
[0.548s] running install_lib
[0.549s] running install_data
[0.549s] running install_egg_info
[0.550s] removing '/home/andrewt/ROS2_WS/install/lane_follower/lib/python3.10/site-packages/lane_follower-0.0.0-py3.10.egg-info' (and everything under it)
[0.550s] Copying ../../build/lane_follower/lane_follower.egg-info to /home/andrewt/ROS2_WS/install/lane_follower/lib/python3.10/site-packages/lane_follower-0.0.0-py3.10.egg-info
[0.551s] running install_scripts
[0.563s] Installing lane_following_node script to /home/andrewt/ROS2_WS/install/lane_follower/lib/lane_follower
[0.563s] writing list of installed files to '/home/andrewt/ROS2_WS/build/lane_follower/install.log'
[0.581s] Invoked command in '/home/andrewt/ROS2_WS/src/lane_follower' returned '0': PYTHONPATH=/home/andrewt/ROS2_WS/build/lane_follower/prefix_override:/usr/lib/python3/dist-packages/colcon_core/task/python/colcon_distutils_commands:/home/andrewt/ROS2_WS/install/lane_follower/lib/python3.10/site-packages:${PYTHONPATH} /usr/bin/python3 -W ignore:setup.py install is deprecated -W ignore:easy_install command is deprecated setup.py egg_info --egg-base ../../build/lane_follower build --build-base /home/andrewt/ROS2_WS/build/lane_follower/build install --record /home/andrewt/ROS2_WS/build/lane_follower/install.log --single-version-externally-managed install_data
