[0.019s] Invoking command in '/home/andrewt/ROS2_WS/build/turtlebot3_fake_node': CMAKE_PREFIX_PATH=/opt/ros/humble /usr/bin/cmake /home/andrewt/ROS2_WS/src/turtlebot3_simulations/turtlebot3_fake_node -DCMAKE_INSTALL_PREFIX=/home/andrewt/ROS2_WS/install/turtlebot3_fake_node
[0.102s] -- The C compiler identification is GNU 11.4.0
[0.164s] -- The CXX compiler identification is GNU 11.4.0
[0.169s] -- Detecting C compiler ABI info
[0.217s] -- Detecting C compiler ABI info - done
[0.224s] -- Check for working C compiler: /usr/bin/cc - skipped
[0.224s] -- Detecting C compile features
[0.224s] -- Detecting C compile features - done
[0.226s] -- Detecting CXX compiler ABI info
[0.283s] -- Detecting CXX compiler ABI info - done
[0.290s] -- Check for working CXX compiler: /usr/bin/c++ - skipped
[0.290s] -- Detecting CXX compile features
[0.291s] -- Detecting CXX compile features - done
[0.293s] -- Found ament_cmake: 1.3.11 (/opt/ros/humble/share/ament_cmake/cmake)
[0.388s] -- Found Python3: /usr/bin/python3 (found version "3.10.12") found components: Interpreter 
[0.443s] -- Found geometry_msgs: 4.2.4 (/opt/ros/humble/share/geometry_msgs/cmake)
[0.480s] -- Found rosidl_generator_c: 3.1.6 (/opt/ros/humble/share/rosidl_generator_c/cmake)
[0.483s] -- Found rosidl_adapter: 3.1.6 (/opt/ros/humble/share/rosidl_adapter/cmake)
[0.489s] -- Found rosidl_generator_cpp: 3.1.6 (/opt/ros/humble/share/rosidl_generator_cpp/cmake)
[0.497s] -- Using all available rosidl_typesupport_c: rosidl_typesupport_fastrtps_c;rosidl_typesupport_introspection_c
[0.509s] -- Using all available rosidl_typesupport_cpp: rosidl_typesupport_fastrtps_cpp;rosidl_typesupport_introspection_cpp
[0.535s] -- Found nav_msgs: 4.2.4 (/opt/ros/humble/share/nav_msgs/cmake)
[0.546s] -- Found rclcpp: 16.0.11 (/opt/ros/humble/share/rclcpp/cmake)
[0.571s] -- Found rmw_implementation_cmake: 6.1.2 (/opt/ros/humble/share/rmw_implementation_cmake/cmake)
[0.572s] -- Found rmw_fastrtps_cpp: 6.2.7 (/opt/ros/humble/share/rmw_fastrtps_cpp/cmake)
[0.634s] -- Found OpenSSL: /usr/lib/x86_64-linux-gnu/libcrypto.so (found version "3.0.2")  
[0.650s] -- Found FastRTPS: /opt/ros/humble/include  
[0.680s] -- Using RMW implementation 'rmw_fastrtps_cpp' as default
[0.687s] -- Looking for pthread.h
[0.734s] -- Looking for pthread.h - found
[0.735s] -- Performing Test CMAKE_HAVE_LIBC_PTHREAD
[0.792s] -- Performing Test CMAKE_HAVE_LIBC_PTHREAD - Success
[0.793s] -- Found Threads: TRUE  
[0.819s] -- Found sensor_msgs: 4.2.4 (/opt/ros/humble/share/sensor_msgs/cmake)
[0.831s] -- Found tf2: 0.25.9 (/opt/ros/humble/share/tf2/cmake)
[0.838s] -- Found tf2_msgs: 0.25.9 (/opt/ros/humble/share/tf2_msgs/cmake)
[0.864s] -- Found turtlebot3_msgs: 2.2.3 (/opt/ros/humble/share/turtlebot3_msgs/cmake)
[0.910s] -- Configuring done
[0.916s] -- Generating done
[0.918s] -- Build files have been written to: /home/andrewt/ROS2_WS/build/turtlebot3_fake_node
[0.925s] Invoked command in '/home/andrewt/ROS2_WS/build/turtlebot3_fake_node' returned '0': CMAKE_PREFIX_PATH=/opt/ros/humble /usr/bin/cmake /home/andrewt/ROS2_WS/src/turtlebot3_simulations/turtlebot3_fake_node -DCMAKE_INSTALL_PREFIX=/home/andrewt/ROS2_WS/install/turtlebot3_fake_node
[0.925s] Invoking command in '/home/andrewt/ROS2_WS/build/turtlebot3_fake_node': CMAKE_PREFIX_PATH=/opt/ros/humble /usr/bin/cmake --build /home/andrewt/ROS2_WS/build/turtlebot3_fake_node -- -j20 -l20
[0.961s] [ 50%] [32mBuilding CXX object CMakeFiles/turtlebot3_fake_node.dir/src/turtlebot3_fake_node.cpp.o[0m
[6.909s] [100%] [32m[1mLinking CXX executable turtlebot3_fake_node[0m
[7.239s] [100%] Built target turtlebot3_fake_node
[7.249s] Invoked command in '/home/andrewt/ROS2_WS/build/turtlebot3_fake_node' returned '0': CMAKE_PREFIX_PATH=/opt/ros/humble /usr/bin/cmake --build /home/andrewt/ROS2_WS/build/turtlebot3_fake_node -- -j20 -l20
[7.251s] Invoking command in '/home/andrewt/ROS2_WS/build/turtlebot3_fake_node': CMAKE_PREFIX_PATH=/opt/ros/humble /usr/bin/cmake --install /home/andrewt/ROS2_WS/build/turtlebot3_fake_node
[7.258s] -- Install configuration: ""
[7.258s] -- Installing: /home/andrewt/ROS2_WS/install/turtlebot3_fake_node/lib/turtlebot3_fake_node/turtlebot3_fake_node
[7.260s] -- Set runtime path of "/home/andrewt/ROS2_WS/install/turtlebot3_fake_node/lib/turtlebot3_fake_node/turtlebot3_fake_node" to ""
[7.260s] -- Installing: /home/andrewt/ROS2_WS/install/turtlebot3_fake_node/share/turtlebot3_fake_node/launch
[7.260s] -- Installing: /home/andrewt/ROS2_WS/install/turtlebot3_fake_node/share/turtlebot3_fake_node/launch/turtlebot3_fake_node.launch.py
[7.260s] -- Installing: /home/andrewt/ROS2_WS/install/turtlebot3_fake_node/share/turtlebot3_fake_node/launch/rviz2.launch.py
[7.260s] -- Installing: /home/andrewt/ROS2_WS/install/turtlebot3_fake_node/share/turtlebot3_fake_node/param
[7.260s] -- Installing: /home/andrewt/ROS2_WS/install/turtlebot3_fake_node/share/turtlebot3_fake_node/param/burger.yaml
[7.261s] -- Installing: /home/andrewt/ROS2_WS/install/turtlebot3_fake_node/share/turtlebot3_fake_node/param/waffle.yaml
[7.261s] -- Installing: /home/andrewt/ROS2_WS/install/turtlebot3_fake_node/share/turtlebot3_fake_node/param/waffle_pi.yaml
[7.261s] -- Installing: /home/andrewt/ROS2_WS/install/turtlebot3_fake_node/include/
[7.261s] -- Installing: /home/andrewt/ROS2_WS/install/turtlebot3_fake_node/include//turtlebot3_fake_node
[7.261s] -- Installing: /home/andrewt/ROS2_WS/install/turtlebot3_fake_node/include//turtlebot3_fake_node/turtlebot3_fake_node.hpp
[7.261s] -- Installing: /home/andrewt/ROS2_WS/install/turtlebot3_fake_node/share/ament_index/resource_index/package_run_dependencies/turtlebot3_fake_node
[7.261s] -- Installing: /home/andrewt/ROS2_WS/install/turtlebot3_fake_node/share/ament_index/resource_index/parent_prefix_path/turtlebot3_fake_node
[7.261s] -- Installing: /home/andrewt/ROS2_WS/install/turtlebot3_fake_node/share/turtlebot3_fake_node/environment/ament_prefix_path.sh
[7.262s] -- Installing: /home/andrewt/ROS2_WS/install/turtlebot3_fake_node/share/turtlebot3_fake_node/environment/ament_prefix_path.dsv
[7.262s] -- Installing: /home/andrewt/ROS2_WS/install/turtlebot3_fake_node/share/turtlebot3_fake_node/environment/path.sh
[7.262s] -- Installing: /home/andrewt/ROS2_WS/install/turtlebot3_fake_node/share/turtlebot3_fake_node/environment/path.dsv
[7.262s] -- Installing: /home/andrewt/ROS2_WS/install/turtlebot3_fake_node/share/turtlebot3_fake_node/local_setup.bash
[7.262s] -- Installing: /home/andrewt/ROS2_WS/install/turtlebot3_fake_node/share/turtlebot3_fake_node/local_setup.sh
[7.262s] -- Installing: /home/andrewt/ROS2_WS/install/turtlebot3_fake_node/share/turtlebot3_fake_node/local_setup.zsh
[7.262s] -- Installing: /home/andrewt/ROS2_WS/install/turtlebot3_fake_node/share/turtlebot3_fake_node/local_setup.dsv
[7.262s] -- Installing: /home/andrewt/ROS2_WS/install/turtlebot3_fake_node/share/turtlebot3_fake_node/package.dsv
[7.262s] -- Installing: /home/andrewt/ROS2_WS/install/turtlebot3_fake_node/share/ament_index/resource_index/packages/turtlebot3_fake_node
[7.263s] -- Installing: /home/andrewt/ROS2_WS/install/turtlebot3_fake_node/share/turtlebot3_fake_node/cmake/ament_cmake_export_include_directories-extras.cmake
[7.263s] -- Installing: /home/andrewt/ROS2_WS/install/turtlebot3_fake_node/share/turtlebot3_fake_node/cmake/ament_cmake_export_dependencies-extras.cmake
[7.263s] -- Installing: /home/andrewt/ROS2_WS/install/turtlebot3_fake_node/share/turtlebot3_fake_node/cmake/turtlebot3_fake_nodeConfig.cmake
[7.263s] -- Installing: /home/andrewt/ROS2_WS/install/turtlebot3_fake_node/share/turtlebot3_fake_node/cmake/turtlebot3_fake_nodeConfig-version.cmake
[7.263s] -- Installing: /home/andrewt/ROS2_WS/install/turtlebot3_fake_node/share/turtlebot3_fake_node/package.xml
[7.266s] Invoked command in '/home/andrewt/ROS2_WS/build/turtlebot3_fake_node' returned '0': CMAKE_PREFIX_PATH=/opt/ros/humble /usr/bin/cmake --install /home/andrewt/ROS2_WS/build/turtlebot3_fake_node
